[2018-01-16 09:44:18,904] - logger.py] - INFO: ------pass!---------
[2018-01-16 09:44:26,193] - logger.py] - INFO: ------æ‰“å°å‡ºtokenå€¼!---------
[2018-01-16 09:45:43,844] - logger.py] - INFO: ------æ‰“å°å‡ºtokenå€¼!---------
[2018-01-16 09:47:38,950] - logger.py] - INFO: ------æ‰“å°å‡ºtokenå€¼!---------
[2018-01-16 14:15:56,756] - logger.py] - INFO: ------pass!---------
[2018-01-16 14:17:53,941] - logger.py] - INFO: ------pass!---------
[2018-01-16 14:18:02,855] - logger.py] - INFO: ------pass!---------
[2018-01-16 14:18:24,437] - logger.py] - INFO: ------æ‰“å°å‡ºtokenå€¼!---------
[2018-01-16 14:22:29,927] - logger.py] - INFO: ------æ‰“å°å‡ºtokenå€¼!---------
[2018-01-16 14:22:29,934] - logger.py] - INFO: ´òÓ¡dataµÄÖµ£ºlq00wF8eW9gxMTCv8Hak
[2018-01-16 14:23:46,313] - logger.py] - INFO: ´òÓ¡r1.jsonµÄÖµ£º{u'resultData': None, u'resultCode': 1, u'resultCtrl': {u'dialogTitle': None, u'dialogContent': None, u'type': u'toast', u'dialogBtnList': None, u'toastValue': u'\u77ed\u4fe1\u9a8c\u8bc1\u7801\u9519\u8bef,\u8bf7\u91cd\u65b0\u83b7\u53d6'}}
[2018-01-16 14:24:01,075] - logger.py] - INFO: ´òÓ¡r1.jsonµÄÖµ£º{u'resultData': None, u'resultCode': 1, u'resultCtrl': {u'dialogTitle': None, u'dialogContent': None, u'type': u'toast', u'dialogBtnList': None, u'toastValue': u'\u77ed\u4fe1\u9a8c\u8bc1\u7801\u9519\u8bef,\u8bf7\u91cd\u65b0\u83b7\u53d6'}}
[2018-01-16 14:24:28,420] - logger.py] - INFO: ------pass!---------
[2018-01-16 14:24:40,743] - logger.py] - INFO: ´òÓ¡r1.jsonµÄÖµ£º{u'resultData': {u'token': u'MHKbJmvqwgv3OnWnhNKS'}, u'resultCode': 0, u'resultCtrl': None}
[2018-01-16 14:24:40,750] - logger.py] - INFO: ------æ‰“å°å‡ºtokenå€¼!---------
[2018-01-16 14:28:04,601] - logger.py] - INFO: ´òÓ¡r1.jsonµÄÖµ£º{u'resultData': {u'token': u'8bAHIVnff2hwvWlqfC1P'}, u'resultCode': 0, u'resultCtrl': None}
[2018-01-16 14:28:04,602] - logger.py] - INFO: ------æ‰“å°å‡ºtokenå€¼!---------
[2018-01-16 14:34:56,361] - logger.py] - INFO: ------pass!---------
[2018-01-16 14:34:56,539] - logger.py] - INFO: æ‰“å°r1.jsonçš„å€¼ï¼š{u'resultData': {u'token': u'jtf3HLAbGfK8h9K8V4PS'}, u'resultCode': 0, u'resultCtrl': None}
[2018-01-16 14:34:56,548] - logger.py] - INFO: ------æ‰“å°å‡ºtokenå€¼!---------
[2018-01-16 14:34:56,555] - logger.py] - INFO: æ‰“å°dataçš„å€¼ï¼šjtf3HLAbGfK8h9K8V4PS
[2018-01-16 14:34:56,684] - logger.py] - INFO: æ‰“å°r1.jsonçš„å€¼ï¼š{u'resultData': {u'token': u'cP5v83vly1AsZNFVOynL'}, u'resultCode': 0, u'resultCtrl': None}
[2018-01-16 14:34:56,690] - logger.py] - INFO: ------æ‰“å°å‡ºtokenå€¼!---------
[2018-01-16 14:34:56,696] - logger.py] - INFO: æ‰“å°dataçš„å€¼ï¼šcP5v83vly1AsZNFVOynL
[2018-01-16 14:41:04,388] - logger.py] - INFO: æ‰“å°dataçš„å€¼:{"resultCode":0,"resultData":null,"resultCtrl":null}
[2018-01-16 14:41:04,395] - logger.py] - INFO: ------pass!---------
[2018-01-16 14:41:19,540] - logger.py] - INFO: æ‰“å°dataçš„å€¼:{"resultCode":0,"resultData":null,"resultCtrl":null}
[2018-01-16 14:41:19,549] - logger.py] - INFO: ------pass!---------
[2018-01-16 14:41:58,036] - logger.py] - INFO: ´òÓ¡r1.jsonµÄÖµ£º{u'resultData': {u'token': u'43ciNiLnopYROlRuhzna'}, u'resultCode': 0, u'resultCtrl': None}
[2018-01-16 14:41:58,042] - logger.py] - INFO: ´òÓ¡dataµÄÖµ£º43ciNiLnopYROlRuhzna
[2018-01-16 14:42:24,180] - logger.py] - INFO: ´òÓ¡r1.jsonµÄÖµ£º{u'resultData': {u'token': u'GK92ONlgY8dANA7JoTcz'}, u'resultCode': 0, u'resultCtrl': None}
[2018-01-16 14:42:24,186] - logger.py] - INFO: ´òÓ¡dataµÄÖµ£ºGK92ONlgY8dANA7JoTcz
[2018-01-16 14:42:59,703] - logger.py] - INFO: ´òÓ¡r1.jsonµÄÖµ£º{u'resultData': {u'token': u'0zV0sBkKCANVDhTLyx2W'}, u'resultCode': 0, u'resultCtrl': None}
[2018-01-16 14:42:59,711] - logger.py] - INFO: ´òÓ¡tokenµÄÖµ£º0zV0sBkKCANVDhTLyx2W
[2018-01-16 18:36:00,428] - logger.py] - INFO: æ‰“å°dataçš„å€¼:<html><head><title>Apache Tomcat/6.0.29 - Error report</title><style><!--H1 {font-family:Tahoma,Arial,sans-serif;color:white;background-color:#525D76;font-size:22px;} H2 {font-family:Tahoma,Arial,sans-serif;color:white;background-color:#525D76;font-size:16px;} H3 {font-family:Tahoma,Arial,sans-serif;color:white;background-color:#525D76;font-size:14px;} BODY {font-family:Tahoma,Arial,sans-serif;color:black;background-color:white;} B {font-family:Tahoma,Arial,sans-serif;color:white;background-color:#525D76;} P {font-family:Tahoma,Arial,sans-serif;background:white;color:black;font-size:12px;}A {color : black;}A.name {color : black;}HR {color : #525D76;}--></style> </head><body><h1>HTTP Status 404 - </h1><HR size="1" noshade="noshade"><p><b>type</b> Status report</p><p><b>message</b> <u></u></p><p><b>description</b> <u>The requested resource () is not available.</u></p><HR size="1" noshade="noshade"><h3>Apache Tomcat/6.0.29</h3></body></html>
[2018-01-16 18:36:00,476] - logger.py] - INFO: ------pass!---------
[2018-01-16 18:37:33,092] - logger.py] - INFO: æ‰“å°dataçš„å€¼:<html><head><title>Apache Tomcat/6.0.29 - Error report</title><style><!--H1 {font-family:Tahoma,Arial,sans-serif;color:white;background-color:#525D76;font-size:22px;} H2 {font-family:Tahoma,Arial,sans-serif;color:white;background-color:#525D76;font-size:16px;} H3 {font-family:Tahoma,Arial,sans-serif;color:white;background-color:#525D76;font-size:14px;} BODY {font-family:Tahoma,Arial,sans-serif;color:black;background-color:white;} B {font-family:Tahoma,Arial,sans-serif;color:white;background-color:#525D76;} P {font-family:Tahoma,Arial,sans-serif;background:white;color:black;font-size:12px;}A {color : black;}A.name {color : black;}HR {color : #525D76;}--></style> </head><body><h1>HTTP Status 404 - </h1><HR size="1" noshade="noshade"><p><b>type</b> Status report</p><p><b>message</b> <u></u></p><p><b>description</b> <u>The requested resource () is not available.</u></p><HR size="1" noshade="noshade"><h3>Apache Tomcat/6.0.29</h3></body></html>
[2018-01-16 18:37:33,102] - logger.py] - INFO: ------pass!---------
[2018-01-16 18:43:20,539] - logger.py] - INFO: ´òÓ¡tokenµÄÖµ£ºNone
[2018-01-16 18:43:53,628] - logger.py] - INFO: æ‰“å°dataçš„å€¼:<html><head><title>Apache Tomcat/6.0.29 - Error report</title><style><!--H1 {font-family:Tahoma,Arial,sans-serif;color:white;background-color:#525D76;font-size:22px;} H2 {font-family:Tahoma,Arial,sans-serif;color:white;background-color:#525D76;font-size:16px;} H3 {font-family:Tahoma,Arial,sans-serif;color:white;background-color:#525D76;font-size:14px;} BODY {font-family:Tahoma,Arial,sans-serif;color:black;background-color:white;} B {font-family:Tahoma,Arial,sans-serif;color:white;background-color:#525D76;} P {font-family:Tahoma,Arial,sans-serif;background:white;color:black;font-size:12px;}A {color : black;}A.name {color : black;}HR {color : #525D76;}--></style> </head><body><h1>HTTP Status 404 - </h1><HR size="1" noshade="noshade"><p><b>type</b> Status report</p><p><b>message</b> <u></u></p><p><b>description</b> <u>The requested resource () is not available.</u></p><HR size="1" noshade="noshade"><h3>Apache Tomcat/6.0.29</h3></body></html>
[2018-01-16 18:43:53,635] - logger.py] - INFO: ------pass!---------
[2018-01-16 18:44:56,030] - logger.py] - INFO: æ‰“å°dataçš„å€¼:<html><head><title>Apache Tomcat/6.0.29 - Error report</title><style><!--H1 {font-family:Tahoma,Arial,sans-serif;color:white;background-color:#525D76;font-size:22px;} H2 {font-family:Tahoma,Arial,sans-serif;color:white;background-color:#525D76;font-size:16px;} H3 {font-family:Tahoma,Arial,sans-serif;color:white;background-color:#525D76;font-size:14px;} BODY {font-family:Tahoma,Arial,sans-serif;color:black;background-color:white;} B {font-family:Tahoma,Arial,sans-serif;color:white;background-color:#525D76;} P {font-family:Tahoma,Arial,sans-serif;background:white;color:black;font-size:12px;}A {color : black;}A.name {color : black;}HR {color : #525D76;}--></style> </head><body><h1>HTTP Status 404 - </h1><HR size="1" noshade="noshade"><p><b>type</b> Status report</p><p><b>message</b> <u></u></p><p><b>description</b> <u>The requested resource () is not available.</u></p><HR size="1" noshade="noshade"><h3>Apache Tomcat/6.0.29</h3></body></html>
[2018-01-16 18:44:56,039] - logger.py] - INFO: ------pass!---------
[2018-01-16 18:52:55,904] - logger.py] - INFO: æ‰“å°dataçš„å€¼:<html><head><title>Apache Tomcat/6.0.29 - Error report</title><style><!--H1 {font-family:Tahoma,Arial,sans-serif;color:white;background-color:#525D76;font-size:22px;} H2 {font-family:Tahoma,Arial,sans-serif;color:white;background-color:#525D76;font-size:16px;} H3 {font-family:Tahoma,Arial,sans-serif;color:white;background-color:#525D76;font-size:14px;} BODY {font-family:Tahoma,Arial,sans-serif;color:black;background-color:white;} B {font-family:Tahoma,Arial,sans-serif;color:white;background-color:#525D76;} P {font-family:Tahoma,Arial,sans-serif;background:white;color:black;font-size:12px;}A {color : black;}A.name {color : black;}HR {color : #525D76;}--></style> </head><body><h1>HTTP Status 404 - </h1><HR size="1" noshade="noshade"><p><b>type</b> Status report</p><p><b>message</b> <u></u></p><p><b>description</b> <u>The requested resource () is not available.</u></p><HR size="1" noshade="noshade"><h3>Apache Tomcat/6.0.29</h3></body></html>
[2018-01-16 18:52:55,911] - logger.py] - INFO: ------pass!---------
[2018-01-16 18:53:34,311] - logger.py] - INFO: æ‰“å°dataçš„å€¼:<html><head><title>Apache Tomcat/6.0.29 - Error report</title><style><!--H1 {font-family:Tahoma,Arial,sans-serif;color:white;background-color:#525D76;font-size:22px;} H2 {font-family:Tahoma,Arial,sans-serif;color:white;background-color:#525D76;font-size:16px;} H3 {font-family:Tahoma,Arial,sans-serif;color:white;background-color:#525D76;font-size:14px;} BODY {font-family:Tahoma,Arial,sans-serif;color:black;background-color:white;} B {font-family:Tahoma,Arial,sans-serif;color:white;background-color:#525D76;} P {font-family:Tahoma,Arial,sans-serif;background:white;color:black;font-size:12px;}A {color : black;}A.name {color : black;}HR {color : #525D76;}--></style> </head><body><h1>HTTP Status 404 - </h1><HR size="1" noshade="noshade"><p><b>type</b> Status report</p><p><b>message</b> <u></u></p><p><b>description</b> <u>The requested resource () is not available.</u></p><HR size="1" noshade="noshade"><h3>Apache Tomcat/6.0.29</h3></body></html>
[2018-01-16 18:53:34,319] - logger.py] - INFO: ------pass!---------
[2018-01-16 18:55:40,098] - logger.py] - INFO: æ‰“å°dataçš„å€¼:<html><head><title>Apache Tomcat/6.0.29 - Error report</title><style><!--H1 {font-family:Tahoma,Arial,sans-serif;color:white;background-color:#525D76;font-size:22px;} H2 {font-family:Tahoma,Arial,sans-serif;color:white;background-color:#525D76;font-size:16px;} H3 {font-family:Tahoma,Arial,sans-serif;color:white;background-color:#525D76;font-size:14px;} BODY {font-family:Tahoma,Arial,sans-serif;color:black;background-color:white;} B {font-family:Tahoma,Arial,sans-serif;color:white;background-color:#525D76;} P {font-family:Tahoma,Arial,sans-serif;background:white;color:black;font-size:12px;}A {color : black;}A.name {color : black;}HR {color : #525D76;}--></style> </head><body><h1>HTTP Status 404 - </h1><HR size="1" noshade="noshade"><p><b>type</b> Status report</p><p><b>message</b> <u></u></p><p><b>description</b> <u>The requested resource () is not available.</u></p><HR size="1" noshade="noshade"><h3>Apache Tomcat/6.0.29</h3></body></html>
[2018-01-16 18:55:40,109] - logger.py] - INFO: ------pass!---------
[2018-01-16 18:56:09,078] - logger.py] - INFO: æ‰“å°dataçš„å€¼:<html><head><title>Apache Tomcat/6.0.29 - Error report</title><style><!--H1 {font-family:Tahoma,Arial,sans-serif;color:white;background-color:#525D76;font-size:22px;} H2 {font-family:Tahoma,Arial,sans-serif;color:white;background-color:#525D76;font-size:16px;} H3 {font-family:Tahoma,Arial,sans-serif;color:white;background-color:#525D76;font-size:14px;} BODY {font-family:Tahoma,Arial,sans-serif;color:black;background-color:white;} B {font-family:Tahoma,Arial,sans-serif;color:white;background-color:#525D76;} P {font-family:Tahoma,Arial,sans-serif;background:white;color:black;font-size:12px;}A {color : black;}A.name {color : black;}HR {color : #525D76;}--></style> </head><body><h1>HTTP Status 404 - </h1><HR size="1" noshade="noshade"><p><b>type</b> Status report</p><p><b>message</b> <u></u></p><p><b>description</b> <u>The requested resource () is not available.</u></p><HR size="1" noshade="noshade"><h3>Apache Tomcat/6.0.29</h3></body></html>
[2018-01-16 18:56:09,085] - logger.py] - INFO: ------pass!---------
[2018-01-16 18:59:34,019] - logger.py] - INFO: æ‰“å°dataçš„å€¼:<html><head><title>Apache Tomcat/6.0.29 - Error report</title><style><!--H1 {font-family:Tahoma,Arial,sans-serif;color:white;background-color:#525D76;font-size:22px;} H2 {font-family:Tahoma,Arial,sans-serif;color:white;background-color:#525D76;font-size:16px;} H3 {font-family:Tahoma,Arial,sans-serif;color:white;background-color:#525D76;font-size:14px;} BODY {font-family:Tahoma,Arial,sans-serif;color:black;background-color:white;} B {font-family:Tahoma,Arial,sans-serif;color:white;background-color:#525D76;} P {font-family:Tahoma,Arial,sans-serif;background:white;color:black;font-size:12px;}A {color : black;}A.name {color : black;}HR {color : #525D76;}--></style> </head><body><h1>HTTP Status 404 - </h1><HR size="1" noshade="noshade"><p><b>type</b> Status report</p><p><b>message</b> <u></u></p><p><b>description</b> <u>The requested resource () is not available.</u></p><HR size="1" noshade="noshade"><h3>Apache Tomcat/6.0.29</h3></body></html>
[2018-01-16 18:59:53,760] - logger.py] - INFO: æ‰“å°dataçš„å€¼:<html><head><title>Apache Tomcat/6.0.29 - Error report</title><style><!--H1 {font-family:Tahoma,Arial,sans-serif;color:white;background-color:#525D76;font-size:22px;} H2 {font-family:Tahoma,Arial,sans-serif;color:white;background-color:#525D76;font-size:16px;} H3 {font-family:Tahoma,Arial,sans-serif;color:white;background-color:#525D76;font-size:14px;} BODY {font-family:Tahoma,Arial,sans-serif;color:black;background-color:white;} B {font-family:Tahoma,Arial,sans-serif;color:white;background-color:#525D76;} P {font-family:Tahoma,Arial,sans-serif;background:white;color:black;font-size:12px;}A {color : black;}A.name {color : black;}HR {color : #525D76;}--></style> </head><body><h1>HTTP Status 404 - </h1><HR size="1" noshade="noshade"><p><b>type</b> Status report</p><p><b>message</b> <u></u></p><p><b>description</b> <u>The requested resource () is not available.</u></p><HR size="1" noshade="noshade"><h3>Apache Tomcat/6.0.29</h3></body></html>
[2018-01-16 18:59:53,762] - logger.py] - INFO: ------pass!---------
[2018-01-16 19:00:19,273] - logger.py] - INFO: æ‰“å°dataçš„å€¼:<html><head><title>Apache Tomcat/6.0.29 - Error report</title><style><!--H1 {font-family:Tahoma,Arial,sans-serif;color:white;background-color:#525D76;font-size:22px;} H2 {font-family:Tahoma,Arial,sans-serif;color:white;background-color:#525D76;font-size:16px;} H3 {font-family:Tahoma,Arial,sans-serif;color:white;background-color:#525D76;font-size:14px;} BODY {font-family:Tahoma,Arial,sans-serif;color:black;background-color:white;} B {font-family:Tahoma,Arial,sans-serif;color:white;background-color:#525D76;} P {font-family:Tahoma,Arial,sans-serif;background:white;color:black;font-size:12px;}A {color : black;}A.name {color : black;}HR {color : #525D76;}--></style> </head><body><h1>HTTP Status 404 - </h1><HR size="1" noshade="noshade"><p><b>type</b> Status report</p><p><b>message</b> <u></u></p><p><b>description</b> <u>The requested resource () is not available.</u></p><HR size="1" noshade="noshade"><h3>Apache Tomcat/6.0.29</h3></body></html>
[2018-01-16 19:00:19,280] - logger.py] - INFO: ------pass!---------
[2018-01-16 19:42:29,657] - logger.py] - INFO: æ‰“å°dataçš„å€¼:<html><head><title>Apache Tomcat/6.0.29 - Error report</title><style><!--H1 {font-family:Tahoma,Arial,sans-serif;color:white;background-color:#525D76;font-size:22px;} H2 {font-family:Tahoma,Arial,sans-serif;color:white;background-color:#525D76;font-size:16px;} H3 {font-family:Tahoma,Arial,sans-serif;color:white;background-color:#525D76;font-size:14px;} BODY {font-family:Tahoma,Arial,sans-serif;color:black;background-color:white;} B {font-family:Tahoma,Arial,sans-serif;color:white;background-color:#525D76;} P {font-family:Tahoma,Arial,sans-serif;background:white;color:black;font-size:12px;}A {color : black;}A.name {color : black;}HR {color : #525D76;}--></style> </head><body><h1>HTTP Status 404 - </h1><HR size="1" noshade="noshade"><p><b>type</b> Status report</p><p><b>message</b> <u></u></p><p><b>description</b> <u>The requested resource () is not available.</u></p><HR size="1" noshade="noshade"><h3>Apache Tomcat/6.0.29</h3></body></html>
[2018-01-16 19:42:29,730] - logger.py] - INFO: ------pass!---------
[2018-01-16 19:44:12,269] - logger.py] - INFO: æ‰“å°dataçš„å€¼:<html><head><title>Apache Tomcat/6.0.29 - Error report</title><style><!--H1 {font-family:Tahoma,Arial,sans-serif;color:white;background-color:#525D76;font-size:22px;} H2 {font-family:Tahoma,Arial,sans-serif;color:white;background-color:#525D76;font-size:16px;} H3 {font-family:Tahoma,Arial,sans-serif;color:white;background-color:#525D76;font-size:14px;} BODY {font-family:Tahoma,Arial,sans-serif;color:black;background-color:white;} B {font-family:Tahoma,Arial,sans-serif;color:white;background-color:#525D76;} P {font-family:Tahoma,Arial,sans-serif;background:white;color:black;font-size:12px;}A {color : black;}A.name {color : black;}HR {color : #525D76;}--></style> </head><body><h1>HTTP Status 404 - </h1><HR size="1" noshade="noshade"><p><b>type</b> Status report</p><p><b>message</b> <u></u></p><p><b>description</b> <u>The requested resource () is not available.</u></p><HR size="1" noshade="noshade"><h3>Apache Tomcat/6.0.29</h3></body></html>
[2018-01-16 19:44:12,279] - logger.py] - INFO: ------pass!---------
[2018-01-16 20:40:20,825] - logger.py] - INFO: æ‰“å°dataçš„å€¼:{"resultCode":0,"resultData":null,"resultCtrl":null}
[2018-01-16 20:40:20,838] - logger.py] - INFO: ------pass!---------
[2018-01-16 20:40:29,594] - logger.py] - INFO: ´òÓ¡r1.jsonµÄÖµ£º{u'resultData': {u'token': u'Sitc2b6BEawUKzDH08bF'}, u'resultCode': 0, u'resultCtrl': None}
[2018-01-16 20:40:29,596] - logger.py] - INFO: ´òÓ¡tokenµÄÖµ£ºSitc2b6BEawUKzDH08bF
[2018-01-16 20:40:53,596] - logger.py] - INFO: ´òÓ¡r1.jsonµÄÖµ£º{u'resultData': {u'token': u'hg2c55bQam6eDlFfGxSM'}, u'resultCode': 0, u'resultCtrl': None}
[2018-01-16 20:40:53,605] - logger.py] - INFO: ´òÓ¡tokenµÄÖµ£ºhg2c55bQam6eDlFfGxSM
[2018-01-16 20:56:43,640] - logger.py] - INFO: ´òÓ¡r1.jsonµÄÖµ£º{u'resultData': None, u'resultCode': 1, u'resultCtrl': {u'dialogTitle': None, u'dialogContent': None, u'type': u'toast', u'dialogBtnList': None, u'toastValue': u'\u77ed\u4fe1\u9a8c\u8bc1\u7801\u9519\u8bef,\u8bf7\u91cd\u65b0\u83b7\u53d6'}}
[2018-01-16 20:56:55,171] - logger.py] - INFO: æ‰“å°dataçš„å€¼:{"resultCode":0,"resultData":null,"resultCtrl":null}
[2018-01-16 20:56:55,178] - logger.py] - INFO: ------pass!---------
[2018-01-16 20:56:58,779] - logger.py] - INFO: ´òÓ¡r1.jsonµÄÖµ£º{u'resultData': {u'token': u'UVTQHIQSusXLGSh98cCU'}, u'resultCode': 0, u'resultCtrl': None}
[2018-01-16 20:56:58,786] - logger.py] - INFO: ´òÓ¡tokenµÄÖµ£ºUVTQHIQSusXLGSh98cCU
[2018-01-16 20:57:09,451] - logger.py] - INFO: ´òÓ¡r1.jsonµÄÖµ£º{u'resultData': {u'token': u'SlRc6rRFnW1ssw4oHImA'}, u'resultCode': 0, u'resultCtrl': None}
[2018-01-16 20:57:09,467] - logger.py] - INFO: ´òÓ¡tokenµÄÖµ£ºSlRc6rRFnW1ssw4oHImA
[2018-01-16 21:10:46,312] - logger.py] - INFO: æ‰“å°dataçš„å€¼:{"resultCode":0,"resultData":null,"resultCtrl":null}
[2018-01-16 21:10:46,328] - logger.py] - INFO: ------pass!---------
[2018-01-16 21:10:46,361] - logger.py] - INFO: æ‰“å°r1.jsonçš„å€¼ï¼š{u'resultData': {u'token': u'ZhYCl3paUL1TTzAprexW'}, u'resultCode': 0, u'resultCtrl': None}
[2018-01-16 21:10:46,372] - logger.py] - INFO: æ‰“å°tokençš„å€¼ï¼šZhYCl3paUL1TTzAprexW
[2018-01-16 21:10:46,407] - logger.py] - INFO: æ‰“å°r1.jsonçš„å€¼ï¼š{u'resultData': {u'token': u'hMe0e04XCou3uSG3yRQD'}, u'resultCode': 0, u'resultCtrl': None}
[2018-01-16 21:10:46,418] - logger.py] - INFO: æ‰“å°tokençš„å€¼ï¼šhMe0e04XCou3uSG3yRQD
[2018-01-16 21:18:42,076] - logger.py] - INFO: æ‰“å°dataçš„å€¼:{"resultCode":0,"resultData":null,"resultCtrl":null}
[2018-01-16 21:18:42,529] - logger.py] - INFO: ------pass!---------
[2018-01-16 21:18:42,615] - logger.py] - INFO: æ‰“å°r1.jsonçš„å€¼ï¼š{u'resultData': {u'token': u'rRoxyBKImjsytFVH0u2A'}, u'resultCode': 0, u'resultCtrl': None}
[2018-01-16 21:18:42,622] - logger.py] - INFO: æ‰“å°tokençš„å€¼ï¼šrRoxyBKImjsytFVH0u2A
[2018-01-16 21:18:42,680] - logger.py] - INFO: æ‰“å°r1.jsonçš„å€¼ï¼š{u'resultData': {u'token': u'RvOPUDjbOzY9vuZvJTis'}, u'resultCode': 0, u'resultCtrl': None}
[2018-01-16 21:18:42,694] - logger.py] - INFO: æ‰“å°tokençš„å€¼ï¼šRvOPUDjbOzY9vuZvJTis
[2018-01-16 21:28:35,976] - logger.py] - INFO: æ‰“å°dataçš„å€¼:{"resultCode":0,"resultData":null,"resultCtrl":null}
[2018-01-16 21:28:35,992] - logger.py] - INFO: ------pass!---------
[2018-01-16 21:28:55,099] - logger.py] - INFO: æ‰“å°dataçš„å€¼:{"resultCode":0,"resultData":null,"resultCtrl":null}
[2018-01-16 21:28:55,111] - logger.py] - INFO: ------pass!---------
[2018-01-16 21:29:31,331] - logger.py] - INFO: ´òÓ¡r1.jsonµÄÖµ£º{u'resultData': {u'token': u'wAKQN5DIEIRonRnhyK3g'}, u'resultCode': 0, u'resultCtrl': None}
[2018-01-16 21:29:31,338] - logger.py] - INFO: ´òÓ¡tokenµÄÖµ£ºwAKQN5DIEIRonRnhyK3g
[2018-01-16 21:29:35,174] - logger.py] - INFO: ´òÓ¡r1.jsonµÄÖµ£º{u'resultData': {u'token': u'ts7dQCl4fk1jXK4WWutd'}, u'resultCode': 0, u'resultCtrl': None}
[2018-01-16 21:29:35,187] - logger.py] - INFO: ´òÓ¡tokenµÄÖµ£ºts7dQCl4fk1jXK4WWutd
[2018-01-16 21:32:46,102] - logger.py] - INFO: ´òÓ¡r1.jsonµÄÖµ£º{u'resultData': {u'token': u'ENVPWrSjzJLR0Ql528Pv'}, u'resultCode': 0, u'resultCtrl': None}
[2018-01-16 21:32:46,112] - logger.py] - INFO: ´òÓ¡tokenµÄÖµ£ºENVPWrSjzJLR0Ql528Pv
