[2018-01-11 09:42:00,394] - logger.py] - INFO: 用户手机号：18710469340
[2018-01-11 09:42:00,733] - logger.py] - INFO: 输入手机号发短信验证码：<Response [200]>
[2018-01-11 09:42:27,645] - logger.py] - INFO: 用户手机号：18710469340
[2018-01-11 09:42:27,930] - logger.py] - INFO: 输入手机号发短信验证码：<Response [200]>
[2018-01-11 09:43:26,138] - logger.py] - INFO: 用户手机号：18710469340
[2018-01-11 09:43:26,500] - logger.py] - INFO: 输入手机号发短信验证码：<Response [200]>
[2018-01-11 09:43:46,392] - logger.py] - INFO: 用户手机号：18710469340
[2018-01-11 09:43:46,667] - logger.py] - INFO: 输入手机号发短信验证码：<Response [200]>
[2018-01-11 09:45:39,529] - logger.py] - INFO: 用户手机号：18710469340
[2018-01-11 09:45:39,838] - logger.py] - INFO: 输入手机号发短信验证码：<Response [200]>
[2018-01-11 09:46:26,072] - logger.py] - INFO: 用户手机号：18710469340
[2018-01-11 09:46:26,424] - logger.py] - INFO: 输入手机号发短信验证码：<Response [200]>
[2018-01-11 09:46:34,562] - logger.py] - INFO: 用户手机号：18710469340
[2018-01-11 09:46:34,865] - logger.py] - INFO: 输入手机号发短信验证码：<Response [200]>
[2018-01-11 09:46:44,898] - logger.py] - INFO: 用户手机号：18710469340
[2018-01-11 09:46:45,161] - logger.py] - INFO: 输入手机号发短信验证码：<Response [200]>
[2018-01-11 09:47:28,630] - logger.py] - INFO: 用户手机号：18710469340
[2018-01-11 09:47:28,953] - logger.py] - INFO: 输入手机号发短信验证码：<Response [200]>
[2018-01-11 09:47:37,904] - logger.py] - INFO: 用户手机号：18710469340
[2018-01-11 09:47:38,194] - logger.py] - INFO: 输入手机号发短信验证码：<Response [200]>
[2018-01-11 09:48:02,585] - logger.py] - INFO: 用户手机号：18710469340
[2018-01-11 09:48:02,915] - logger.py] - INFO: 输入手机号发短信验证码：<Response [200]>
[2018-01-11 09:48:22,789] - logger.py] - INFO: 用户手机号：18710469340
[2018-01-11 09:48:23,069] - logger.py] - INFO: 输入手机号发短信验证码：<Response [200]>
[2018-01-11 09:48:32,252] - logger.py] - INFO: 用户手机号：18710469340
[2018-01-11 09:48:32,512] - logger.py] - INFO: 输入手机号发短信验证码：<Response [200]>
[2018-01-11 09:48:32,519] - logger.py] - INFO: ------pass!---------
[2018-01-11 09:49:01,677] - logger.py] - INFO: 用户手机号：18710469340
[2018-01-11 09:49:01,953] - logger.py] - INFO: 输入手机号发短信验证码：<Response [200]>
[2018-01-11 09:50:12,263] - logger.py] - INFO: 用户手机号：18710469340
[2018-01-11 09:50:12,549] - logger.py] - INFO: 输入手机号发短信验证码：<Response [200]>
[2018-01-11 09:50:53,635] - logger.py] - INFO: 用户手机号：18710469340
[2018-01-11 09:50:54,036] - logger.py] - INFO: 输入手机号发短信验证码：<Response [200]>
[2018-01-11 09:51:17,561] - logger.py] - INFO: 用户手机号：18710469340
[2018-01-11 09:51:17,917] - logger.py] - INFO: 输入手机号发短信验证码：<Response [200]>
[2018-01-11 09:51:17,924] - logger.py] - INFO: ------pass!---------
[2018-01-11 09:57:50,551] - logger.py] - INFO: 用户手机号：18710469340
[2018-01-11 09:57:50,851] - logger.py] - INFO: 输入手机号发短信验证码：<Response [200]>
[2018-01-11 09:57:50,858] - logger.py] - INFO: ------pass!---------
[2018-01-11 09:57:50,865] - logger.py] - INFO: 用户手机号：18710469340
[2018-01-11 09:58:37,628] - logger.py] - INFO: 用户手机号：18710469340
[2018-01-11 09:58:37,928] - logger.py] - INFO: 输入手机号发短信验证码：<Response [200]>
[2018-01-11 09:58:38,009] - logger.py] - INFO: ------pass!---------
[2018-01-11 09:58:38,015] - logger.py] - INFO: 用户手机号：18710469340
[2018-01-11 09:58:38,052] - logger.py] - INFO: ------pass!---------
[2018-01-11 10:00:40,762] - logger.py] - INFO: 用户手机号：18710469340
[2018-01-11 10:00:41,071] - logger.py] - INFO: 输入手机号发短信验证码：<Response [200]>
[2018-01-11 10:00:41,072] - logger.py] - INFO: ------pass!---------
[2018-01-11 10:00:41,075] - logger.py] - INFO: 用户手机号：18710469340
[2018-01-11 10:01:04,924] - logger.py] - INFO: 用户手机号：18710469340
[2018-01-11 10:01:05,171] - logger.py] - INFO: 输入手机号发短信验证码：<Response [200]>
[2018-01-11 10:01:05,177] - logger.py] - INFO: ------pass!---------
[2018-01-11 10:01:05,184] - logger.py] - INFO: 用户手机号：18710469340
[2018-01-11 13:53:48,704] - logger.py] - INFO: 用户手机号：18710469340
[2018-01-11 13:53:49,071] - logger.py] - INFO: 输入手机号发短信验证码：<Response [200]>
[2018-01-11 13:53:49,161] - logger.py] - INFO: ------pass!---------
[2018-01-11 13:53:49,164] - logger.py] - INFO: 用户手机号：18710469340
[2018-01-11 13:59:41,983] - logger.py] - INFO: 用户手机号：18710469340
[2018-01-11 13:59:42,328] - logger.py] - INFO: 输入手机号发短信验证码：<Response [200]>
[2018-01-11 13:59:42,335] - logger.py] - INFO: ------pass!---------
[2018-01-11 13:59:42,345] - logger.py] - INFO: 用户手机号：18710469340
[2018-01-11 14:10:48,940] - logger.py] - INFO: 用户手机号：18710469340
[2018-01-11 14:10:49,263] - logger.py] - INFO: 输入手机号发短信验证码：<Response [200]>
[2018-01-11 14:10:49,265] - logger.py] - INFO: ------pass!---------
[2018-01-11 14:10:49,267] - logger.py] - INFO: 用户手机号：18710469340
[2018-01-11 14:11:31,318] - logger.py] - INFO: 用户手机号：18710469340
[2018-01-11 14:11:31,614] - logger.py] - INFO: 输入手机号发短信验证码：<Response [200]>
[2018-01-11 14:11:31,621] - logger.py] - INFO: ------pass!---------
[2018-01-11 14:11:31,628] - logger.py] - INFO: 用户手机号：18710469340
[2018-01-11 14:12:35,566] - logger.py] - INFO: 用户手机号：18710469340
[2018-01-11 14:12:35,880] - logger.py] - INFO: 输入手机号发短信验证码：<Response [200]>
[2018-01-11 14:12:35,888] - logger.py] - INFO: ------pass!---------
[2018-01-11 14:12:35,900] - logger.py] - INFO: 用户手机号：18710469340
[2018-01-11 14:12:35,943] - logger.py] - INFO: ------打印出token值!---------
[2018-01-11 14:12:52,502] - logger.py] - INFO: 用户手机号：18710469340
[2018-01-11 14:12:52,773] - logger.py] - INFO: 输入手机号发短信验证码：<Response [200]>
[2018-01-11 14:12:52,782] - logger.py] - INFO: ------pass!---------
[2018-01-11 14:12:52,789] - logger.py] - INFO: 用户手机号：18710469340
[2018-01-11 14:12:52,818] - logger.py] - INFO: ------打印出token值!---------
[2018-01-11 14:20:00,813] - logger.py] - INFO: 用户手机号：18710469340
[2018-01-11 14:20:01,155] - logger.py] - INFO: 输入手机号发短信验证码：<Response [200]>
[2018-01-11 14:20:01,164] - logger.py] - INFO: ------pass!---------
[2018-01-11 14:20:01,170] - logger.py] - INFO: 用户手机号：18710469340
[2018-01-11 14:20:01,209] - logger.py] - INFO: ------打印出token值!---------
[2018-01-11 14:43:40,917] - logger.py] - INFO: ----传入用户手机号---
[2018-01-11 14:44:31,724] - logger.py] - INFO: ----传入用户手机号---
[2018-01-11 14:47:11,507] - logger.py] - INFO: ----传入用户手机号---
[2018-01-11 14:48:14,598] - logger.py] - INFO: ----传入用户手机号---
[2018-01-11 14:49:59,730] - logger.py] - INFO: ----传入用户手机号---
[2018-01-11 14:50:30,584] - logger.py] - INFO: 用户手机号：18710469340
[2018-01-11 14:50:30,901] - logger.py] - INFO: 输入手机号发短信验证码：<Response [200]>
[2018-01-11 14:50:30,904] - logger.py] - INFO: ------pass!---------
[2018-01-11 14:50:30,907] - logger.py] - INFO: 用户手机号：18710469340
[2018-01-11 14:50:31,200] - logger.py] - INFO: 输入手机号发短信验证码：<Response [200]>
[2018-01-11 14:50:31,203] - logger.py] - INFO: ------pass!---------
[2018-01-11 14:50:31,204] - logger.py] - INFO: 用户手机号：18710469340
[2018-01-11 14:50:31,237] - logger.py] - INFO: ------打印出token值!---------
[2018-01-11 14:50:31,242] - logger.py] - INFO: ----传入用户手机号---
[2018-01-11 14:50:31,246] - logger.py] - INFO: 用户手机号：18710469340
[2018-01-11 14:50:31,280] - logger.py] - INFO: ------打印出token值!---------
[2018-01-11 14:52:16,904] - logger.py] - INFO: 用户手机号：18710469340
[2018-01-11 14:52:18,092] - logger.py] - INFO: 输入手机号发短信验证码：<Response [200]>
[2018-01-11 14:52:18,101] - logger.py] - INFO: ------pass!---------
[2018-01-11 14:52:18,109] - logger.py] - INFO: 用户手机号：18710469340
[2018-01-11 14:52:18,375] - logger.py] - INFO: 输入手机号发短信验证码：<Response [200]>
[2018-01-11 14:52:18,384] - logger.py] - INFO: ------pass!---------
[2018-01-11 14:52:18,395] - logger.py] - INFO: 用户手机号：18710469340
[2018-01-11 14:52:18,430] - logger.py] - INFO: ------打印出token值!---------
[2018-01-11 14:52:18,438] - logger.py] - INFO: ----传入用户手机号---
[2018-01-11 14:52:18,448] - logger.py] - INFO: 用户手机号：18710469340
[2018-01-11 14:52:18,490] - logger.py] - INFO: ------打印出token值!---------
[2018-01-11 15:00:41,907] - logger.py] - INFO: 用户手机号：18710469340
[2018-01-11 15:00:42,213] - logger.py] - INFO: ------pass!---------
[2018-01-11 15:00:42,217] - logger.py] - INFO: 用户手机号：18710469340
[2018-01-11 15:00:42,513] - logger.py] - INFO: ------pass!---------
[2018-01-11 15:00:42,516] - logger.py] - INFO: 用户手机号：18710469340
[2018-01-11 15:00:42,561] - logger.py] - INFO: ------打印出token值!---------
[2018-01-11 15:00:42,563] - logger.py] - INFO: ----传入用户手机号---
[2018-01-11 15:00:42,565] - logger.py] - INFO: -----传入token值----
[2018-01-11 15:00:42,569] - logger.py] - INFO: 用户手机号：18710469340
[2018-01-11 15:00:42,595] - logger.py] - INFO: ------打印出token值!---------
[2018-01-11 15:02:44,710] - logger.py] - INFO: 用户手机号：18710469340
[2018-01-11 15:02:45,023] - logger.py] - INFO: ------pass!---------
[2018-01-11 15:02:45,032] - logger.py] - INFO: 用户手机号：18710469340
[2018-01-11 15:02:45,303] - logger.py] - INFO: ------pass!---------
[2018-01-11 15:02:45,311] - logger.py] - INFO: 用户手机号：18710469340
[2018-01-11 15:02:45,345] - logger.py] - INFO: ------打印出token值!---------
[2018-01-11 15:09:47,331] - logger.py] - INFO: 用户手机号：18710469340
[2018-01-11 15:09:47,657] - logger.py] - INFO: ------pass!---------
[2018-01-11 15:14:40,013] - logger.py] - INFO: 用户手机号：18710469340
[2018-01-11 15:14:40,323] - logger.py] - INFO: ------pass!---------
[2018-01-11 15:14:40,332] - logger.py] - INFO: 用户手机号：18710469340
[2018-01-11 15:14:40,368] - logger.py] - INFO: ------打印出token值!---------
