[2018-01-30 10:56:39,716] - logger.py] - INFO: 开始登录
[2018-01-30 10:56:39,890] - logger.py] - INFO: -----调用定时转入添加接口-----
[2018-01-30 10:56:42,480] - logger.py] - INFO: ----调用定时转入保存接口----
[2018-01-30 11:03:13,903] - logger.py] - INFO: 开始登录
[2018-01-30 11:03:14,216] - logger.py] - INFO: -----调用定时转入添加接口-----
[2018-01-30 11:03:16,536] - logger.py] - INFO: ----调用定时转入保存接口----
[2018-01-30 11:03:16,851] - logger.py] - INFO: ----调用定时转入短信发送接口----
[2018-01-30 11:03:18,339] - logger.py] - INFO: ----调用定时转入短信验证接口----
[2018-01-30 11:04:30,066] - logger.py] - INFO: 开始登录
[2018-01-30 11:04:30,765] - logger.py] - INFO: -----调用定时转入添加接口-----
[2018-01-30 11:04:34,848] - logger.py] - INFO: ----调用定时转入保存接口----
[2018-01-30 11:10:38,421] - logger.py] - INFO: -------调用登录方法开始------
[2018-01-30 11:10:38,426] - logger.py] - INFO: 开始登录
[2018-01-30 11:10:38,864] - logger.py] - INFO: -------通用验证,调用修改交易密码接口开始------
[2018-01-30 11:10:39,019] - logger.py] - INFO: -------通用验证输入登录密码------
[2018-01-30 11:10:40,119] - logger.py] - INFO: verifyStepList的结果是[{u'btnContent': u'\u4e0b\u4e00\u6b65', u'title': u'\u8eab\u4efd\u9a8c\u8bc1', u'stepDesc': u'', u'extraData': None, u'canBack': True, u'nextStep': u'InputVerifyBankCardInfo', u'token': u'3f7a943bb9c2ed635b148159fb49111b'}]
[2018-01-30 11:10:40,138] - logger.py] - INFO: -------通用验证四要素鉴权------
[2018-01-30 11:10:40,526] - logger.py] - INFO: -------通用验证,输入短信验证码------
[2018-01-30 11:10:41,443] - logger.py] - INFO: -------通用验证,设置交易密码------
[2018-01-30 11:11:13,667] - logger.py] - INFO: 开始登录
[2018-01-30 11:11:14,523] - logger.py] - INFO: -----调用定时转入添加接口-----
[2018-01-30 11:11:43,069] - logger.py] - INFO: ----调用定时转入保存接口----
[2018-01-30 11:11:43,401] - logger.py] - INFO: ----调用定时转入短信发送接口----
[2018-01-30 11:11:44,526] - logger.py] - INFO: ----调用定时转入短信验证接口----
[2018-01-30 16:16:45,369] - logger.py] - INFO: 开始登录
[2018-01-30 16:16:46,289] - logger.py] - INFO: -----调用定时转入添加接口-----
[2018-01-30 16:16:48,437] - logger.py] - INFO: ----调用定时转入保存接口----
[2018-01-30 16:16:48,763] - logger.py] - INFO: ----调用定时转入短信发送接口----
[2018-01-30 16:16:49,084] - logger.py] - INFO: ----调用定时转入短信验证接口----
[2018-01-30 16:40:52,000] - logger.py] - INFO: 开始登录
[2018-01-30 16:40:52,325] - logger.py] - INFO: ----调用定时转入列表查询接口----
[2018-01-30 16:40:52,596] - logger.py] - INFO: ------调用定时转入查询详情接口------
[2018-01-30 16:52:06,196] - logger.py] - INFO: 开始登录
[2018-01-30 16:52:06,765] - logger.py] - INFO: ----调用定时转入列表查询接口----
[2018-01-30 16:52:07,042] - logger.py] - INFO: ------调用定时转入查询详情接口------
[2018-01-30 16:55:20,397] - logger.py] - INFO: 开始登录
[2018-01-30 16:55:20,532] - logger.py] - INFO: ----调用定时转入列表查询接口----
[2018-01-30 16:55:24,776] - logger.py] - INFO: -----调用定时转入添加接口-----
[2018-01-30 16:55:32,869] - logger.py] - INFO: ----调用定时转入保存接口----
[2018-01-30 16:55:33,822] - logger.py] - INFO: ----调用定时转入短信发送接口----
[2018-01-30 16:55:34,122] - logger.py] - INFO: ----调用定时转入短信验证接口----
[2018-01-30 16:55:34,207] - logger.py] - INFO: ------调用定时转入查询详情接口------
[2018-01-30 16:58:23,135] - logger.py] - INFO: 开始登录
[2018-01-30 16:58:23,259] - logger.py] - INFO: ----调用定时转入列表查询接口----
[2018-01-30 16:58:23,496] - logger.py] - INFO: -----调用定时转入添加接口-----
[2018-01-30 16:58:25,624] - logger.py] - INFO: ----调用定时转入保存接口----
[2018-01-30 16:58:25,990] - logger.py] - INFO: ----调用定时转入短信发送接口----
[2018-01-30 16:58:26,354] - logger.py] - INFO: ----调用定时转入短信验证接口----
[2018-01-30 17:03:16,150] - logger.py] - INFO: 开始登录
[2018-01-30 17:03:16,273] - logger.py] - INFO: ----调用定时转入列表查询接口----
[2018-01-30 17:03:16,433] - logger.py] - INFO: -----调用定时转入添加接口-----
[2018-01-30 17:03:18,796] - logger.py] - INFO: ----调用定时转入保存接口----
[2018-01-30 17:07:22,414] - logger.py] - INFO: 开始登录
[2018-01-30 17:07:22,657] - logger.py] - INFO: ----调用定时转入列表查询接口----
[2018-01-30 17:09:55,563] - logger.py] - INFO: 开始登录
[2018-01-30 17:09:55,900] - logger.py] - INFO: ----调用定时转入列表查询接口----
[2018-01-30 17:09:56,134] - logger.py] - INFO: ------调用定时转入查询详情接口------
[2018-01-30 17:16:33,835] - logger.py] - INFO: 开始登录
[2018-01-30 17:16:33,963] - logger.py] - INFO: ----调用定时转入列表查询接口----
[2018-01-30 17:16:34,469] - logger.py] - INFO: -----调用定时转入添加接口-----
[2018-01-30 17:16:36,849] - logger.py] - INFO: ----调用定时转入保存接口----
[2018-01-30 17:16:37,740] - logger.py] - INFO: ----调用定时转入短信发送接口----
[2018-01-30 17:16:38,058] - logger.py] - INFO: ----调用定时转入短信验证接口----
[2018-01-30 17:16:38,821] - logger.py] - INFO: ------调用定时转入查询详情接口------
[2018-01-30 17:20:31,279] - logger.py] - INFO: 开始登录
[2018-01-30 17:20:31,388] - logger.py] - INFO: ----调用定时转入列表查询接口----
[2018-01-30 17:20:31,717] - logger.py] - INFO: -----调用定时转入添加接口-----
[2018-01-30 17:20:37,345] - logger.py] - INFO: ----调用定时转入保存接口----
[2018-01-30 17:20:37,414] - logger.py] - INFO: ------调用定时转入查询详情接口------
[2018-01-30 17:23:17,621] - logger.py] - INFO: 开始登录
[2018-01-30 17:23:17,973] - logger.py] - INFO: ----调用定时转入列表查询接口----
[2018-01-30 17:23:18,051] - logger.py] - INFO: -----调用定时转入添加接口-----
[2018-01-30 17:23:20,296] - logger.py] - INFO: ----调用定时转入保存接口----
[2018-01-30 17:23:20,855] - logger.py] - INFO: ----调用定时转入短信发送接口----
[2018-01-30 17:23:21,329] - logger.py] - INFO: ----调用定时转入短信验证接口----
[2018-01-30 17:23:21,648] - logger.py] - INFO: ------调用定时转入查询详情接口------
[2018-01-30 20:51:01,729] - logger.py] - INFO: 开始登录
[2018-01-30 20:51:01,834] - logger.py] - INFO: ----调用定时转入列表查询接口----
[2018-01-30 21:03:04,174] - logger.py] - INFO: 开始登录
[2018-01-30 21:03:04,721] - logger.py] - INFO: ----调用定时转入列表查询接口----
[2018-01-30 21:04:04,940] - logger.py] - INFO: 开始登录
[2018-01-30 21:04:05,052] - logger.py] - INFO: ----调用定时转入列表查询接口----
[2018-01-30 21:05:42,164] - logger.py] - INFO: 开始登录
[2018-01-30 21:05:42,296] - logger.py] - INFO: ----调用定时转入列表查询接口----
[2018-01-30 21:05:42,361] - logger.py] - INFO: -----取id值-----
[2018-01-30 21:07:02,526] - logger.py] - INFO: 开始登录
[2018-01-30 21:07:02,631] - logger.py] - INFO: ----调用定时转入列表查询接口----
[2018-01-30 21:07:02,671] - logger.py] - INFO: -----取id值-----
[2018-01-30 21:07:25,711] - logger.py] - INFO: 开始登录
[2018-01-30 21:07:25,826] - logger.py] - INFO: ----调用定时转入列表查询接口----
[2018-01-30 21:07:25,869] - logger.py] - INFO: -----取id值-----
[2018-01-30 21:08:00,105] - logger.py] - INFO: 开始登录
[2018-01-30 21:08:00,210] - logger.py] - INFO: ----调用定时转入列表查询接口----
[2018-01-30 21:08:00,259] - logger.py] - INFO: -----取id值-----
[2018-01-30 21:09:12,378] - logger.py] - INFO: 开始登录
[2018-01-30 21:09:12,486] - logger.py] - INFO: ----调用定时转入列表查询接口----
[2018-01-30 21:10:23,979] - logger.py] - INFO: 开始登录
[2018-01-30 21:10:24,092] - logger.py] - INFO: ----调用定时转入列表查询接口----
[2018-01-30 21:11:10,691] - logger.py] - INFO: 开始登录
[2018-01-30 21:11:11,249] - logger.py] - INFO: ----调用定时转入列表查询接口----
[2018-01-30 21:29:56,490] - logger.py] - INFO: 开始登录
[2018-01-30 21:31:08,943] - logger.py] - INFO: 开始登录
[2018-01-30 21:31:09,052] - logger.py] - INFO: ----------------------------
[2018-01-30 21:31:09,092] - logger.py] - INFO: --------**************------------
[2018-01-30 21:31:42,355] - logger.py] - INFO: 开始登录
[2018-01-30 21:31:42,461] - logger.py] - INFO: ----------------------------
[2018-01-30 21:31:42,503] - logger.py] - INFO: --------**************------------
[2018-01-30 21:36:25,994] - logger.py] - INFO: 开始登录
[2018-01-30 21:36:26,665] - logger.py] - INFO: ---------------调用定时转入列表查询接口------------
[2018-01-30 21:36:26,698] - logger.py] - INFO: -----------调用定时转入详情接口------------
[2018-01-30 21:36:26,740] - logger.py] - INFO: --------调用定时转入删除接口------------
[2018-01-30 22:07:05,523] - logger.py] - INFO: 开始登录
[2018-01-30 22:07:05,617] - logger.py] - INFO: ----调用定时转入列表查询接口----
[2018-01-30 22:07:05,648] - logger.py] - INFO: -----调用定时转入添加接口-----
[2018-01-30 22:07:07,832] - logger.py] - INFO: ----调用定时转入保存接口----
[2018-01-30 22:07:08,157] - logger.py] - INFO: ----调用定时转入短信发送接口----
[2018-01-30 22:07:08,842] - logger.py] - INFO: ----调用定时转入短信验证接口----
[2018-01-30 22:09:57,980] - logger.py] - INFO: 开始登录
[2018-01-30 22:09:58,641] - logger.py] - INFO: ---------------调用定时转入列表查询接口------------
[2018-01-30 22:09:58,686] - logger.py] - INFO: -----------调用定时转入详情接口------------
[2018-01-30 22:09:58,730] - logger.py] - INFO: ----调用首页转入转出接口----
[2018-01-30 22:13:20,351] - logger.py] - INFO: 开始登录
[2018-01-30 22:13:20,461] - logger.py] - INFO: ---------------调用定时转入列表查询接口------------
[2018-01-30 22:13:20,497] - logger.py] - INFO: -----------调用定时转入详情接口------------
[2018-01-30 22:13:20,539] - logger.py] - INFO: ----调用首页转入转出接口----
[2018-01-30 22:15:25,250] - logger.py] - INFO: 开始登录
[2018-01-30 22:15:25,361] - logger.py] - INFO: ---------------调用定时转入列表查询接口------------
[2018-01-30 22:15:25,404] - logger.py] - INFO: -----------调用定时转入详情接口------------
[2018-01-30 22:15:25,447] - logger.py] - INFO: ----调用首页转入转出接口----
[2018-01-30 22:16:01,986] - logger.py] - INFO: 开始登录
[2018-01-30 22:16:02,088] - logger.py] - INFO: ---------------调用定时转入列表查询接口------------
[2018-01-30 22:16:02,740] - logger.py] - INFO: -----------调用定时转入详情接口------------
[2018-01-30 22:16:03,457] - logger.py] - INFO: ----调用首页转入转出接口----
[2018-01-30 22:16:08,335] - logger.py] - INFO: ----调用首页记账接口接口----
[2018-01-30 22:16:08,586] - logger.py] - INFO: ----调用查询jrid绑定关系接口----
[2018-01-30 22:18:13,482] - logger.py] - INFO: 开始登录
[2018-01-30 22:18:14,028] - logger.py] - INFO: ---------------调用定时转入列表查询接口------------
[2018-01-30 22:18:14,071] - logger.py] - INFO: -----------调用定时转入详情接口------------
[2018-01-30 22:18:14,111] - logger.py] - INFO: ----调用首页转入转出接口----
[2018-01-30 22:18:16,275] - logger.py] - INFO: ----调用首页记账接口接口----
[2018-01-30 22:18:16,470] - logger.py] - INFO: ----调用查询jrid绑定关系接口----
