[2018-01-31 11:24:45,653] - logger.py] - INFO: 开始登录
[2018-01-31 11:24:45,779] - logger.py] - INFO: ---------------调用定时转入列表查询接口------------
[2018-01-31 11:24:45,927] - logger.py] - INFO: -----------调用定时转入详情接口------------
[2018-01-31 11:24:46,013] - logger.py] - INFO: ----调用首页转入转出接口----
[2018-01-31 11:24:48,187] - logger.py] - INFO: ----调用首页记账接口接口----
[2018-01-31 11:24:48,555] - logger.py] - INFO: ----调用查询jrid绑定关系接口----
[2018-01-31 11:26:45,940] - logger.py] - INFO: 开始登录
[2018-01-31 11:26:46,055] - logger.py] - INFO: ---------------调用定时转入列表查询接口------------
[2018-01-31 11:26:46,105] - logger.py] - INFO: -----------调用定时转入详情接口------------
[2018-01-31 11:26:46,158] - logger.py] - INFO: ----调用首页转入转出接口----
[2018-01-31 11:26:48,312] - logger.py] - INFO: ----调用首页记账接口接口----
[2018-01-31 11:26:48,525] - logger.py] - INFO: ----调用查询jrid绑定关系接口----
[2018-01-31 11:27:34,223] - logger.py] - INFO: 开始登录
[2018-01-31 11:27:34,338] - logger.py] - INFO: ---------------调用定时转入列表查询接口------------
[2018-01-31 11:27:34,437] - logger.py] - INFO: -----------调用定时转入详情接口------------
[2018-01-31 11:27:34,490] - logger.py] - INFO: ----调用首页转入转出接口----
[2018-01-31 11:27:36,668] - logger.py] - INFO: ----调用首页记账接口接口----
[2018-01-31 11:27:36,882] - logger.py] - INFO: ----调用查询jrid绑定关系接口----
[2018-01-31 11:28:28,519] - logger.py] - INFO: 开始登录
[2018-01-31 11:28:28,665] - logger.py] - INFO: ---------------调用定时转入列表查询接口------------
[2018-01-31 11:28:28,717] - logger.py] - INFO: -----------调用定时转入详情接口------------
[2018-01-31 11:28:28,799] - logger.py] - INFO: ----调用首页转入转出接口----
[2018-01-31 11:28:32,457] - logger.py] - INFO: ----调用首页记账接口接口----
[2018-01-31 11:28:32,591] - logger.py] - INFO: --------调用定时转入删除接口------------
[2018-01-31 11:36:09,029] - logger.py] - INFO: ---注册输入手机号，发送短信验证码开始---
[2018-01-31 11:36:09,380] - logger.py] - INFO: ---注册输入手机号成功，发送短信验证码成功---
[2018-01-31 11:36:09,384] - logger.py] - INFO: ---验证短信验证码开始---
[2018-01-31 11:36:09,430] - logger.py] - INFO: 打印r1.json的值：{u'resultData': {u'token': u'5fZT1gZdQy4hVqyZC6qb'}, u'resultCode': 0, u'resultCtrl': None}
[2018-01-31 11:36:09,436] - logger.py] - INFO: 短信验证码验证成功，打印token的值：5fZT1gZdQy4hVqyZC6qb
[2018-01-31 11:36:09,440] - logger.py] - INFO: ---设置登录密码开始---
[2018-01-31 11:36:09,519] - logger.py] - INFO: 设置登录密码成功，注册完成---
[2018-01-31 11:36:09,525] - logger.py] - INFO: ---调用登录获取auth开始---
[2018-01-31 11:36:09,660] - logger.py] - INFO: 开始登录
[2018-01-31 11:36:09,730] - logger.py] - INFO: 开始登录
[2018-01-31 11:36:09,812] - logger.py] - INFO: -------调用登录方法开始------
[2018-01-31 11:36:09,818] - logger.py] - INFO: 开始登录
[2018-01-31 11:36:09,903] - logger.py] - INFO: -------调用登录方法开始------
[2018-01-31 11:36:09,907] - logger.py] - INFO: 开始登录
[2018-01-31 11:36:10,006] - logger.py] - INFO: 开始登录
[2018-01-31 11:36:10,131] - logger.py] - INFO: 开始登录
[2018-01-31 11:38:46,795] - logger.py] - INFO: ---注册输入手机号，发送短信验证码开始---
[2018-01-31 11:38:47,160] - logger.py] - INFO: ---注册输入手机号成功，发送短信验证码成功---
[2018-01-31 11:38:47,161] - logger.py] - INFO: ---验证短信验证码开始---
[2018-01-31 11:38:47,533] - logger.py] - INFO: 打印r1.json的值：{u'resultData': None, u'resultCode': 1, u'resultCtrl': {u'dialogTitle': None, u'dialogContent': None, u'type': u'toast', u'dialogBtnList': None, u'toastValue': u'\u624b\u673a\u53f7\u7801\u5df2\u6ce8\u518c'}}
[2018-01-31 11:38:47,536] - logger.py] - INFO: ---调用登录获取auth开始---
[2018-01-31 11:38:47,927] - logger.py] - INFO: 开始登录
[2018-01-31 11:38:48,236] - logger.py] - INFO: 开始登录
[2018-01-31 11:38:48,545] - logger.py] - INFO: -------调用登录方法开始------
[2018-01-31 11:38:48,546] - logger.py] - INFO: 开始登录
[2018-01-31 11:38:48,842] - logger.py] - INFO: -------调用登录方法开始------
[2018-01-31 11:38:48,844] - logger.py] - INFO: 开始登录
[2018-01-31 11:38:49,160] - logger.py] - INFO: 开始登录
[2018-01-31 11:38:49,467] - logger.py] - INFO: 开始登录
[2018-01-31 11:42:46,559] - logger.py] - INFO: ---עֻţͶ֤뿪ʼ---
[2018-01-31 11:42:46,661] - logger.py] - INFO: ---עֻųɹͶ֤ɹ---
[2018-01-31 11:42:46,673] - logger.py] - INFO: ---֤֤뿪ʼ---
[2018-01-31 11:42:46,721] - logger.py] - INFO: ӡr1.jsonֵ{u'resultData': None, u'resultCode': 1, u'resultCtrl': {u'dialogTitle': None, u'dialogContent': None, u'type': u'toast', u'dialogBtnList': None, u'toastValue': u'\u624b\u673a\u53f7\u7801\u5df2\u6ce8\u518c'}}
[2018-01-31 11:44:40,753] - logger.py] - INFO: ---עֻţͶ֤뿪ʼ---
[2018-01-31 11:44:40,802] - logger.py] - INFO: ---עֻųɹͶ֤ɹ---
[2018-01-31 11:44:40,802] - logger.py] - INFO: ---֤֤뿪ʼ---
[2018-01-31 11:44:40,842] - logger.py] - INFO: ӡr1.jsonֵ{u'resultData': None, u'resultCode': 1, u'resultCtrl': {u'dialogTitle': None, u'dialogContent': None, u'type': u'toast', u'dialogBtnList': None, u'toastValue': u'\u624b\u673a\u53f7\u7801\u5df2\u6ce8\u518c'}}
[2018-01-31 11:46:41,575] - logger.py] - INFO: ---עֻţͶ֤뿪ʼ---
[2018-01-31 11:46:41,923] - logger.py] - INFO: ---עֻųɹͶ֤ɹ---
[2018-01-31 11:46:41,930] - logger.py] - INFO: ---֤֤뿪ʼ---
[2018-01-31 11:46:41,980] - logger.py] - INFO: ӡr1.jsonֵ{u'resultData': {u'token': u'yO0Uc0PDQIbFpGCLZ7Bo'}, u'resultCode': 0, u'resultCtrl': None}
[2018-01-31 11:46:41,990] - logger.py] - INFO: ֤֤ɹӡtokenֵyO0Uc0PDQIbFpGCLZ7Bo
[2018-01-31 11:46:42,002] - logger.py] - INFO: ---õ¼뿪ʼ---
[2018-01-31 11:47:58,098] - logger.py] - INFO: ---עֻţͶ֤뿪ʼ---
[2018-01-31 11:47:58,423] - logger.py] - INFO: ---עֻųɹͶ֤ɹ---
[2018-01-31 11:47:58,428] - logger.py] - INFO: ---֤֤뿪ʼ---
[2018-01-31 11:47:58,490] - logger.py] - INFO: ӡr1.jsonֵ{u'resultData': {u'token': u'AEN0xnAaCtkpMO3TPHY1'}, u'resultCode': 0, u'resultCtrl': None}
[2018-01-31 11:47:58,502] - logger.py] - INFO: ֤֤ɹӡtokenֵAEN0xnAaCtkpMO3TPHY1
[2018-01-31 11:47:58,513] - logger.py] - INFO: ---õ¼뿪ʼ---
[2018-01-31 11:47:58,592] - logger.py] - INFO: õ¼ɹע---
[2018-01-31 11:48:21,469] - logger.py] - INFO: ---注册输入手机号，发送短信验证码开始---
[2018-01-31 11:48:21,763] - logger.py] - INFO: ---注册输入手机号成功，发送短信验证码成功---
[2018-01-31 11:48:21,769] - logger.py] - INFO: ---验证短信验证码开始---
[2018-01-31 11:48:21,828] - logger.py] - INFO: 打印r1.json的值：{u'resultData': {u'token': u'N6l3erjuSzKj9GObVCng'}, u'resultCode': 0, u'resultCtrl': None}
[2018-01-31 11:48:21,835] - logger.py] - INFO: 短信验证码验证成功，打印token的值：N6l3erjuSzKj9GObVCng
[2018-01-31 11:48:21,841] - logger.py] - INFO: ---设置登录密码开始---
[2018-01-31 11:48:21,963] - logger.py] - INFO: 设置登录密码成功，注册完成---
[2018-01-31 11:48:21,967] - logger.py] - INFO: ---调用登录获取auth开始---
[2018-01-31 11:48:22,099] - logger.py] - INFO: ---登录成功---
[2018-01-31 11:48:22,105] - logger.py] - INFO: ---调用开户身份验证接口开始，获取token---
[2018-01-31 11:48:22,407] - logger.py] - INFO: ---开户身份验证接口返回成功---
[2018-01-31 11:48:22,414] - logger.py] - INFO: ---调用判断银行卡号是否支持指定业务接口开始---
[2018-01-31 11:48:22,474] - logger.py] - INFO: 打印银行卡类型和银行编码DC PSBC:
[2018-01-31 11:48:22,482] - logger.py] - INFO: ---调用判断银行卡号是否支持指定业务接口通过---
[2018-01-31 11:48:22,490] - logger.py] - INFO: ---调用绑卡发短信接口开始---
[2018-01-31 11:48:26,392] - logger.py] - INFO: ----绑卡发短信接口通过---
[2018-01-31 11:48:26,398] - logger.py] - INFO: ---调用绑卡验证短信接口开始---
[2018-01-31 11:48:26,493] - logger.py] - INFO: ---绑卡验证短信接口通过---
[2018-01-31 11:48:26,500] - logger.py] - INFO: ---调用开户接口开始-----
[2018-01-31 11:48:38,279] - logger.py] - INFO: 开始登录
[2018-01-31 11:48:38,391] - logger.py] - INFO: -----调用资金划拨卡片查询接口开始-----
[2018-01-31 11:48:38,476] - logger.py] - INFO: -----调用资金划拨卡片查询接口结束，获取绑卡id----
[2018-01-31 11:48:38,480] - logger.py] - INFO: ---调用入金设置交易金额接口开始---
[2018-01-31 11:48:43,647] - logger.py] - INFO: ---调用入金设置交易金额接口结束---
[2018-01-31 11:48:43,655] - logger.py] - INFO: ---下一步输入交易密码开始---
[2018-01-31 11:48:45,890] - logger.py] - INFO: ---入金成功返回结果---
[2018-01-31 11:48:45,898] - logger.py] - INFO: 开始登录
[2018-01-31 11:48:46,016] - logger.py] - INFO: -----调用资金划拨卡片查询接口开始-----
[2018-01-31 11:48:46,102] - logger.py] - INFO: -----调用资金划拨卡片查询接口结束，获取绑卡id----
[2018-01-31 11:48:46,108] - logger.py] - INFO: ---调用出金设置交易金额接口开始---
[2018-01-31 11:48:49,519] - logger.py] - INFO: ---调用出金设置交易金额接口结束---
[2018-01-31 11:48:49,525] - logger.py] - INFO: ---下一步输入交易密码开始---
[2018-01-31 11:48:52,990] - logger.py] - INFO: ---出金成功返回结果---
[2018-01-31 11:48:52,994] - logger.py] - INFO: -------调用登录方法开始------
[2018-01-31 11:48:53,002] - logger.py] - INFO: 开始登录
[2018-01-31 11:48:53,124] - logger.py] - INFO: -------调用挂失接口开始------
[2018-01-31 11:48:55,174] - logger.py] - INFO: -------调用挂失身份验证接口开始------
[2018-01-31 11:48:55,260] - logger.py] - INFO: -------调用登录方法开始------
[2018-01-31 11:48:55,269] - logger.py] - INFO: 开始登录
[2018-01-31 11:48:55,410] - logger.py] - INFO: -------通用验证,调用修改交易密码接口开始------
[2018-01-31 11:48:55,476] - logger.py] - INFO: -------通用验证输入登录密码------
[2018-01-31 11:48:55,530] - logger.py] - INFO: verifyStepList的结果是[{u'btnContent': u'\u4e0b\u4e00\u6b65', u'title': u'\u8eab\u4efd\u9a8c\u8bc1', u'stepDesc': u'', u'extraData': None, u'canBack': True, u'nextStep': u'InputVerifyBankCardInfo', u'token': u'c8d2550a03516dc1dbd5d96f2820c53c'}]
[2018-01-31 11:48:55,536] - logger.py] - INFO: -------通用验证四要素鉴权------
[2018-01-31 11:48:55,848] - logger.py] - INFO: -------通用验证,输入短信验证码------
[2018-01-31 11:48:55,888] - logger.py] - INFO: -------通用验证,设置交易密码------
[2018-01-31 11:48:55,969] - logger.py] - INFO: 开始登录
[2018-01-31 11:48:56,062] - logger.py] - INFO: ----调用定时转入列表查询接口----
[2018-01-31 11:48:56,098] - logger.py] - INFO: -----调用定时转入添加接口-----
[2018-01-31 11:48:58,759] - logger.py] - INFO: ----调用定时转入保存接口----
[2018-01-31 11:48:59,072] - logger.py] - INFO: ----调用定时转入短信发送接口----
[2018-01-31 11:48:59,381] - logger.py] - INFO: ----调用定时转入短信验证接口----
[2018-01-31 11:48:59,466] - logger.py] - INFO: 开始登录
[2018-01-31 11:48:59,573] - logger.py] - INFO: ---------------调用定时转入列表查询接口------------
[2018-01-31 11:48:59,615] - logger.py] - INFO: -----------调用定时转入详情接口------------
[2018-01-31 11:48:59,671] - logger.py] - INFO: ----调用首页转入转出接口----
[2018-01-31 11:49:04,026] - logger.py] - INFO: ----调用首页记账接口接口----
[2018-01-31 11:49:04,375] - logger.py] - INFO: --------调用定时转入删除接口------------
[2018-01-31 11:56:32,585] - logger.py] - INFO: ---注册输入手机号，发送短信验证码开始---
[2018-01-31 11:56:32,950] - logger.py] - INFO: ---注册输入手机号成功，发送短信验证码成功---
[2018-01-31 11:56:32,950] - logger.py] - INFO: ---验证短信验证码开始---
[2018-01-31 11:56:32,989] - logger.py] - INFO: 打印r1.json的值：{u'resultData': {u'token': u'g4rEQJML4zZdkdcaB6wy'}, u'resultCode': 0, u'resultCtrl': None}
[2018-01-31 11:56:32,990] - logger.py] - INFO: 短信验证码验证成功，打印token的值：g4rEQJML4zZdkdcaB6wy
[2018-01-31 11:56:32,992] - logger.py] - INFO: ---设置登录密码开始---
[2018-01-31 11:56:33,052] - logger.py] - INFO: 设置登录密码成功，注册完成---
[2018-01-31 11:56:33,052] - logger.py] - INFO: ---调用登录获取auth开始---
[2018-01-31 11:56:33,163] - logger.py] - INFO: ---登录成功---
[2018-01-31 11:56:33,164] - logger.py] - INFO: ---调用开户身份验证接口开始，获取token---
[2018-01-31 11:56:33,438] - logger.py] - INFO: ---开户身份验证接口返回成功---
[2018-01-31 11:56:33,440] - logger.py] - INFO: ---调用判断银行卡号是否支持指定业务接口开始---
[2018-01-31 11:56:33,474] - logger.py] - INFO: 打印银行卡类型和银行编码DC PSBC:
[2018-01-31 11:56:33,476] - logger.py] - INFO: ---调用判断银行卡号是否支持指定业务接口通过---
[2018-01-31 11:56:33,476] - logger.py] - INFO: ---调用绑卡发短信接口开始---
[2018-01-31 11:56:45,523] - logger.py] - INFO: ----绑卡发短信接口通过---
[2018-01-31 11:56:45,526] - logger.py] - INFO: ---调用绑卡验证短信接口开始---
[2018-01-31 11:56:45,584] - logger.py] - INFO: ---绑卡验证短信接口通过---
[2018-01-31 11:56:45,585] - logger.py] - INFO: ---调用开户接口开始-----
[2018-01-31 11:56:51,361] - logger.py] - INFO: ----------开始登录---------
[2018-01-31 11:56:51,473] - logger.py] - INFO: -----调用资金划拨卡片查询接口开始-----
[2018-01-31 11:56:51,586] - logger.py] - INFO: -----调用资金划拨卡片查询接口结束，获取绑卡id----
[2018-01-31 11:56:51,588] - logger.py] - INFO: ---调用入金设置交易金额接口开始---
[2018-01-31 11:56:54,701] - logger.py] - INFO: ---调用入金设置交易金额接口结束---
[2018-01-31 11:56:54,703] - logger.py] - INFO: ---下一步输入交易密码开始---
[2018-01-31 11:56:58,838] - logger.py] - INFO: ---入金成功返回结果---
[2018-01-31 11:56:58,841] - logger.py] - INFO: ----------开始登录---------
[2018-01-31 11:56:58,937] - logger.py] - INFO: -----调用资金划拨卡片查询接口开始-----
[2018-01-31 11:56:59,013] - logger.py] - INFO: -----调用资金划拨卡片查询接口结束，获取绑卡id----
[2018-01-31 11:56:59,016] - logger.py] - INFO: ---调用出金设置交易金额接口开始---
[2018-01-31 11:57:02,487] - logger.py] - INFO: ---调用出金设置交易金额接口结束---
[2018-01-31 11:57:02,490] - logger.py] - INFO: ---下一步输入交易密码开始---
[2018-01-31 11:57:06,743] - logger.py] - INFO: ---出金成功返回结果---
[2018-01-31 11:57:06,746] - logger.py] - INFO: -------调用登录方法开始------
[2018-01-31 11:57:06,747] - logger.py] - INFO: ----------开始登录---------
[2018-01-31 11:57:06,854] - logger.py] - INFO: -------调用挂失接口开始------
[2018-01-31 11:57:09,483] - logger.py] - INFO: -------调用挂失身份验证接口开始------
[2018-01-31 11:57:09,529] - logger.py] - INFO: -------调用登录方法开始------
[2018-01-31 11:57:09,529] - logger.py] - INFO: ----------开始登录---------
[2018-01-31 11:57:09,641] - logger.py] - INFO: -------通用验证,调用修改交易密码接口开始------
[2018-01-31 11:57:09,726] - logger.py] - INFO: -------通用验证输入登录密码------
[2018-01-31 11:57:09,769] - logger.py] - INFO: verifyStepList的结果是[{u'btnContent': u'\u4e0b\u4e00\u6b65', u'title': u'\u8eab\u4efd\u9a8c\u8bc1', u'stepDesc': u'', u'extraData': None, u'canBack': True, u'nextStep': u'InputVerifyBankCardInfo', u'token': u'24c1d84ff04193d1775220afeca845ab'}]
[2018-01-31 11:57:09,772] - logger.py] - INFO: -------通用验证四要素鉴权------
[2018-01-31 11:57:10,052] - logger.py] - INFO: -------通用验证,输入短信验证码------
[2018-01-31 11:57:10,099] - logger.py] - INFO: -------通用验证,设置交易密码------
[2018-01-31 11:57:10,150] - logger.py] - INFO: ----------开始登录---------
[2018-01-31 11:57:10,265] - logger.py] - INFO: ----调用定时转入列表查询接口----
[2018-01-31 11:57:10,302] - logger.py] - INFO: -----调用定时转入添加接口-----
[2018-01-31 11:57:13,434] - logger.py] - INFO: ----调用定时转入保存接口----
[2018-01-31 11:57:13,727] - logger.py] - INFO: ----调用定时转入短信发送接口----
[2018-01-31 11:57:13,987] - logger.py] - INFO: ----调用定时转入短信验证接口----
[2018-01-31 11:57:14,062] - logger.py] - INFO: ----------开始登录---------
[2018-01-31 11:57:14,157] - logger.py] - INFO: ---------------调用定时转入列表查询接口------------
[2018-01-31 11:57:14,194] - logger.py] - INFO: -----------调用定时转入详情接口------------
[2018-01-31 11:57:14,239] - logger.py] - INFO: ----调用首页转入转出接口----
[2018-01-31 11:57:17,434] - logger.py] - INFO: ----调用首页记账接口接口----
[2018-01-31 11:57:17,647] - logger.py] - INFO: --------调用定时转入删除接口------------
[2018-01-31 13:08:00,927] - logger.py] - INFO: -------õ¼ʼ------
[2018-01-31 13:08:00,934] - logger.py] - INFO: ----------ʼ¼---------
[2018-01-31 13:08:01,058] - logger.py] - INFO: -------ùʧӿڿʼ------
[2018-01-31 13:08:05,066] - logger.py] - INFO: -------ùʧ֤ӿڿʼ------
[2018-01-31 13:10:02,043] - logger.py] - INFO: ---注册输入手机号，发送短信验证码开始---
[2018-01-31 13:10:02,446] - logger.py] - INFO: ---注册输入手机号成功，发送短信验证码成功---
[2018-01-31 13:10:02,450] - logger.py] - INFO: ---验证短信验证码开始---
[2018-01-31 13:10:02,502] - logger.py] - INFO: 打印r1.json的值：{u'resultData': {u'token': u'oeavFwFpP2V4w8QmIwZ8'}, u'resultCode': 0, u'resultCtrl': None}
[2018-01-31 13:10:02,507] - logger.py] - INFO: 短信验证码验证成功，打印token的值：oeavFwFpP2V4w8QmIwZ8
[2018-01-31 13:10:02,513] - logger.py] - INFO: ---设置登录密码开始---
[2018-01-31 13:10:02,605] - logger.py] - INFO: 设置登录密码成功，注册完成---
[2018-01-31 13:10:02,609] - logger.py] - INFO: ---调用登录获取auth开始---
[2018-01-31 13:10:02,720] - logger.py] - INFO: ---登录成功---
[2018-01-31 13:10:02,730] - logger.py] - INFO: ---调用开户身份验证接口开始，获取token---
[2018-01-31 13:10:03,072] - logger.py] - INFO: ---开户身份验证接口返回成功---
[2018-01-31 13:10:03,078] - logger.py] - INFO: ---调用判断银行卡号是否支持指定业务接口开始---
[2018-01-31 13:10:03,135] - logger.py] - INFO: 打印银行卡类型和银行编码DC PSBC:
[2018-01-31 13:10:03,144] - logger.py] - INFO: ---调用判断银行卡号是否支持指定业务接口通过---
[2018-01-31 13:10:03,151] - logger.py] - INFO: ---调用绑卡发短信接口开始---
[2018-01-31 13:10:15,016] - logger.py] - INFO: ----绑卡发短信接口通过---
[2018-01-31 13:10:15,023] - logger.py] - INFO: ---调用绑卡验证短信接口开始---
[2018-01-31 13:10:15,102] - logger.py] - INFO: ---绑卡验证短信接口通过---
[2018-01-31 13:10:15,108] - logger.py] - INFO: ---调用开户接口开始-----
[2018-01-31 13:10:27,069] - logger.py] - INFO: ----------开始登录---------
[2018-01-31 13:10:27,180] - logger.py] - INFO: -----调用资金划拨卡片查询接口开始-----
[2018-01-31 13:10:27,282] - logger.py] - INFO: -----调用资金划拨卡片查询接口结束，获取绑卡id----
[2018-01-31 13:10:27,286] - logger.py] - INFO: ---调用入金设置交易金额接口开始---
[2018-01-31 13:10:32,676] - logger.py] - INFO: ---调用入金设置交易金额接口结束---
[2018-01-31 13:10:32,686] - logger.py] - INFO: ---下一步输入交易密码开始---
[2018-01-31 13:10:38,743] - logger.py] - INFO: ---入金成功返回结果---
[2018-01-31 13:10:38,752] - logger.py] - INFO: ----------开始登录---------
[2018-01-31 13:10:38,855] - logger.py] - INFO: -----调用资金划拨卡片查询接口开始-----
[2018-01-31 13:10:38,947] - logger.py] - INFO: -----调用资金划拨卡片查询接口结束，获取绑卡id----
[2018-01-31 13:10:38,957] - logger.py] - INFO: ---调用出金设置交易金额接口开始---
[2018-01-31 13:10:43,844] - logger.py] - INFO: ---调用出金设置交易金额接口结束---
[2018-01-31 13:10:43,854] - logger.py] - INFO: ---下一步输入交易密码开始---
[2018-01-31 13:10:51,456] - logger.py] - INFO: ---出金成功返回结果---
[2018-01-31 13:10:51,476] - logger.py] - INFO: -------调用登录方法开始------
[2018-01-31 13:10:51,483] - logger.py] - INFO: ----------开始登录---------
[2018-01-31 13:10:51,596] - logger.py] - INFO: -------调用挂失接口开始------
[2018-01-31 13:11:01,914] - logger.py] - INFO: -------调用挂失身份验证接口开始------
[2018-01-31 13:11:06,644] - logger.py] - INFO: -------调用登录方法开始------
[2018-01-31 13:11:06,655] - logger.py] - INFO: ----------开始登录---------
[2018-01-31 13:11:06,770] - logger.py] - INFO: -------通用验证,调用修改交易密码接口开始------
[2018-01-31 13:11:06,842] - logger.py] - INFO: -------通用验证输入登录密码------
[2018-01-31 13:11:06,888] - logger.py] - INFO: verifyStepList的结果是[{u'btnContent': u'\u4e0b\u4e00\u6b65', u'title': u'\u8eab\u4efd\u9a8c\u8bc1', u'stepDesc': u'', u'extraData': None, u'canBack': True, u'nextStep': u'InputVerifyBankCardInfo', u'token': u'5f5d3719734586bbe6d7be09773e948b'}]
[2018-01-31 13:11:06,894] - logger.py] - INFO: -------通用验证四要素鉴权------
[2018-01-31 13:11:07,250] - logger.py] - INFO: -------通用验证,输入短信验证码------
[2018-01-31 13:11:07,296] - logger.py] - INFO: -------通用验证,设置交易密码------
[2018-01-31 13:11:07,371] - logger.py] - INFO: ----------开始登录---------
[2018-01-31 13:11:07,473] - logger.py] - INFO: ----------开始登录---------
[2018-01-31 13:13:14,196] - logger.py] - INFO: ----------ʼ¼---------
[2018-01-31 13:13:14,328] - logger.py] - INFO: ----öʱתбѯӿ----
[2018-01-31 13:13:14,394] - logger.py] - INFO: -----öʱתӽӿ-----
