[2018-01-21 14:34:54,937] - logger.py] - INFO: ---注册输入手机号，发送短信验证码开始---
[2018-01-21 14:34:55,436] - logger.py] - INFO: ---注册输入手机号成功，发送短信验证码成功---
[2018-01-21 14:34:55,441] - logger.py] - INFO: ---验证短信验证码开始---
[2018-01-21 14:34:55,529] - logger.py] - INFO: 打印r1.json的值：{u'resultData': {u'token': u'Dqr8oPD9UCE9yHDrPiLL'}, u'resultCode': 0, u'resultCtrl': None}
[2018-01-21 14:34:55,538] - logger.py] - INFO: 短信验证码验证成功，打印token的值：Dqr8oPD9UCE9yHDrPiLL
[2018-01-21 14:34:55,549] - logger.py] - INFO: ---设置登录密码开始---
[2018-01-21 14:38:01,098] - logger.py] - INFO: ---注册输入手机号，发送短信验证码开始---
[2018-01-21 14:38:01,483] - logger.py] - INFO: ---注册输入手机号成功，发送短信验证码成功---
[2018-01-21 14:38:01,489] - logger.py] - INFO: ---验证短信验证码开始---
[2018-01-21 14:38:01,546] - logger.py] - INFO: 打印r1.json的值：{u'resultData': {u'token': u'bcMt2rpzSmpA3QQwSyQT'}, u'resultCode': 0, u'resultCtrl': None}
[2018-01-21 14:38:01,552] - logger.py] - INFO: 短信验证码验证成功，打印token的值：bcMt2rpzSmpA3QQwSyQT
[2018-01-21 14:38:01,561] - logger.py] - INFO: ---设置登录密码开始---
[2018-01-21 14:39:28,378] - logger.py] - INFO: ---注册输入手机号，发送短信验证码开始---
[2018-01-21 14:39:28,729] - logger.py] - INFO: ---注册输入手机号成功，发送短信验证码成功---
[2018-01-21 14:39:28,736] - logger.py] - INFO: ---验证短信验证码开始---
[2018-01-21 14:39:28,782] - logger.py] - INFO: 打印r1.json的值：{u'resultData': {u'token': u'th1ZeaBmP7gUeQrK4qTl'}, u'resultCode': 0, u'resultCtrl': None}
[2018-01-21 14:39:28,789] - logger.py] - INFO: 短信验证码验证成功，打印token的值：th1ZeaBmP7gUeQrK4qTl
[2018-01-21 14:39:28,796] - logger.py] - INFO: ---设置登录密码开始---
[2018-01-21 14:40:10,697] - logger.py] - INFO: ---注册输入手机号，发送短信验证码开始---
[2018-01-21 14:40:11,002] - logger.py] - INFO: ---注册输入手机号成功，发送短信验证码成功---
[2018-01-21 14:40:11,016] - logger.py] - INFO: ---验证短信验证码开始---
[2018-01-21 14:40:11,088] - logger.py] - INFO: 打印r1.json的值：{u'resultData': {u'token': u'8f6qu2kye618xEE1JYFk'}, u'resultCode': 0, u'resultCtrl': None}
[2018-01-21 14:40:11,094] - logger.py] - INFO: 短信验证码验证成功，打印token的值：8f6qu2kye618xEE1JYFk
[2018-01-21 14:40:11,098] - logger.py] - INFO: ---设置登录密码开始---
[2018-01-21 14:41:05,464] - logger.py] - INFO: ---注册输入手机号，发送短信验证码开始---
[2018-01-21 14:41:05,785] - logger.py] - INFO: ---注册输入手机号成功，发送短信验证码成功---
[2018-01-21 14:41:05,792] - logger.py] - INFO: ---验证短信验证码开始---
[2018-01-21 14:41:05,842] - logger.py] - INFO: 打印r1.json的值：{u'resultData': {u'token': u'hhXuWYQrfTPXa30lAnCT'}, u'resultCode': 0, u'resultCtrl': None}
[2018-01-21 14:41:05,851] - logger.py] - INFO: 短信验证码验证成功，打印token的值：hhXuWYQrfTPXa30lAnCT
[2018-01-21 14:41:05,857] - logger.py] - INFO: ---设置登录密码开始---
[2018-01-21 14:43:00,789] - logger.py] - INFO: ---注册输入手机号，发送短信验证码开始---
[2018-01-21 14:43:01,148] - logger.py] - INFO: ---注册输入手机号成功，发送短信验证码成功---
[2018-01-21 14:43:01,154] - logger.py] - INFO: ---验证短信验证码开始---
[2018-01-21 14:43:01,210] - logger.py] - INFO: 打印r1.json的值：{u'resultData': {u'token': u'KJ0f9SficVY8WeSNn7TC'}, u'resultCode': 0, u'resultCtrl': None}
[2018-01-21 14:43:01,216] - logger.py] - INFO: 短信验证码验证成功，打印token的值：KJ0f9SficVY8WeSNn7TC
[2018-01-21 14:43:01,220] - logger.py] - INFO: ---设置登录密码开始---
[2018-01-21 14:44:24,003] - logger.py] - INFO: ---注册输入手机号，发送短信验证码开始---
[2018-01-21 14:44:24,378] - logger.py] - INFO: ---注册输入手机号成功，发送短信验证码成功---
[2018-01-21 14:44:24,384] - logger.py] - INFO: ---验证短信验证码开始---
[2018-01-21 14:44:24,441] - logger.py] - INFO: 打印r1.json的值：{u'resultData': {u'token': u'rViR3x9ehgMow0JzQcyH'}, u'resultCode': 0, u'resultCtrl': None}
[2018-01-21 14:44:24,448] - logger.py] - INFO: 短信验证码验证成功，打印token的值：rViR3x9ehgMow0JzQcyH
[2018-01-21 14:44:24,454] - logger.py] - INFO: ---设置登录密码开始---
[2018-01-21 14:45:34,778] - logger.py] - INFO: ---注册输入手机号，发送短信验证码开始---
[2018-01-21 14:45:35,121] - logger.py] - INFO: ---注册输入手机号成功，发送短信验证码成功---
[2018-01-21 14:45:35,131] - logger.py] - INFO: ---验证短信验证码开始---
[2018-01-21 14:45:35,187] - logger.py] - INFO: 打印r1.json的值：{u'resultData': {u'token': u'z5YNndXPVDSabegpTXDr'}, u'resultCode': 0, u'resultCtrl': None}
[2018-01-21 14:45:35,197] - logger.py] - INFO: 短信验证码验证成功，打印token的值：z5YNndXPVDSabegpTXDr
[2018-01-21 14:45:35,209] - logger.py] - INFO: ---设置登录密码开始---
[2018-01-21 14:45:42,200] - logger.py] - INFO: ---注册输入手机号，发送短信验证码开始---
[2018-01-21 14:45:42,486] - logger.py] - INFO: ---注册输入手机号成功，发送短信验证码成功---
[2018-01-21 14:45:42,487] - logger.py] - INFO: ---验证短信验证码开始---
[2018-01-21 14:45:42,536] - logger.py] - INFO: 打印r1.json的值：{u'resultData': {u'token': u'AsUw4rjhQPfSWHMZ7LzX'}, u'resultCode': 0, u'resultCtrl': None}
[2018-01-21 14:45:42,536] - logger.py] - INFO: 短信验证码验证成功，打印token的值：AsUw4rjhQPfSWHMZ7LzX
[2018-01-21 14:45:42,539] - logger.py] - INFO: ---设置登录密码开始---
[2018-01-21 14:49:29,973] - logger.py] - INFO: ---注册输入手机号，发送短信验证码开始---
[2018-01-21 14:49:30,345] - logger.py] - INFO: ---注册输入手机号成功，发送短信验证码成功---
[2018-01-21 14:49:30,351] - logger.py] - INFO: ---验证短信验证码开始---
[2018-01-21 14:49:30,756] - logger.py] - INFO: 打印r1.json的值：{u'resultData': {u'token': u'7H5Ezf1JbFRAMbjpblJR'}, u'resultCode': 0, u'resultCtrl': None}
[2018-01-21 14:49:30,760] - logger.py] - INFO: 短信验证码验证成功，打印token的值：7H5Ezf1JbFRAMbjpblJR
[2018-01-21 14:49:30,766] - logger.py] - INFO: ---设置登录密码开始---
[2018-01-21 14:50:48,267] - logger.py] - INFO: ---注册输入手机号，发送短信验证码开始---
[2018-01-21 14:50:48,618] - logger.py] - INFO: ---注册输入手机号成功，发送短信验证码成功---
[2018-01-21 14:50:48,627] - logger.py] - INFO: ---验证短信验证码开始---
[2018-01-21 14:50:48,684] - logger.py] - INFO: 打印r1.json的值：{u'resultData': {u'token': u'wDEKQIPUFx6lg6gULQZl'}, u'resultCode': 0, u'resultCtrl': None}
[2018-01-21 14:50:48,690] - logger.py] - INFO: 短信验证码验证成功，打印token的值：wDEKQIPUFx6lg6gULQZl
[2018-01-21 14:50:48,696] - logger.py] - INFO: ---设置登录密码开始---
[2018-01-21 14:54:26,167] - logger.py] - INFO: ---注册输入手机号，发送短信验证码开始---
[2018-01-21 14:54:26,516] - logger.py] - INFO: ---注册输入手机号成功，发送短信验证码成功---
[2018-01-21 14:54:26,522] - logger.py] - INFO: ---验证短信验证码开始---
[2018-01-21 14:54:26,595] - logger.py] - INFO: 打印r1.json的值：{u'resultData': {u'token': u's45IsIiZqchYnGGz5Hud'}, u'resultCode': 0, u'resultCtrl': None}
[2018-01-21 14:54:26,601] - logger.py] - INFO: 短信验证码验证成功，打印token的值：s45IsIiZqchYnGGz5Hud
[2018-01-21 14:54:26,608] - logger.py] - INFO: ---设置登录密码开始---
[2018-01-21 14:57:25,845] - logger.py] - INFO: ---注册输入手机号，发送短信验证码开始---
[2018-01-21 14:57:26,196] - logger.py] - INFO: ---注册输入手机号成功，发送短信验证码成功---
[2018-01-21 14:57:26,201] - logger.py] - INFO: ---验证短信验证码开始---
[2018-01-21 14:57:26,260] - logger.py] - INFO: 打印r1.json的值：{u'resultData': {u'token': u'qFmXke3iQ8LFZk0MZNYV'}, u'resultCode': 0, u'resultCtrl': None}
[2018-01-21 14:57:26,266] - logger.py] - INFO: 短信验证码验证成功，打印token的值：qFmXke3iQ8LFZk0MZNYV
[2018-01-21 14:57:26,273] - logger.py] - INFO: ---设置登录密码开始---
[2018-01-21 14:57:33,253] - logger.py] - INFO: ---注册输入手机号，发送短信验证码开始---
[2018-01-21 14:57:33,584] - logger.py] - INFO: ---注册输入手机号成功，发送短信验证码成功---
[2018-01-21 14:57:33,589] - logger.py] - INFO: ---验证短信验证码开始---
[2018-01-21 14:57:33,671] - logger.py] - INFO: 打印r1.json的值：{u'resultData': {u'token': u'ddFOSedd9wPXpiny7u1I'}, u'resultCode': 0, u'resultCtrl': None}
[2018-01-21 14:57:33,677] - logger.py] - INFO: 短信验证码验证成功，打印token的值：ddFOSedd9wPXpiny7u1I
[2018-01-21 14:57:33,683] - logger.py] - INFO: ---设置登录密码开始---
[2018-01-21 15:00:22,438] - logger.py] - INFO: ---注册输入手机号，发送短信验证码开始---
[2018-01-21 15:00:22,785] - logger.py] - INFO: ---注册输入手机号成功，发送短信验证码成功---
[2018-01-21 15:00:22,792] - logger.py] - INFO: ---验证短信验证码开始---
[2018-01-21 15:00:22,857] - logger.py] - INFO: 打印r1.json的值：{u'resultData': {u'token': u'YTpfZfBRfjicWsISNlJf'}, u'resultCode': 0, u'resultCtrl': None}
[2018-01-21 15:00:22,875] - logger.py] - INFO: 短信验证码验证成功，打印token的值：YTpfZfBRfjicWsISNlJf
[2018-01-21 15:00:22,891] - logger.py] - INFO: ---设置登录密码开始---
[2018-01-21 15:01:29,538] - logger.py] - INFO: ---注册输入手机号，发送短信验证码开始---
[2018-01-21 15:01:29,907] - logger.py] - INFO: ---注册输入手机号成功，发送短信验证码成功---
[2018-01-21 15:01:29,914] - logger.py] - INFO: ---验证短信验证码开始---
[2018-01-21 15:01:29,989] - logger.py] - INFO: 打印r1.json的值：{u'resultData': {u'token': u'vbFz0sLZlohd2vXXP1K1'}, u'resultCode': 0, u'resultCtrl': None}
[2018-01-21 15:01:29,994] - logger.py] - INFO: 短信验证码验证成功，打印token的值：vbFz0sLZlohd2vXXP1K1
[2018-01-21 15:01:30,002] - logger.py] - INFO: ---设置登录密码开始---
[2018-01-21 15:03:36,489] - logger.py] - INFO: ---注册输入手机号，发送短信验证码开始---
[2018-01-21 15:03:36,858] - logger.py] - INFO: ---注册输入手机号成功，发送短信验证码成功---
[2018-01-21 15:03:36,875] - logger.py] - INFO: ---验证短信验证码开始---
[2018-01-21 15:03:36,940] - logger.py] - INFO: 打印r1.json的值：{u'resultData': {u'token': u'KN3b9eMh4nJoVrIN3bz7'}, u'resultCode': 0, u'resultCtrl': None}
[2018-01-21 15:03:36,944] - logger.py] - INFO: 短信验证码验证成功，打印token的值：KN3b9eMh4nJoVrIN3bz7
[2018-01-21 15:03:36,951] - logger.py] - INFO: ---设置登录密码开始---
[2018-01-21 15:05:10,375] - logger.py] - INFO: ---注册输入手机号，发送短信验证码开始---
[2018-01-21 15:05:10,757] - logger.py] - INFO: ---注册输入手机号成功，发送短信验证码成功---
[2018-01-21 15:05:10,763] - logger.py] - INFO: ---验证短信验证码开始---
[2018-01-21 15:05:10,826] - logger.py] - INFO: 打印r1.json的值：{u'resultData': {u'token': u'Tli7LzLJFV45k0iLHujE'}, u'resultCode': 0, u'resultCtrl': None}
[2018-01-21 15:05:10,832] - logger.py] - INFO: 短信验证码验证成功，打印token的值：Tli7LzLJFV45k0iLHujE
[2018-01-21 15:05:10,841] - logger.py] - INFO: ---设置登录密码开始---
[2018-01-21 15:07:52,148] - logger.py] - INFO: ---注册输入手机号，发送短信验证码开始---
[2018-01-21 15:07:53,321] - logger.py] - INFO: ---注册输入手机号成功，发送短信验证码成功---
[2018-01-21 15:07:53,332] - logger.py] - INFO: ---验证短信验证码开始---
[2018-01-21 15:07:53,431] - logger.py] - INFO: 打印r1.json的值：{u'resultData': {u'token': u'DKEZX4ZvKQmTC1frgc2S'}, u'resultCode': 0, u'resultCtrl': None}
[2018-01-21 15:07:53,437] - logger.py] - INFO: 短信验证码验证成功，打印token的值：DKEZX4ZvKQmTC1frgc2S
[2018-01-21 15:07:53,443] - logger.py] - INFO: ---设置登录密码开始---
[2018-01-21 15:12:42,342] - logger.py] - INFO: ---注册输入手机号，发送短信验证码开始---
[2018-01-21 15:12:42,401] - logger.py] - INFO: ---注册输入手机号成功，发送短信验证码成功---
[2018-01-21 15:12:42,405] - logger.py] - INFO: ---验证短信验证码开始---
[2018-01-21 15:12:42,489] - logger.py] - INFO: 打印r1.json的值：{u'resultData': None, u'resultCode': 1, u'resultCtrl': {u'dialogTitle': None, u'dialogContent': None, u'type': u'toast', u'dialogBtnList': None, u'toastValue': u'\u624b\u673a\u53f7\u7801\u5df2\u6ce8\u518c'}}
[2018-01-21 15:12:59,371] - logger.py] - INFO: ---注册输入手机号，发送短信验证码开始---
[2018-01-21 15:12:59,726] - logger.py] - INFO: ---注册输入手机号成功，发送短信验证码成功---
[2018-01-21 15:12:59,733] - logger.py] - INFO: ---验证短信验证码开始---
[2018-01-21 15:12:59,809] - logger.py] - INFO: 打印r1.json的值：{u'resultData': {u'token': u'JhU5OnehGd1H83D7IikL'}, u'resultCode': 0, u'resultCtrl': None}
[2018-01-21 15:12:59,818] - logger.py] - INFO: 短信验证码验证成功，打印token的值：JhU5OnehGd1H83D7IikL
[2018-01-21 15:12:59,823] - logger.py] - INFO: ---设置登录密码开始---
[2018-01-21 15:16:33,276] - logger.py] - INFO: ---注册输入手机号，发送短信验证码开始---
[2018-01-21 15:16:33,664] - logger.py] - INFO: ---注册输入手机号成功，发送短信验证码成功---
[2018-01-21 15:16:33,671] - logger.py] - INFO: ---验证短信验证码开始---
[2018-01-21 15:16:33,721] - logger.py] - INFO: 打印r1.json的值：{u'resultData': {u'token': u'bCMc2cc3WySVd30vqjSv'}, u'resultCode': 0, u'resultCtrl': None}
[2018-01-21 15:16:33,729] - logger.py] - INFO: 短信验证码验证成功，打印token的值：bCMc2cc3WySVd30vqjSv
[2018-01-21 15:16:33,736] - logger.py] - INFO: ---设置登录密码开始---
[2018-01-21 15:16:33,836] - logger.py] - INFO: 设置登录密码成功，注册完成---
[2018-01-21 15:54:26,551] - logger.py] - INFO: ---注册输入手机号，发送短信验证码开始---
[2018-01-21 15:54:26,951] - logger.py] - INFO: ---注册输入手机号成功，发送短信验证码成功---
[2018-01-21 15:54:26,957] - logger.py] - INFO: ---验证短信验证码开始---
[2018-01-21 15:54:27,016] - logger.py] - INFO: 打印r1.json的值：{u'resultData': {u'token': u'nnqo60rNQvDFyym5NyxI'}, u'resultCode': 0, u'resultCtrl': None}
[2018-01-21 15:54:27,023] - logger.py] - INFO: 短信验证码验证成功，打印token的值：nnqo60rNQvDFyym5NyxI
[2018-01-21 15:54:27,029] - logger.py] - INFO: ---设置登录密码开始---
[2018-01-21 15:54:27,141] - logger.py] - INFO: 设置登录密码成功，注册完成101404665040433373184fa6586c8b641effda1ba31e67063a387
[2018-01-21 15:56:52,046] - logger.py] - INFO: ---注册输入手机号，发送短信验证码开始---
[2018-01-21 15:56:52,430] - logger.py] - INFO: ---注册输入手机号成功，发送短信验证码成功---
[2018-01-21 15:56:52,431] - logger.py] - INFO: ---验证短信验证码开始---
[2018-01-21 15:56:52,509] - logger.py] - INFO: 打印r1.json的值：{u'resultData': {u'token': u'yw7da9LqgmlIl68LBwRW'}, u'resultCode': 0, u'resultCtrl': None}
[2018-01-21 15:56:52,512] - logger.py] - INFO: 短信验证码验证成功，打印token的值：yw7da9LqgmlIl68LBwRW
[2018-01-21 15:56:52,513] - logger.py] - INFO: ---设置登录密码开始---
[2018-01-21 15:56:52,601] - logger.py] - INFO: 设置登录密码成功，注册完成1014046656506207191046325c4b2bbf29b09c5d3225b44954f5d
[2018-01-21 15:56:52,604] - logger.py] - INFO: ---调用登录获取auth开始---
[2018-01-21 15:58:05,779] - logger.py] - INFO: ---注册输入手机号，发送短信验证码开始---
[2018-01-21 15:58:05,862] - logger.py] - INFO: ---注册输入手机号成功，发送短信验证码成功---
[2018-01-21 15:58:05,880] - logger.py] - INFO: ---验证短信验证码开始---
[2018-01-21 15:58:05,937] - logger.py] - INFO: 打印r1.json的值：{u'resultData': None, u'resultCode': 1, u'resultCtrl': {u'dialogTitle': None, u'dialogContent': None, u'type': u'toast', u'dialogBtnList': None, u'toastValue': u'\u624b\u673a\u53f7\u7801\u5df2\u6ce8\u518c'}}
[2018-01-21 15:58:35,901] - logger.py] - INFO: ---注册输入手机号，发送短信验证码开始---
[2018-01-21 15:58:35,960] - logger.py] - INFO: ---注册输入手机号成功，发送短信验证码成功---
[2018-01-21 15:58:35,967] - logger.py] - INFO: ---验证短信验证码开始---
[2018-01-21 15:58:36,023] - logger.py] - INFO: 打印r1.json的值：{u'resultData': None, u'resultCode': 1, u'resultCtrl': {u'dialogTitle': None, u'dialogContent': None, u'type': u'toast', u'dialogBtnList': None, u'toastValue': u'\u624b\u673a\u53f7\u7801\u5df2\u6ce8\u518c'}}
[2018-01-21 15:58:46,568] - logger.py] - INFO: ---注册输入手机号，发送短信验证码开始---
[2018-01-21 15:58:46,676] - logger.py] - INFO: ---注册输入手机号成功，发送短信验证码成功---
[2018-01-21 15:58:46,683] - logger.py] - INFO: ---验证短信验证码开始---
[2018-01-21 15:58:46,759] - logger.py] - INFO: 打印r1.json的值：{u'resultData': None, u'resultCode': 1, u'resultCtrl': {u'dialogTitle': None, u'dialogContent': None, u'type': u'toast', u'dialogBtnList': None, u'toastValue': u'\u624b\u673a\u53f7\u7801\u5df2\u6ce8\u518c'}}
[2018-01-21 15:59:22,849] - logger.py] - INFO: ---注册输入手机号，发送短信验证码开始---
[2018-01-21 15:59:23,214] - logger.py] - INFO: ---注册输入手机号成功，发送短信验证码成功---
[2018-01-21 15:59:23,230] - logger.py] - INFO: ---验证短信验证码开始---
[2018-01-21 15:59:23,292] - logger.py] - INFO: 打印r1.json的值：{u'resultData': {u'token': u'9Pn7h08ztAVEKIrK3bYv'}, u'resultCode': 0, u'resultCtrl': None}
[2018-01-21 15:59:23,302] - logger.py] - INFO: 短信验证码验证成功，打印token的值：9Pn7h08ztAVEKIrK3bYv
[2018-01-21 15:59:23,312] - logger.py] - INFO: ---设置登录密码开始---
[2018-01-21 15:59:23,486] - logger.py] - INFO: 设置登录密码成功，注册完成10140466628320984268881e17406f5a1e82aadef7eaf40e56128
[2018-01-21 15:59:23,499] - logger.py] - INFO: ---调用登录获取auth开始---
