[2018-01-29 11:10:05,714] - logger.py] - INFO: -------调用登录方法开始------
[2018-01-29 11:10:05,720] - logger.py] - INFO: 开始登录
[2018-01-29 11:10:05,960] - logger.py] - INFO: -------调用挂失接口开始------
[2018-01-29 11:11:14,117] - logger.py] - INFO: -------调用登录方法开始------
[2018-01-29 11:11:14,124] - logger.py] - INFO: 开始登录
[2018-01-29 11:11:14,247] - logger.py] - INFO: -------调用挂失接口开始------
[2018-01-29 11:12:20,848] - logger.py] - INFO: -------调用登录方法开始------
[2018-01-29 11:12:20,855] - logger.py] - INFO: 开始登录
[2018-01-29 11:12:21,023] - logger.py] - INFO: -------调用挂失接口开始------
[2018-01-29 11:13:06,520] - logger.py] - INFO: -------调用登录方法开始------
[2018-01-29 11:13:06,528] - logger.py] - INFO: 开始登录
[2018-01-29 11:13:06,687] - logger.py] - INFO: -------调用挂失接口开始------
[2018-01-29 11:17:39,381] - logger.py] - INFO: -------调用登录方法开始------
[2018-01-29 11:17:39,387] - logger.py] - INFO: 开始登录
[2018-01-29 11:17:39,533] - logger.py] - INFO: -------调用挂失接口开始------
[2018-01-29 11:20:40,311] - logger.py] - INFO: -------调用登录方法开始------
[2018-01-29 11:20:40,315] - logger.py] - INFO: 开始登录
[2018-01-29 11:20:40,769] - logger.py] - INFO: -------调用挂失接口开始------
[2018-01-29 11:21:13,243] - logger.py] - INFO: -------调用登录方法开始------
[2018-01-29 11:21:13,253] - logger.py] - INFO: 开始登录
[2018-01-29 11:21:13,407] - logger.py] - INFO: -------调用挂失接口开始------
[2018-01-29 11:22:46,414] - logger.py] - INFO: -------调用登录方法开始------
[2018-01-29 11:22:46,424] - logger.py] - INFO: 开始登录
[2018-01-29 11:22:46,589] - logger.py] - INFO: -------调用挂失接口开始------
[2018-01-29 11:41:07,749] - logger.py] - INFO: -------调用登录方法开始------
[2018-01-29 11:41:07,756] - logger.py] - INFO: 开始登录
[2018-01-29 11:41:07,901] - logger.py] - INFO: -------调用挂失接口开始------
[2018-01-29 11:42:07,960] - logger.py] - INFO: -------调用登录方法开始------
[2018-01-29 11:42:07,967] - logger.py] - INFO: 开始登录
[2018-01-29 11:42:08,073] - logger.py] - INFO: -------调用挂失接口开始------
[2018-01-29 11:45:31,283] - logger.py] - INFO: -------调用登录方法开始------
[2018-01-29 11:45:31,290] - logger.py] - INFO: 开始登录
[2018-01-29 11:45:31,403] - logger.py] - INFO: -------调用挂失接口开始------
[2018-01-29 13:42:22,250] - logger.py] - INFO: -------调用登录方法开始------
[2018-01-29 13:42:22,252] - logger.py] - INFO: 开始登录
[2018-01-29 13:42:22,364] - logger.py] - INFO: -------调用挂失接口开始------
[2018-01-29 13:43:11,723] - logger.py] - INFO: -------调用登录方法开始------
[2018-01-29 13:43:11,730] - logger.py] - INFO: 开始登录
[2018-01-29 13:43:11,861] - logger.py] - INFO: -------调用挂失接口开始------
[2018-01-29 13:43:15,480] - logger.py] - INFO: -------调用挂失身份验证接口开始------
[2018-01-29 13:49:04,947] - logger.py] - INFO: -------调用登录方法开始------
[2018-01-29 13:49:04,948] - logger.py] - INFO: 开始登录
[2018-01-29 13:49:05,065] - logger.py] - INFO: -------调用挂失接口开始------
[2018-01-29 13:49:07,102] - logger.py] - INFO: -------调用挂失身份验证接口开始------
[2018-01-29 13:51:48,825] - logger.py] - INFO: -------调用登录方法开始------
[2018-01-29 13:51:48,832] - logger.py] - INFO: 开始登录
[2018-01-29 13:51:48,983] - logger.py] - INFO: -------调用挂失接口开始------
[2018-01-29 13:51:51,052] - logger.py] - INFO: -------调用挂失身份验证接口开始------
[2018-01-29 14:00:33,907] - logger.py] - INFO: -------调用登录方法开始------
[2018-01-29 14:00:33,913] - logger.py] - INFO: 开始登录
[2018-01-29 14:00:34,033] - logger.py] - INFO: -------调用挂失接口开始------
[2018-01-29 14:00:36,088] - logger.py] - INFO: -------调用挂失身份验证接口开始------
[2018-01-29 18:28:05,148] - logger.py] - INFO: -------调用登录方法开始------
[2018-01-29 18:28:05,171] - logger.py] - INFO: 开始登录
[2018-01-29 18:28:05,292] - logger.py] - INFO: -------通用验证,调用修改交易密码接口开始------
[2018-01-29 18:28:05,361] - logger.py] - INFO: -------通用验证输入登录密码------
[2018-01-29 18:32:52,719] - logger.py] - INFO: -------调用登录方法开始------
[2018-01-29 18:32:52,726] - logger.py] - INFO: 开始登录
[2018-01-29 18:32:52,836] - logger.py] - INFO: -------通用验证,调用修改交易密码接口开始------
[2018-01-29 18:32:52,878] - logger.py] - INFO: -------通用验证输入登录密码------
[2018-01-29 18:34:19,611] - logger.py] - INFO: -------调用登录方法开始------
[2018-01-29 18:34:19,611] - logger.py] - INFO: 开始登录
[2018-01-29 18:34:19,721] - logger.py] - INFO: -------通用验证,调用修改交易密码接口开始------
[2018-01-29 18:34:19,756] - logger.py] - INFO: -------通用验证输入登录密码------
[2018-01-29 18:35:49,479] - logger.py] - INFO: -------调用登录方法开始------
[2018-01-29 18:35:49,486] - logger.py] - INFO: 开始登录
[2018-01-29 18:35:49,598] - logger.py] - INFO: -------通用验证,调用修改交易密码接口开始------
[2018-01-29 18:35:49,648] - logger.py] - INFO: -------通用验证输入登录密码------
[2018-01-29 18:35:49,691] - logger.py] - INFO: verifyStepList的结果是[{u'btnContent': u'\u4e0b\u4e00\u6b65', u'title': u'\u8eab\u4efd\u9a8c\u8bc1', u'stepDesc': u'', u'extraData': None, u'canBack': True, u'nextStep': u'InputVerifyBankCardInfo', u'token': u'7fa6d0d97b8a99290cc1ae8cb623077d'}]:
[2018-01-29 18:37:04,954] - logger.py] - INFO: -------调用登录方法开始------
[2018-01-29 18:37:04,960] - logger.py] - INFO: 开始登录
[2018-01-29 18:37:05,073] - logger.py] - INFO: -------通用验证,调用修改交易密码接口开始------
[2018-01-29 18:37:05,131] - logger.py] - INFO: -------通用验证输入登录密码------
[2018-01-29 18:37:05,187] - logger.py] - INFO: verifyStepList的结果是[{u'btnContent': u'\u4e0b\u4e00\u6b65', u'title': u'\u8eab\u4efd\u9a8c\u8bc1', u'stepDesc': u'', u'extraData': None, u'canBack': True, u'nextStep': u'InputVerifyBankCardInfo', u'token': u'fc907ccaf4105222fefea38b2158d0c9'}]
[2018-01-29 18:39:02,339] - logger.py] - INFO: -------调用登录方法开始------
[2018-01-29 18:39:02,355] - logger.py] - INFO: 开始登录
[2018-01-29 18:39:02,464] - logger.py] - INFO: -------通用验证,调用修改交易密码接口开始------
[2018-01-29 18:39:02,507] - logger.py] - INFO: -------通用验证输入登录密码------
[2018-01-29 18:39:02,552] - logger.py] - INFO: verifyStepList的结果是[{u'btnContent': u'\u4e0b\u4e00\u6b65', u'title': u'\u8eab\u4efd\u9a8c\u8bc1', u'stepDesc': u'', u'extraData': None, u'canBack': True, u'nextStep': u'InputVerifyBankCardInfo', u'token': u'f6e3de7ff435521859f6184ca64d4a45'}]
[2018-01-29 18:39:19,312] - logger.py] - INFO: -------调用登录方法开始------
[2018-01-29 18:39:19,319] - logger.py] - INFO: 开始登录
[2018-01-29 18:39:19,427] - logger.py] - INFO: -------通用验证,调用修改交易密码接口开始------
[2018-01-29 18:39:19,470] - logger.py] - INFO: -------通用验证输入登录密码------
[2018-01-29 18:39:19,507] - logger.py] - INFO: verifyStepList的结果是[{u'btnContent': u'\u4e0b\u4e00\u6b65', u'title': u'\u8eab\u4efd\u9a8c\u8bc1', u'stepDesc': u'', u'extraData': None, u'canBack': True, u'nextStep': u'InputVerifyBankCardInfo', u'token': u'd5e62b502feb25c8cce534336a2bf1d1'}]
[2018-01-29 18:43:07,543] - logger.py] - INFO: -------调用登录方法开始------
[2018-01-29 18:43:07,552] - logger.py] - INFO: 开始登录
[2018-01-29 18:43:07,687] - logger.py] - INFO: -------通用验证,调用修改交易密码接口开始------
[2018-01-29 18:43:07,734] - logger.py] - INFO: -------通用验证输入登录密码------
[2018-01-29 18:43:07,802] - logger.py] - INFO: verifyStepList的结果是[{u'btnContent': u'\u4e0b\u4e00\u6b65', u'title': u'\u8eab\u4efd\u9a8c\u8bc1', u'stepDesc': u'', u'extraData': None, u'canBack': True, u'nextStep': u'InputVerifyBankCardInfo', u'token': u'd1ed147d0205bda7cdf0163ce2923c00'}]
[2018-01-29 18:43:07,809] - logger.py] - INFO: -------通用验证四要素鉴权------
[2018-01-29 18:52:38,328] - logger.py] - INFO: -------调用登录方法开始------
[2018-01-29 18:52:38,338] - logger.py] - INFO: 开始登录
[2018-01-29 18:52:38,546] - logger.py] - INFO: -------通用验证,调用修改交易密码接口开始------
[2018-01-29 18:52:38,684] - logger.py] - INFO: -------通用验证输入登录密码------
[2018-01-29 18:52:38,823] - logger.py] - INFO: verifyStepList的结果是[{u'btnContent': u'\u4e0b\u4e00\u6b65', u'title': u'\u8eab\u4efd\u9a8c\u8bc1', u'stepDesc': u'', u'extraData': None, u'canBack': True, u'nextStep': u'InputVerifyBankCardInfo', u'token': u'3f953b477b4573e85a9a87b13bbacefa'}]
[2018-01-29 18:52:38,832] - logger.py] - INFO: -------通用验证四要素鉴权------
[2018-01-29 18:55:34,020] - logger.py] - INFO: -------调用登录方法开始------
[2018-01-29 18:55:34,023] - logger.py] - INFO: 开始登录
[2018-01-29 18:55:34,190] - logger.py] - INFO: -------通用验证,调用修改交易密码接口开始------
[2018-01-29 18:55:34,308] - logger.py] - INFO: -------通用验证输入登录密码------
[2018-01-29 18:55:34,426] - logger.py] - INFO: verifyStepList的结果是[{u'btnContent': u'\u4e0b\u4e00\u6b65', u'title': u'\u8eab\u4efd\u9a8c\u8bc1', u'stepDesc': u'', u'extraData': None, u'canBack': True, u'nextStep': u'InputVerifyBankCardInfo', u'token': u'dc059acb8d738a2164f5198a317632b0'}]
[2018-01-29 18:55:34,427] - logger.py] - INFO: -------通用验证四要素鉴权------
[2018-01-29 18:57:10,997] - logger.py] - INFO: -------调用登录方法开始------
[2018-01-29 18:57:11,003] - logger.py] - INFO: 开始登录
[2018-01-29 18:57:11,167] - logger.py] - INFO: -------通用验证,调用修改交易密码接口开始------
[2018-01-29 18:57:11,322] - logger.py] - INFO: -------通用验证输入登录密码------
[2018-01-29 18:57:11,410] - logger.py] - INFO: verifyStepList的结果是[{u'btnContent': u'\u4e0b\u4e00\u6b65', u'title': u'\u8eab\u4efd\u9a8c\u8bc1', u'stepDesc': u'', u'extraData': None, u'canBack': True, u'nextStep': u'InputVerifyBankCardInfo', u'token': u'20a7448ff329e5327de40e3692014aba'}]
[2018-01-29 18:57:11,420] - logger.py] - INFO: -------通用验证四要素鉴权------
[2018-01-29 18:57:11,792] - logger.py] - INFO: -------通用验证,输入短信验证码------
[2018-01-29 18:59:40,167] - logger.py] - INFO: -------调用登录方法开始------
[2018-01-29 18:59:40,226] - logger.py] - INFO: 开始登录
[2018-01-29 18:59:40,437] - logger.py] - INFO: -------通用验证,调用修改交易密码接口开始------
[2018-01-29 18:59:40,572] - logger.py] - INFO: -------通用验证输入登录密码------
[2018-01-29 18:59:40,701] - logger.py] - INFO: verifyStepList的结果是[{u'btnContent': u'\u4e0b\u4e00\u6b65', u'title': u'\u8eab\u4efd\u9a8c\u8bc1', u'stepDesc': u'', u'extraData': None, u'canBack': True, u'nextStep': u'InputVerifyBankCardInfo', u'token': u'8d1bfb5415dafeeb440ceabd8b1e12d9'}]
[2018-01-29 18:59:40,709] - logger.py] - INFO: -------通用验证四要素鉴权------
[2018-01-29 18:59:41,075] - logger.py] - INFO: -------通用验证,输入短信验证码------
[2018-01-29 19:00:27,752] - logger.py] - INFO: -------调用登录方法开始------
[2018-01-29 19:00:27,760] - logger.py] - INFO: 开始登录
[2018-01-29 19:00:27,976] - logger.py] - INFO: -------通用验证,调用修改交易密码接口开始------
[2018-01-29 19:00:28,109] - logger.py] - INFO: -------通用验证输入登录密码------
[2018-01-29 19:00:28,259] - logger.py] - INFO: verifyStepList的结果是[{u'btnContent': u'\u4e0b\u4e00\u6b65', u'title': u'\u8eab\u4efd\u9a8c\u8bc1', u'stepDesc': u'', u'extraData': None, u'canBack': True, u'nextStep': u'InputVerifyBankCardInfo', u'token': u'5e609a805f25511a3a8d111f78420c1d'}]
[2018-01-29 19:00:28,267] - logger.py] - INFO: -------通用验证四要素鉴权------
[2018-01-29 19:00:28,720] - logger.py] - INFO: -------通用验证,输入短信验证码------
[2018-01-29 19:00:28,888] - logger.py] - INFO: -------通用验证,设置交易密码------
[2018-01-29 19:01:48,785] - logger.py] - INFO: -------调用登录方法开始------
[2018-01-29 19:01:48,790] - logger.py] - INFO: 开始登录
[2018-01-29 19:01:48,948] - logger.py] - INFO: -------通用验证,调用修改交易密码接口开始------
[2018-01-29 19:01:49,033] - logger.py] - INFO: -------通用验证输入登录密码------
[2018-01-29 19:01:49,121] - logger.py] - INFO: verifyStepList的结果是[{u'btnContent': u'\u4e0b\u4e00\u6b65', u'title': u'\u8eab\u4efd\u9a8c\u8bc1', u'stepDesc': u'', u'extraData': None, u'canBack': True, u'nextStep': u'InputVerifyBankCardInfo', u'token': u'3ea1098cfc2ffb93b5c206427b50ed36'}]
[2018-01-29 19:01:49,132] - logger.py] - INFO: -------通用验证四要素鉴权------
[2018-01-29 19:01:49,553] - logger.py] - INFO: -------通用验证,输入短信验证码------
[2018-01-29 19:01:49,686] - logger.py] - INFO: -------通用验证,设置交易密码------
[2018-01-29 19:02:36,901] - logger.py] - INFO: -------调用登录方法开始------
[2018-01-29 19:02:36,907] - logger.py] - INFO: 开始登录
[2018-01-29 19:02:37,089] - logger.py] - INFO: -------通用验证,调用修改交易密码接口开始------
[2018-01-29 19:02:37,203] - logger.py] - INFO: -------通用验证输入登录密码------
[2018-01-29 19:02:37,325] - logger.py] - INFO: verifyStepList的结果是[{u'btnContent': u'\u4e0b\u4e00\u6b65', u'title': u'\u8eab\u4efd\u9a8c\u8bc1', u'stepDesc': u'', u'extraData': None, u'canBack': True, u'nextStep': u'InputVerifyBankCardInfo', u'token': u'2c5baf5c62ee119bfe4212227c293ddd'}]
[2018-01-29 19:02:37,335] - logger.py] - INFO: -------通用验证四要素鉴权------
[2018-01-29 19:02:37,763] - logger.py] - INFO: -------通用验证,输入短信验证码------
[2018-01-29 19:02:37,878] - logger.py] - INFO: -------通用验证,设置交易密码------
[2018-01-29 21:33:58,635] - logger.py] - INFO: 开始登录
[2018-01-29 21:41:38,194] - logger.py] - INFO: 开始登录
[2018-01-29 21:47:26,453] - logger.py] - INFO: 开始登录
[2018-01-29 21:47:50,023] - logger.py] - INFO: 开始登录
[2018-01-29 21:50:03,960] - logger.py] - INFO: 开始登录
[2018-01-29 21:51:39,217] - logger.py] - INFO: 开始登录
[2018-01-29 21:53:34,661] - logger.py] - INFO: 开始登录
[2018-01-29 21:56:33,782] - logger.py] - INFO: 开始登录
[2018-01-29 21:56:33,891] - logger.py] - INFO: -----调用定时转入添加接口-----
[2018-01-29 21:56:36,040] - logger.py] - INFO: ----调用定时转入保存接口----
[2018-01-29 21:57:06,151] - logger.py] - INFO: 开始登录
[2018-01-29 21:57:06,259] - logger.py] - INFO: -----调用定时转入添加接口-----
[2018-01-29 21:57:08,486] - logger.py] - INFO: ----调用定时转入保存接口----
[2018-01-29 21:58:14,667] - logger.py] - INFO: 开始登录
[2018-01-29 21:58:14,778] - logger.py] - INFO: -----调用定时转入添加接口-----
[2018-01-29 21:58:17,010] - logger.py] - INFO: ----调用定时转入保存接口----
[2018-01-29 21:59:26,009] - logger.py] - INFO: 开始登录
[2018-01-29 21:59:26,115] - logger.py] - INFO: -----调用定时转入添加接口-----
[2018-01-29 21:59:39,703] - logger.py] - INFO: ----调用定时转入保存接口----
