[2018-01-19 00:06:54,871] - logger.py] - INFO: å¼€å§‹ç™»å½•
[2018-01-19 00:06:55,028] - logger.py] - INFO: ------ç™»å½•æˆåŠŸ!--------
[2018-01-19 00:19:42,118] - logger.py] - INFO: å¼€å§‹ç™»å½•
[2018-01-19 00:19:42,266] - logger.py] - INFO: ------ç™»å½•æˆåŠŸ!--------
[2018-01-19 00:20:49,170] - logger.py] - INFO: å¼€å§‹ç™»å½•
[2018-01-19 00:20:49,358] - logger.py] - INFO: ------ç™»å½•æˆåŠŸ!--------
[2018-01-19 00:21:09,776] - logger.py] - INFO: å¼€å§‹ç™»å½•
[2018-01-19 00:21:09,905] - logger.py] - INFO: ------ç™»å½•æˆåŠŸ!--------
[2018-01-19 00:21:42,359] - logger.py] - INFO: å¼€å§‹ç™»å½•
[2018-01-19 00:21:42,529] - logger.py] - INFO: ------ç™»å½•æˆåŠŸ!--------
[2018-01-19 00:22:23,868] - logger.py] - INFO: å¼€å§‹ç™»å½•
[2018-01-19 00:22:23,993] - logger.py] - INFO: ------ç™»å½•æˆåŠŸ!--------
[2018-01-19 00:22:47,668] - logger.py] - INFO: å¼€å§‹ç™»å½•
[2018-01-19 00:22:47,815] - logger.py] - INFO: ------ç™»å½•æˆåŠŸ!--------
[2018-01-19 00:23:07,088] - logger.py] - INFO: å¼€å§‹ç™»å½•
[2018-01-19 00:23:07,361] - logger.py] - INFO: ------ç™»å½•æˆåŠŸ!--------
[2018-01-19 00:23:39,671] - logger.py] - INFO: å¼€å§‹ç™»å½•
[2018-01-19 00:23:39,829] - logger.py] - INFO: ------ç™»å½•æˆåŠŸ!--------
[2018-01-19 00:24:52,500] - logger.py] - INFO: å¼€å§‹ç™»å½•
[2018-01-19 00:24:52,657] - logger.py] - INFO: ------ç™»å½•æˆåŠŸ!--------
[2018-01-19 00:24:52,667] - logger.py] - INFO: å¼€å§‹ç™»å½•
[2018-01-19 00:26:02,299] - logger.py] - INFO: å¼€å§‹ç™»å½•
[2018-01-19 00:26:02,443] - logger.py] - INFO: ------ç™»å½•æˆåŠŸ!--------
[2018-01-19 00:26:02,454] - logger.py] - INFO: å¼€å§‹ç™»å½•
[2018-01-19 00:26:37,743] - logger.py] - INFO: å¼€å§‹ç™»å½•
[2018-01-19 00:26:37,888] - logger.py] - INFO: ------ç™»å½•æˆåŠŸ!--------
[2018-01-19 00:26:37,890] - logger.py] - INFO: å¼€å§‹ç™»å½•
[2018-01-19 00:27:00,967] - logger.py] - INFO: å¼€å§‹ç™»å½•
[2018-01-19 00:27:01,137] - logger.py] - INFO: ------ç™»å½•æˆåŠŸ!--------
[2018-01-19 00:27:56,217] - logger.py] - INFO: å¼€å§‹ç™»å½•
[2018-01-19 00:27:56,428] - logger.py] - INFO: ------ç™»å½•æˆåŠŸ!--------
[2018-01-19 00:27:56,453] - logger.py] - INFO: å¼€å§‹ç™»å½•
[2018-01-19 00:29:34,362] - logger.py] - INFO: å¼€å§‹ç™»å½•
[2018-01-19 00:29:34,496] - logger.py] - INFO: ------ç™»å½•æˆåŠŸ!--------
[2018-01-19 00:29:34,505] - logger.py] - INFO: å¼€å§‹ç™»å½•
[2018-01-19 14:06:26,305] - logger.py] - INFO: æ‰“å°dataçš„å€¼:{"resultCode":0,"resultData":null,"resultCtrl":null}
[2018-01-19 14:06:26,346] - logger.py] - INFO: ------è¾“å…¥æ‰‹æœºå·å‘é€çŸ­ä¿¡éªŒè¯ç æˆåŠŸ!---------
[2018-01-19 14:06:26,394] - logger.py] - INFO: ´òÓ¡r1.jsonµÄÖµ£º{u'resultData': {u'token': u'0oRQQhilMe1JVUPFdT48'}, u'resultCode': 0, u'resultCtrl': None}
[2018-01-19 14:06:26,457] - logger.py] - INFO: ------è¾“å…¥çŸ­ä¿¡éªŒè¯ç éªŒè¯é€šè¿‡!---------
[2018-01-19 14:07:46,069] - logger.py] - INFO: æ‰“å°dataçš„å€¼:{"resultCode":0,"resultData":null,"resultCtrl":null}
[2018-01-19 14:07:46,076] - logger.py] - INFO: ------è¾“å…¥æ‰‹æœºå·å‘é€çŸ­ä¿¡éªŒè¯ç æˆåŠŸ!---------
[2018-01-19 14:07:46,111] - logger.py] - INFO: ´òÓ¡r1.jsonµÄÖµ£º{u'resultData': {u'token': u'u3MlDRqPJCRxh5OKH44X'}, u'resultCode': 0, u'resultCtrl': None}
[2018-01-19 14:07:46,118] - logger.py] - INFO: ------è¾“å…¥çŸ­ä¿¡éªŒè¯ç éªŒè¯é€šè¿‡!---------
[2018-01-19 14:08:11,947] - logger.py] - INFO: æ‰“å°dataçš„å€¼:{"resultCode":0,"resultData":null,"resultCtrl":null}
[2018-01-19 14:08:11,957] - logger.py] - INFO: ------è¾“å…¥æ‰‹æœºå·å‘é€çŸ­ä¿¡éªŒè¯ç æˆåŠŸ!---------
[2018-01-19 14:08:12,010] - logger.py] - INFO: ´òÓ¡r1.jsonµÄÖµ£º{u'resultData': {u'token': u'MsDFAub8kHJSsUTEd5qa'}, u'resultCode': 0, u'resultCtrl': None}
[2018-01-19 14:08:12,019] - logger.py] - INFO: ------è¾“å…¥çŸ­ä¿¡éªŒè¯ç éªŒè¯é€šè¿‡!---------
[2018-01-19 14:08:23,375] - logger.py] - INFO: æ‰“å°dataçš„å€¼:{"resultCode":0,"resultData":null,"resultCtrl":null}
[2018-01-19 14:08:23,381] - logger.py] - INFO: ------è¾“å…¥æ‰‹æœºå·å‘é€çŸ­ä¿¡éªŒè¯ç æˆåŠŸ!---------
[2018-01-19 14:08:23,466] - logger.py] - INFO: ´òÓ¡r1.jsonµÄÖµ£º{u'resultData': {u'token': u'U4iAgwbnwvcIfzBtCPoi'}, u'resultCode': 0, u'resultCtrl': None}
[2018-01-19 14:08:23,471] - logger.py] - INFO: ------è¾“å…¥çŸ­ä¿¡éªŒè¯ç éªŒè¯é€šè¿‡!---------
[2018-01-19 14:12:19,023] - logger.py] - INFO: æ‰“å°dataçš„å€¼:{"resultCode":0,"resultData":null,"resultCtrl":null}
[2018-01-19 14:12:19,032] - logger.py] - INFO: ------è¾“å…¥æ‰‹æœºå·å‘é€çŸ­ä¿¡éªŒè¯ç æˆåŠŸ!---------
[2018-01-19 14:12:19,081] - logger.py] - INFO: ´òÓ¡r1.jsonµÄÖµ£º{u'resultData': {u'token': u'pEnV2Ljs0lUE90P1WArd'}, u'resultCode': 0, u'resultCtrl': None}
[2018-01-19 14:12:19,088] - logger.py] - INFO: ------è¾“å…¥çŸ­ä¿¡éªŒè¯ç éªŒè¯é€šè¿‡!---------
[2018-01-19 14:37:25,821] - logger.py] - INFO: æ‰“å°dataçš„å€¼:{"resultCode":0,"resultData":null,"resultCtrl":null}
[2018-01-19 14:37:25,828] - logger.py] - INFO: ------è¾“å…¥æ‰‹æœºå·å‘é€çŸ­ä¿¡éªŒè¯ç æˆåŠŸ!---------
[2018-01-19 14:37:25,880] - logger.py] - INFO: ´òÓ¡r1.jsonµÄÖµ£º{u'resultData': {u'token': u'J4XGY2LlD1KhGPECNRrk'}, u'resultCode': 0, u'resultCtrl': None}
[2018-01-19 14:37:25,888] - logger.py] - INFO: ------è¾“å…¥çŸ­ä¿¡éªŒè¯ç éªŒè¯é€šè¿‡!---------
[2018-01-19 14:38:55,650] - logger.py] - INFO: æ‰“å°dataçš„å€¼:{"resultCode":0,"resultData":null,"resultCtrl":null}
[2018-01-19 14:38:55,657] - logger.py] - INFO: ------è¾“å…¥æ‰‹æœºå·å‘é€çŸ­ä¿¡éªŒè¯ç æˆåŠŸ!---------
[2018-01-19 14:38:55,707] - logger.py] - INFO: ´òÓ¡r1.jsonµÄÖµ£º{u'resultData': {u'token': u'TTzQpgtHE3u64gfkRoyO'}, u'resultCode': 0, u'resultCtrl': None}
[2018-01-19 14:38:55,716] - logger.py] - INFO: ------è¾“å…¥çŸ­ä¿¡éªŒè¯ç éªŒè¯é€šè¿‡!---------
[2018-01-19 14:43:49,713] - logger.py] - INFO: æ‰“å°dataçš„å€¼:{"resultCode":0,"resultData":null,"resultCtrl":null}
[2018-01-19 14:43:49,720] - logger.py] - INFO: ------è¾“å…¥æ‰‹æœºå·å‘é€çŸ­ä¿¡éªŒè¯ç æˆåŠŸ!---------
[2018-01-19 14:43:49,770] - logger.py] - INFO: ´òÓ¡r1.jsonµÄÖµ£º{u'resultData': {u'token': u'8of7EDlC1WaqxEDCZFX4'}, u'resultCode': 0, u'resultCtrl': None}
[2018-01-19 14:43:49,778] - logger.py] - INFO: ------è¾“å…¥çŸ­ä¿¡éªŒè¯ç éªŒè¯é€šè¿‡!---------
[2018-01-19 14:47:11,095] - logger.py] - INFO: æ‰“å°dataçš„å€¼:{"resultCode":0,"resultData":null,"resultCtrl":null}
[2018-01-19 14:47:11,107] - logger.py] - INFO: ------è¾“å…¥æ‰‹æœºå·å‘é€çŸ­ä¿¡éªŒè¯ç æˆåŠŸ!---------
[2018-01-19 14:47:42,433] - logger.py] - INFO: æ‰“å°dataçš„å€¼:{"resultCode":0,"resultData":null,"resultCtrl":null}
[2018-01-19 14:47:42,444] - logger.py] - INFO: ------è¾“å…¥æ‰‹æœºå·å‘é€çŸ­ä¿¡éªŒè¯ç æˆåŠŸ!---------
[2018-01-19 14:47:42,496] - logger.py] - INFO: ´òÓ¡r1.jsonµÄÖµ£º{u'resultData': {u'token': u'Yk9CDxIzLtNl9tYcR0UN'}, u'resultCode': 0, u'resultCtrl': None}
[2018-01-19 14:47:42,503] - logger.py] - INFO: ------è¾“å…¥çŸ­ä¿¡éªŒè¯ç éªŒè¯é€šè¿‡!---------
[2018-01-19 14:47:56,881] - logger.py] - INFO: æ‰“å°dataçš„å€¼:{"resultCode":0,"resultData":null,"resultCtrl":null}
[2018-01-19 14:47:56,888] - logger.py] - INFO: ------è¾“å…¥æ‰‹æœºå·å‘é€çŸ­ä¿¡éªŒè¯ç æˆåŠŸ!---------
[2018-01-19 14:47:56,957] - logger.py] - INFO: ´òÓ¡r1.jsonµÄÖµ£º{u'resultData': {u'token': u'rr3rEUniyYwzAXYJaTDt'}, u'resultCode': 0, u'resultCtrl': None}
[2018-01-19 14:47:56,966] - logger.py] - INFO: ------è¾“å…¥çŸ­ä¿¡éªŒè¯ç éªŒè¯é€šè¿‡!---------
[2018-01-19 14:48:08,184] - logger.py] - INFO: æ‰“å°dataçš„å€¼:{"resultCode":0,"resultData":null,"resultCtrl":null}
[2018-01-19 14:48:08,190] - logger.py] - INFO: ------è¾“å…¥æ‰‹æœºå·å‘é€çŸ­ä¿¡éªŒè¯ç æˆåŠŸ!---------
[2018-01-19 14:48:08,232] - logger.py] - INFO: ´òÓ¡r1.jsonµÄÖµ£º{u'resultData': {u'token': u'8XiUi4WEdV7bvQkZLYsn'}, u'resultCode': 0, u'resultCtrl': None}
[2018-01-19 14:48:08,239] - logger.py] - INFO: ------è¾“å…¥çŸ­ä¿¡éªŒè¯ç éªŒè¯é€šè¿‡!---------
[2018-01-19 14:53:55,434] - logger.py] - INFO: æ‰“å°dataçš„å€¼:{"resultCode":0,"resultData":null,"resultCtrl":null}
[2018-01-19 14:53:55,444] - logger.py] - INFO: ------è¾“å…¥æ‰‹æœºå·å‘é€çŸ­ä¿¡éªŒè¯ç æˆåŠŸ!---------
[2018-01-19 14:53:55,492] - logger.py] - INFO: ´òÓ¡r1.jsonµÄÖµ£º{u'resultData': {u'token': u'5hi1TCAcgQsR8mNvqkeM'}, u'resultCode': 0, u'resultCtrl': None}
[2018-01-19 14:53:55,499] - logger.py] - INFO: ------è¾“å…¥çŸ­ä¿¡éªŒè¯ç éªŒè¯é€šè¿‡!---------
[2018-01-19 14:54:01,773] - logger.py] - INFO: æ‰“å°dataçš„å€¼:{"resultCode":0,"resultData":null,"resultCtrl":null}
[2018-01-19 14:54:01,780] - logger.py] - INFO: ------è¾“å…¥æ‰‹æœºå·å‘é€çŸ­ä¿¡éªŒè¯ç æˆåŠŸ!---------
[2018-01-19 14:54:01,828] - logger.py] - INFO: ´òÓ¡r1.jsonµÄÖµ£º{u'resultData': {u'token': u'xnVBEV5s8gXri1caxvg8'}, u'resultCode': 0, u'resultCtrl': None}
[2018-01-19 14:54:01,835] - logger.py] - INFO: ------è¾“å…¥çŸ­ä¿¡éªŒè¯ç éªŒè¯é€šè¿‡!---------
[2018-01-19 14:55:29,411] - logger.py] - INFO: ´òÓ¡r1.jsonµÄÖµ£º{u'resultData': {u'token': u'iQ2eNEF5rX5Zk3JzmPVY'}, u'resultCode': 0, u'resultCtrl': None}
[2018-01-19 14:55:29,417] - logger.py] - INFO: ------è¾“å…¥çŸ­ä¿¡éªŒè¯ç éªŒè¯é€šè¿‡!---------
[2018-01-19 14:58:33,713] - logger.py] - INFO: æ‰“å°dataçš„å€¼:{"resultCode":0,"resultData":null,"resultCtrl":null}
[2018-01-19 14:58:33,720] - logger.py] - INFO: ------è¾“å…¥æ‰‹æœºå·å‘é€çŸ­ä¿¡éªŒè¯ç æˆåŠŸ!---------
[2018-01-19 14:58:33,762] - logger.py] - INFO: ´òÓ¡r1.jsonµÄÖµ£º{u'resultData': {u'token': u'vnI1OOPiOzmisMJC15xC'}, u'resultCode': 0, u'resultCtrl': None}
[2018-01-19 14:58:33,769] - logger.py] - INFO: ------è¾“å…¥çŸ­ä¿¡éªŒè¯ç éªŒè¯é€šè¿‡!---------
[2018-01-19 15:00:04,063] - logger.py] - INFO: æ‰“å°dataçš„å€¼:{"resultCode":0,"resultData":null,"resultCtrl":null}
[2018-01-19 15:00:04,069] - logger.py] - INFO: ------è¾“å…¥æ‰‹æœºå·å‘é€çŸ­ä¿¡éªŒè¯ç æˆåŠŸ!---------
[2018-01-19 15:00:04,140] - logger.py] - INFO: ´òÓ¡r1.jsonµÄÖµ£º{u'resultData': {u'token': u'Lpzno1nk0lfOnQDHl6zo'}, u'resultCode': 0, u'resultCtrl': None}
[2018-01-19 15:00:04,153] - logger.py] - INFO: ------è¾“å…¥çŸ­ä¿¡éªŒè¯ç éªŒè¯é€šè¿‡!---------
[2018-01-19 15:02:30,444] - logger.py] - INFO: æ‰“å°dataçš„å€¼:{"resultCode":0,"resultData":null,"resultCtrl":null}
[2018-01-19 15:02:30,451] - logger.py] - INFO: ------pass!---------
[2018-01-19 15:02:30,519] - logger.py] - INFO: ´òÓ¡r1.jsonµÄÖµ£º{u'resultData': {u'token': u'z6aqZIqRsEP6NgcSmXSP'}, u'resultCode': 0, u'resultCtrl': None}
[2018-01-19 15:02:30,526] - logger.py] - INFO: ´òÓ¡tokenµÄÖµ£ºz6aqZIqRsEP6NgcSmXSP
[2018-01-19 15:02:30,630] - logger.py] - INFO: ´òÓ¡r1.jsonµÄÖµ£º{u'resultData': {u'token': u'o8vLEUiwPMCqGtU5uDws'}, u'resultCode': 0, u'resultCtrl': None}
[2018-01-19 15:02:30,755] - logger.py] - INFO: ------end!--------
[2018-01-19 15:04:05,005] - logger.py] - INFO: å¼€å§‹ç™»å½•
[2018-01-19 15:04:05,121] - logger.py] - INFO: ------ç™»å½•æˆåŠŸ!--------
[2018-01-19 15:05:53,961] - logger.py] - INFO: å¼€å§‹ç™»å½•
[2018-01-19 15:05:54,119] - logger.py] - INFO: ------ç™»å½•æˆåŠŸ!--------
[2018-01-19 15:05:54,131] - logger.py] - INFO: å¼€å§‹ç™»å½•
[2018-01-19 15:05:54,293] - logger.py] - INFO: å¼€å§‹ç™»å½•
[2018-01-19 15:06:31,825] - logger.py] - INFO: å¼€å§‹ç™»å½•
[2018-01-19 15:06:31,931] - logger.py] - INFO: ------ç™»å½•æˆåŠŸ!--------
[2018-01-19 15:06:35,278] - logger.py] - INFO: å¼€å§‹ç™»å½•
[2018-01-19 15:06:35,392] - logger.py] - INFO: ------ç™»å½•æˆåŠŸ!--------
[2018-01-19 15:09:02,188] - logger.py] - INFO: å¼€å§‹ç™»å½•
[2018-01-19 15:09:02,298] - logger.py] - INFO: ------ç™»å½•æˆåŠŸ!--------
[2018-01-19 15:10:46,471] - logger.py] - INFO: å¼€å§‹ç™»å½•
[2018-01-19 15:10:46,582] - logger.py] - INFO: ------ç™»å½•æˆåŠŸ!--------
[2018-01-19 15:10:46,592] - logger.py] - INFO: å¼€å§‹ç™»å½•
[2018-01-19 15:10:46,674] - logger.py] - INFO: å¼€æˆ·ç¬¬ä¸€æ­¥,ä¸Šä¼ èº«ä»½è¯æ­£åé¢
[2018-01-19 15:11:08,282] - logger.py] - INFO: å¼€å§‹ç™»å½•
[2018-01-19 15:11:08,576] - logger.py] - INFO: ------ç™»å½•æˆåŠŸ!--------
[2018-01-19 15:11:08,585] - logger.py] - INFO: å¼€æˆ·ç¬¬ä¸€æ­¥,ä¸Šä¼ èº«ä»½è¯æ­£åé¢
[2018-01-19 15:11:37,085] - logger.py] - INFO: å¼€å§‹ç™»å½•
[2018-01-19 15:11:37,200] - logger.py] - INFO: ------ç™»å½•æˆåŠŸ!--------
[2018-01-19 15:11:37,210] - logger.py] - INFO: å¼€æˆ·ç¬¬ä¸€æ­¥,ä¸Šä¼ èº«ä»½è¯æ­£åé¢
[2018-01-19 15:18:02,253] - logger.py] - INFO: å¼€å§‹ç™»å½•
[2018-01-19 15:18:02,362] - logger.py] - INFO: ------ç™»å½•æˆåŠŸ!--------
[2018-01-19 15:18:22,839] - logger.py] - INFO: å¼€å§‹ç™»å½•
[2018-01-19 15:18:22,943] - logger.py] - INFO: ------ç™»å½•æˆåŠŸ!--------
[2018-01-19 15:19:04,723] - logger.py] - INFO: å¼€å§‹ç™»å½•
[2018-01-19 15:24:03,835] - logger.py] - INFO: å¼€å§‹ç™»å½•
[2018-01-19 15:24:04,226] - logger.py] - INFO: ------ç™»å½•æˆåŠŸ!--------
[2018-01-19 15:24:04,234] - logger.py] - INFO: å¼€æˆ·ç¬¬ä¸€æ­¥,ä¸Šä¼ èº«ä»½è¯æ­£åé¢
[2018-01-19 15:24:22,078] - logger.py] - INFO: å¼€å§‹ç™»å½•
[2018-01-19 15:24:22,236] - logger.py] - INFO: ------ç™»å½•æˆåŠŸ!--------
[2018-01-19 15:25:42,368] - logger.py] - INFO: å¼€æˆ·ç¬¬ä¸€æ­¥,ä¸Šä¼ èº«ä»½è¯æ­£åé¢
[2018-01-19 15:32:02,220] - logger.py] - INFO: å¼€å§‹ç™»å½•
[2018-01-19 15:32:02,328] - logger.py] - INFO: ------ç™»å½•æˆåŠŸ!--------
[2018-01-19 15:32:43,378] - logger.py] - INFO: å¼€å§‹ç™»å½•
[2018-01-19 15:32:43,487] - logger.py] - INFO: ------ç™»å½•æˆåŠŸ!--------
[2018-01-19 15:34:29,969] - logger.py] - INFO: å¼€å§‹ç™»å½•
[2018-01-19 15:34:30,085] - logger.py] - INFO: ------ç™»å½•æˆåŠŸ!--------
[2018-01-19 15:35:39,122] - logger.py] - INFO: å¼€æˆ·ç¬¬ä¸€æ­¥,ä¸Šä¼ èº«ä»½è¯æ­£åé¢
[2018-01-19 15:37:41,795] - logger.py] - INFO: å¼€æˆ·ç¬¬ä¸€æ­¥,ä¸Šä¼ èº«ä»½è¯æ­£åé¢
[2018-01-19 15:37:41,921] - logger.py] - INFO: ä»ç™»å½•ç»“æœä¸­å–å‡ºauth
[2018-01-19 15:38:30,444] - logger.py] - INFO: å¼€æˆ·ç¬¬ä¸€æ­¥,ä¸Šä¼ èº«ä»½è¯æ­£åé¢
[2018-01-19 15:38:30,451] - logger.py] - INFO: ä»ç™»å½•ç»“æœä¸­å–å‡ºauth
[2018-01-19 15:39:43,759] - logger.py] - INFO: å¼€æˆ·ç¬¬ä¸€æ­¥,ä¸Šä¼ èº«ä»½è¯æ­£åé¢
[2018-01-19 15:39:43,928] - logger.py] - INFO: ä»ç™»å½•ç»“æœä¸­å–å‡ºauth,æ‰“å°auth a1ecfd1d295ba3b5ec0c8798c6c98fed
[2018-01-19 15:40:28,368] - logger.py] - INFO: å¼€æˆ·ç¬¬ä¸€æ­¥,ä¸Šä¼ èº«ä»½è¯æ­£åé¢
[2018-01-19 15:40:43,709] - logger.py] - INFO: ¿ª»§µÚÒ»²½,ÉÏ´«Éí·İÖ¤Õı·´Ãæ
[2018-01-19 15:40:43,848] - logger.py] - INFO: ´ÓµÇÂ¼½á¹ûÖĞÈ¡³öµÇÂ¼Ì¬,´òÓ¡authÊÇ39a56e6a13ab8f0f83df5c56a6310a3f
[2018-01-19 15:42:55,325] - logger.py] - INFO: ¿ª»§µÚÒ»²½,ÉÏ´«Éí·İÖ¤Õı·´Ãæ
[2018-01-19 15:42:55,438] - logger.py] - INFO: ´ÓµÇÂ¼½á¹ûÖĞÈ¡³öµÇÂ¼Ì¬,´òÓ¡authÊÇb6e97d03845ada4eeb4ab936012c2d55
[2018-01-19 15:59:00,088] - logger.py] - INFO: å¼€å§‹ç™»å½•
[2018-01-19 15:59:00,233] - logger.py] - INFO: ------ç™»å½•æˆåŠŸ!--------
[2018-01-19 16:18:22,653] - logger.py] - INFO: ¿ª»§µÚÒ»²½,ÉÏ´«Éí·İÖ¤Õı·´Ãæ
[2018-01-19 16:18:22,838] - logger.py] - INFO: ´ÓµÇÂ¼½á¹ûÖĞÈ¡³öµÇÂ¼Ì¬,´òÓ¡authÊÇbe90d7010f51181ec80152e840b3e5ca
[2018-01-19 16:18:23,219] - logger.py] - INFO: Í¨¹ıµÇÂ¼»ñÈ¡auth,´«ÈëÅĞ¶ÏÒøĞĞ¿¨ºÅÊÇ·ñÖ§³ÖÖ¸¶¨ÒµÎñ½Ó¿Ú
[2018-01-19 16:19:35,157] - logger.py] - INFO: ¿ª»§µÚÒ»²½,ÉÏ´«Éí·İÖ¤Õı·´Ãæ
[2018-01-19 16:19:35,290] - logger.py] - INFO: ´ÓµÇÂ¼½á¹ûÖĞÈ¡³öµÇÂ¼Ì¬,´òÓ¡authÊÇ6ba5842b9ba3b1a5035df27b6e3196ae
[2018-01-19 16:19:35,591] - logger.py] - INFO: Í¨¹ıµÇÂ¼»ñÈ¡auth,´«ÈëÅĞ¶ÏÒøĞĞ¿¨ºÅÊÇ·ñÖ§³ÖÖ¸¶¨ÒµÎñ½Ó¿Ú
[2018-01-19 16:22:38,674] - logger.py] - INFO: ¿ª»§µÚÒ»²½,ÉÏ´«Éí·İÖ¤Õı·´Ãæ
[2018-01-19 16:22:38,796] - logger.py] - INFO: ´ÓµÇÂ¼½á¹ûÖĞÈ¡³öµÇÂ¼Ì¬,´òÓ¡authÊÇaf25a9e8f2122f54d230084c4064edcb
[2018-01-19 16:22:39,075] - logger.py] - INFO: Í¨¹ıµÇÂ¼»ñÈ¡auth,´«ÈëÅĞ¶ÏÒøĞĞ¿¨ºÅÊÇ·ñÖ§³ÖÖ¸¶¨ÒµÎñ½Ó¿Ú
[2018-01-19 16:24:24,802] - logger.py] - INFO: å¼€å§‹ç™»å½•
[2018-01-19 16:24:25,273] - logger.py] - INFO: ------ç™»å½•æˆåŠŸ!--------
[2018-01-19 16:25:35,200] - logger.py] - INFO: ¿ª»§µÚÒ»²½,ÉÏ´«Éí·İÖ¤Õı·´Ãæ
[2018-01-19 16:25:35,345] - logger.py] - INFO: ´ÓµÇÂ¼½á¹ûÖĞÈ¡³öµÇÂ¼Ì¬,´òÓ¡authÊÇa4d30a0e4c2554f1ccd00f734f23a715
[2018-01-19 16:25:35,625] - logger.py] - INFO: Í¨¹ıµÇÂ¼»ñÈ¡auth,´«ÈëÅĞ¶ÏÒøĞĞ¿¨ºÅÊÇ·ñÖ§³ÖÖ¸¶¨ÒµÎñ½Ó¿Ú
[2018-01-19 16:27:14,282] - logger.py] - INFO: ¿ª»§µÚÒ»²½,ÉÏ´«Éí·İÖ¤Õı·´Ãæ
[2018-01-19 16:27:14,474] - logger.py] - INFO: ´ÓµÇÂ¼½á¹ûÖĞÈ¡³öµÇÂ¼Ì¬,´òÓ¡authÊÇ223dbf774df1b0f53e80979ebe4b86a2
[2018-01-19 16:27:14,795] - logger.py] - INFO: Í¨¹ıµÇÂ¼»ñÈ¡auth,´«ÈëÅĞ¶ÏÒøĞĞ¿¨ºÅÊÇ·ñÖ§³ÖÖ¸¶¨ÒµÎñ½Ó¿Ú
[2018-01-19 16:28:39,655] - logger.py] - INFO: ¿ª»§µÚÒ»²½,ÉÏ´«Éí·İÖ¤Õı·´Ãæ
[2018-01-19 16:28:39,825] - logger.py] - INFO: ´ÓµÇÂ¼½á¹ûÖĞÈ¡³öµÇÂ¼Ì¬,´òÓ¡authÊÇa6096bb2d1c55926b79d2621f5fdcffa
[2018-01-19 16:31:39,157] - logger.py] - INFO: ¿ª»§µÚÒ»²½,ÉÏ´«Éí·İÖ¤Õı·´Ãæ
[2018-01-19 16:31:39,319] - logger.py] - INFO: ´ÓµÇÂ¼½á¹ûÖĞÈ¡³öµÇÂ¼Ì¬,´òÓ¡authÊÇ1f569388e87d307ac5ca3ccd45a151d7
[2018-01-19 16:31:39,582] - logger.py] - INFO: Í¨¹ıµÇÂ¼»ñÈ¡auth,´«ÈëÅĞ¶ÏÒøĞĞ¿¨ºÅÊÇ·ñÖ§³ÖÖ¸¶¨ÒµÎñ½Ó¿Ú
[2018-01-19 16:34:21,035] - logger.py] - INFO: ¿ª»§µÚÒ»²½,ÉÏ´«Éí·İÖ¤Õı·´Ãæ
[2018-01-19 16:34:21,144] - logger.py] - INFO: ´ÓµÇÂ¼½á¹ûÖĞÈ¡³öµÇÂ¼Ì¬,´òÓ¡authÊÇc34a9688383699a72f2c4145a2427ea8
[2018-01-19 16:34:21,387] - logger.py] - INFO: Í¨¹ıµÇÂ¼»ñÈ¡auth,´«ÈëÅĞ¶ÏÒøĞĞ¿¨ºÅÊÇ·ñÖ§³ÖÖ¸¶¨ÒµÎñ½Ó¿Ú
[2018-01-19 16:34:40,467] - logger.py] - INFO: Í¨¹ıµÇÂ¼»ñÈ¡auth,´«ÈëÅĞ¶ÏÒøĞĞ¿¨ºÅÊÇ·ñÖ§³ÖÖ¸¶¨ÒµÎñ½Ó¿Ú
[2018-01-19 16:42:18,046] - logger.py] - INFO: Í¨¹ıµÇÂ¼»ñÈ¡auth,´«ÈëÅĞ¶ÏÒøĞĞ¿¨ºÅÊÇ·ñÖ§³ÖÖ¸¶¨ÒµÎñ½Ó¿Ú
[2018-01-19 16:42:48,894] - logger.py] - INFO: Í¨¹ıµÇÂ¼»ñÈ¡auth,´«ÈëÅĞ¶ÏÒøĞĞ¿¨ºÅÊÇ·ñÖ§³ÖÖ¸¶¨ÒµÎñ½Ó¿Ú
[2018-01-19 16:44:06,443] - logger.py] - INFO: ¿ª»§µÚÒ»²½,ÉÏ´«Éí·İÖ¤Õı·´Ãæ
[2018-01-19 16:44:06,592] - logger.py] - INFO: ´ÓµÇÂ¼½á¹ûÖĞÈ¡³öµÇÂ¼Ì¬,´òÓ¡authÊÇ7818ead74255ea008d297ac9f4019ddb
[2018-01-19 16:44:06,871] - logger.py] - INFO: Í¨¹ıµÇÂ¼»ñÈ¡auth,´«ÈëÅĞ¶ÏÒøĞĞ¿¨ºÅÊÇ·ñÖ§³ÖÖ¸¶¨ÒµÎñ½Ó¿Ú
[2018-01-19 16:48:28,918] - logger.py] - INFO: ¿ª»§µÚÒ»²½,ÉÏ´«Éí·İÖ¤Õı·´Ãæ
[2018-01-19 16:48:29,056] - logger.py] - INFO: ´ÓµÇÂ¼½á¹ûÖĞÈ¡³öµÇÂ¼Ì¬,´òÓ¡authÊÇ925c9ea79f579860e7cd70490fdb6dc0
[2018-01-19 16:48:29,315] - logger.py] - INFO: Í¨¹ıµÇÂ¼»ñÈ¡auth,´«ÈëÅĞ¶ÏÒøĞĞ¿¨ºÅÊÇ·ñÖ§³ÖÖ¸¶¨ÒµÎñ½Ó¿Ú
[2018-01-19 16:49:37,900] - logger.py] - INFO: ¿ª»§µÚÒ»²½,ÉÏ´«Éí·İÖ¤Õı·´Ãæ
[2018-01-19 16:49:38,035] - logger.py] - INFO: ´ÓµÇÂ¼½á¹ûÖĞÈ¡³öµÇÂ¼Ì¬,´òÓ¡authÊÇ961ab7596f81f5e51981338d515e2a05
[2018-01-19 16:49:59,454] - logger.py] - INFO: Í¨¹ıµÇÂ¼»ñÈ¡auth,´«ÈëÅĞ¶ÏÒøĞĞ¿¨ºÅÊÇ·ñÖ§³ÖÖ¸¶¨ÒµÎñ½Ó¿Ú
[2018-01-19 17:10:43,921] - logger.py] - INFO: ¿ª»§µÚÒ»²½,ÉÏ´«Éí·İÖ¤Õı·´Ãæ
[2018-01-19 17:10:44,036] - logger.py] - INFO: ´ÓµÇÂ¼½á¹ûÖĞÈ¡³öµÇÂ¼Ì¬,´òÓ¡authÊÇ009f099acfda9fca6a80f443a5ca27f0
[2018-01-19 17:10:44,348] - logger.py] - INFO: Í¨¹ıµÇÂ¼»ñÈ¡auth,´«ÈëÅĞ¶ÏÒøĞĞ¿¨ºÅÊÇ·ñÖ§³ÖÖ¸¶¨ÒµÎñ½Ó¿Ú
[2018-01-19 17:11:21,619] - logger.py] - INFO: ¿ª»§µÚÒ»²½,ÉÏ´«Éí·İÖ¤Õı·´Ãæ
[2018-01-19 17:11:21,739] - logger.py] - INFO: ´ÓµÇÂ¼½á¹ûÖĞÈ¡³öµÇÂ¼Ì¬,´òÓ¡authÊÇ0b8f4d36d334e246780daf256c23b912
[2018-01-19 17:11:22,003] - logger.py] - INFO: Í¨¹ıµÇÂ¼»ñÈ¡auth,´«ÈëÅĞ¶ÏÒøĞĞ¿¨ºÅÊÇ·ñÖ§³ÖÖ¸¶¨ÒµÎñ½Ó¿Ú
[2018-01-19 17:11:55,112] - logger.py] - INFO: ¿ª»§µÚÒ»²½,ÉÏ´«Éí·İÖ¤Õı·´Ãæ
[2018-01-19 17:11:55,230] - logger.py] - INFO: ´ÓµÇÂ¼½á¹ûÖĞÈ¡³öµÇÂ¼Ì¬,´òÓ¡authÊÇ649642624382aa9d7fcefb7b971ee400
[2018-01-19 17:11:55,539] - logger.py] - INFO: Í¨¹ıµÇÂ¼»ñÈ¡auth,´«ÈëÅĞ¶ÏÒøĞĞ¿¨ºÅÊÇ·ñÖ§³ÖÖ¸¶¨ÒµÎñ½Ó¿Ú
[2018-01-19 17:12:43,417] - logger.py] - INFO: Í¨¹ıµÇÂ¼»ñÈ¡auth,´«ÈëÅĞ¶ÏÒøĞĞ¿¨ºÅÊÇ·ñÖ§³ÖÖ¸¶¨ÒµÎñ½Ó¿Ú
[2018-01-19 17:15:59,477] - logger.py] - INFO: ¿ª»§µÚÒ»²½,ÉÏ´«Éí·İÖ¤Õı·´Ãæ
[2018-01-19 17:15:59,618] - logger.py] - INFO: ´ÓµÇÂ¼½á¹ûÖĞÈ¡³öµÇÂ¼Ì¬,´òÓ¡authÊÇ86e93fed20994ae8e4b81e1fe98029d6
[2018-01-19 17:15:59,867] - logger.py] - INFO: Í¨¹ıµÇÂ¼»ñÈ¡auth,´«ÈëÅĞ¶ÏÒøĞĞ¿¨ºÅÊÇ·ñÖ§³ÖÖ¸¶¨ÒµÎñ½Ó¿Ú
[2018-01-19 17:16:37,029] - logger.py] - INFO: ¿ª»§µÚÒ»²½,ÉÏ´«Éí·İÖ¤Õı·´Ãæ
[2018-01-19 17:16:37,161] - logger.py] - INFO: ´ÓµÇÂ¼½á¹ûÖĞÈ¡³öµÇÂ¼Ì¬,´òÓ¡authÊÇ5db94383609ac2bda871e0843a2d69ee
[2018-01-19 17:16:37,392] - logger.py] - INFO: Í¨¹ıµÇÂ¼»ñÈ¡auth,´«ÈëÅĞ¶ÏÒøĞĞ¿¨ºÅÊÇ·ñÖ§³ÖÖ¸¶¨ÒµÎñ½Ó¿Ú
[2018-01-19 17:16:55,601] - logger.py] - INFO: ¿ª»§µÚÒ»²½,ÉÏ´«Éí·İÖ¤Õı·´Ãæ
[2018-01-19 17:16:55,726] - logger.py] - INFO: ´ÓµÇÂ¼½á¹ûÖĞÈ¡³öµÇÂ¼Ì¬,´òÓ¡authÊÇd24401569444f594227b42b6f538449a
[2018-01-19 17:16:56,000] - logger.py] - INFO: Í¨¹ıµÇÂ¼»ñÈ¡auth,´«ÈëÅĞ¶ÏÒøĞĞ¿¨ºÅÊÇ·ñÖ§³ÖÖ¸¶¨ÒµÎñ½Ó¿Ú
[2018-01-19 17:18:03,710] - logger.py] - INFO: ¿ª»§µÚÒ»²½,ÉÏ´«Éí·İÖ¤Õı·´Ãæ
[2018-01-19 17:18:03,851] - logger.py] - INFO: ´ÓµÇÂ¼½á¹ûÖĞÈ¡³öµÇÂ¼Ì¬,´òÓ¡authÊÇ4c972512567d427b858b1308130bcfc6
[2018-01-19 17:18:04,117] - logger.py] - INFO: Í¨¹ıµÇÂ¼»ñÈ¡auth,´«ÈëÅĞ¶ÏÒøĞĞ¿¨ºÅÊÇ·ñÖ§³ÖÖ¸¶¨ÒµÎñ½Ó¿Ú
[2018-01-19 17:18:04,302] - logger.py] - INFO: ´òÓ¡½á¹ûDCCMB:
[2018-01-19 17:18:16,859] - logger.py] - INFO: ¿ª»§µÚÒ»²½,ÉÏ´«Éí·İÖ¤Õı·´Ãæ
[2018-01-19 17:18:16,990] - logger.py] - INFO: ´ÓµÇÂ¼½á¹ûÖĞÈ¡³öµÇÂ¼Ì¬,´òÓ¡authÊÇ786d6632d43d3878b4abf37be63f29eb
[2018-01-19 17:18:17,263] - logger.py] - INFO: Í¨¹ıµÇÂ¼»ñÈ¡auth,´«ÈëÅĞ¶ÏÒøĞĞ¿¨ºÅÊÇ·ñÖ§³ÖÖ¸¶¨ÒµÎñ½Ó¿Ú
[2018-01-19 17:18:17,417] - logger.py] - INFO: ´òÓ¡½á¹ûDC CMB:
[2018-01-19 17:18:57,338] - logger.py] - INFO: ¿ª»§µÚÒ»²½,ÉÏ´«Éí·İÖ¤Õı·´Ãæ
[2018-01-19 17:18:57,480] - logger.py] - INFO: ´ÓµÇÂ¼½á¹ûÖĞÈ¡³öµÇÂ¼Ì¬,´òÓ¡authÊÇf752e98bb6ace09926a5f3152be46308
[2018-01-19 17:18:57,740] - logger.py] - INFO: Í¨¹ıµÇÂ¼»ñÈ¡auth,´«ÈëÅĞ¶ÏÒøĞĞ¿¨ºÅÊÇ·ñÖ§³ÖÖ¸¶¨ÒµÎñ½Ó¿Ú
[2018-01-19 17:19:20,177] - logger.py] - INFO: ¿ª»§µÚÒ»²½,ÉÏ´«Éí·İÖ¤Õı·´Ãæ
[2018-01-19 17:19:20,318] - logger.py] - INFO: ´ÓµÇÂ¼½á¹ûÖĞÈ¡³öµÇÂ¼Ì¬,´òÓ¡authÊÇ269987619f92183f63313127573a7156
[2018-01-19 17:19:20,608] - logger.py] - INFO: Í¨¹ıµÇÂ¼»ñÈ¡auth,´«ÈëÅĞ¶ÏÒøĞĞ¿¨ºÅÊÇ·ñÖ§³ÖÖ¸¶¨ÒµÎñ½Ó¿Ú
[2018-01-19 17:19:42,082] - logger.py] - INFO: ¿ª»§µÚÒ»²½,ÉÏ´«Éí·İÖ¤Õı·´Ãæ
[2018-01-19 17:19:42,203] - logger.py] - INFO: ´ÓµÇÂ¼½á¹ûÖĞÈ¡³öµÇÂ¼Ì¬,´òÓ¡authÊÇ92d5438e22e80645558995ed05555f38
[2018-01-19 17:19:42,502] - logger.py] - INFO: Í¨¹ıµÇÂ¼»ñÈ¡auth,´«ÈëÅĞ¶ÏÒøĞĞ¿¨ºÅÊÇ·ñÖ§³ÖÖ¸¶¨ÒµÎñ½Ó¿Ú
[2018-01-19 17:19:54,051] - logger.py] - INFO: ¿ª»§µÚÒ»²½,ÉÏ´«Éí·İÖ¤Õı·´Ãæ
[2018-01-19 17:19:54,217] - logger.py] - INFO: ´ÓµÇÂ¼½á¹ûÖĞÈ¡³öµÇÂ¼Ì¬,´òÓ¡authÊÇ9e86d98cb5f80880a2460ea54b72f743
[2018-01-19 17:19:54,496] - logger.py] - INFO: Í¨¹ıµÇÂ¼»ñÈ¡auth,´«ÈëÅĞ¶ÏÒøĞĞ¿¨ºÅÊÇ·ñÖ§³ÖÖ¸¶¨ÒµÎñ½Ó¿Ú
[2018-01-19 17:20:16,582] - logger.py] - INFO: ¿ª»§µÚÒ»²½,ÉÏ´«Éí·İÖ¤Õı·´Ãæ
[2018-01-19 17:20:16,709] - logger.py] - INFO: ´ÓµÇÂ¼½á¹ûÖĞÈ¡³öµÇÂ¼Ì¬,´òÓ¡authÊÇ7d63f4781ebf924e5bac59ab6bedb054
[2018-01-19 17:20:17,009] - logger.py] - INFO: Í¨¹ıµÇÂ¼»ñÈ¡auth,´«ÈëÅĞ¶ÏÒøĞĞ¿¨ºÅÊÇ·ñÖ§³ÖÖ¸¶¨ÒµÎñ½Ó¿Ú
[2018-01-19 17:20:17,171] - logger.py] - INFO: ´òÓ¡½á¹ûDC CMB:
[2018-01-19 17:21:06,138] - logger.py] - INFO: ¿ª»§µÚÒ»²½,ÉÏ´«Éí·İÖ¤Õı·´Ãæ
[2018-01-19 17:21:06,269] - logger.py] - INFO: ´ÓµÇÂ¼½á¹ûÖĞÈ¡³öµÇÂ¼Ì¬,´òÓ¡authÊÇ04d096f9ea7785c854c913d98edf7980
[2018-01-19 17:21:06,548] - logger.py] - INFO: Í¨¹ıµÇÂ¼»ñÈ¡auth,´«ÈëÅĞ¶ÏÒøĞĞ¿¨ºÅÊÇ·ñÖ§³ÖÖ¸¶¨ÒµÎñ½Ó¿Ú
[2018-01-19 17:21:33,717] - logger.py] - INFO: ¿ª»§µÚÒ»²½,ÉÏ´«Éí·İÖ¤Õı·´Ãæ
[2018-01-19 17:21:33,834] - logger.py] - INFO: ´ÓµÇÂ¼½á¹ûÖĞÈ¡³öµÇÂ¼Ì¬,´òÓ¡authÊÇ117da73151c9606c34189c72693ac85f
[2018-01-19 17:21:34,092] - logger.py] - INFO: Í¨¹ıµÇÂ¼»ñÈ¡auth,´«ÈëÅĞ¶ÏÒøĞĞ¿¨ºÅÊÇ·ñÖ§³ÖÖ¸¶¨ÒµÎñ½Ó¿Ú
[2018-01-19 17:21:34,242] - logger.py] - INFO: ´òÓ¡½á¹ûDC CMB:
[2018-01-19 17:22:09,864] - logger.py] - INFO: ¿ª»§µÚÒ»²½,ÉÏ´«Éí·İÖ¤Õı·´Ãæ
[2018-01-19 17:22:09,980] - logger.py] - INFO: ´ÓµÇÂ¼½á¹ûÖĞÈ¡³öµÇÂ¼Ì¬,´òÓ¡authÊÇ8cdaac60c632d175766b498efbd85e7e
[2018-01-19 17:22:10,219] - logger.py] - INFO: Í¨¹ıµÇÂ¼»ñÈ¡auth,´«ÈëÅĞ¶ÏÒøĞĞ¿¨ºÅÊÇ·ñÖ§³ÖÖ¸¶¨ÒµÎñ½Ó¿Ú
[2018-01-19 17:22:10,398] - logger.py] - INFO: ´òÓ¡ÒøĞĞ¿¨ÀàĞÍºÍÒøĞĞ±àÂëDC CMB:
