[2018-01-25 15:54:39,934] - logger.py] - INFO: ---עֻţͶ֤뿪ʼ---
[2018-01-25 15:54:40,753] - logger.py] - INFO: ---עֻųɹͶ֤ɹ---
[2018-01-25 15:54:40,755] - logger.py] - INFO: ---֤֤뿪ʼ---
[2018-01-25 15:54:40,834] - logger.py] - INFO: ӡr1.jsonֵ{u'resultData': {u'token': u'cdgN77Uskj7ieu6YLGG5'}, u'resultCode': 0, u'resultCtrl': None}
[2018-01-25 15:54:40,838] - logger.py] - INFO: ֤֤ɹӡtokenֵcdgN77Uskj7ieu6YLGG5
[2018-01-25 15:54:40,839] - logger.py] - INFO: ---õ¼뿪ʼ---
[2018-01-25 15:54:40,954] - logger.py] - INFO: õ¼ɹע---
[2018-01-25 15:54:53,901] - logger.py] - INFO: ---õ¼ȡauthʼ---
[2018-01-25 15:54:53,910] - logger.py] - INFO: 开始登录
[2018-01-25 15:56:54,253] - logger.py] - INFO: ---õ¼ȡauthʼ---
[2018-01-25 15:56:54,263] - logger.py] - INFO: 开始登录
[2018-01-25 16:05:06,660] - logger.py] - INFO: ---õ¼ȡauthʼ---
[2018-01-25 16:05:06,667] - logger.py] - INFO: 开始登录
[2018-01-25 16:08:57,157] - logger.py] - INFO: ---õ¼ȡauthʼ---
[2018-01-25 16:08:57,266] - logger.py] - INFO: ---¼ɹ---
[2018-01-25 16:08:57,279] - logger.py] - INFO: ---ÿ֤ӿڿʼȡtoken---
[2018-01-25 16:11:29,242] - logger.py] - INFO: ---õ¼ȡauthʼ---
[2018-01-25 16:11:29,463] - logger.py] - INFO: ---¼ɹ---
[2018-01-25 16:11:29,470] - logger.py] - INFO: ---ÿ֤ӿڿʼȡtoken---
[2018-01-25 16:11:30,190] - logger.py] - INFO: ---֤ӿڷسɹ---
[2018-01-25 16:11:30,197] - logger.py] - INFO: ---жпǷָ֧ҵӿڿʼ---
[2018-01-25 16:11:30,490] - logger.py] - INFO: ӡпͺбDC CMB:
[2018-01-25 16:11:30,497] - logger.py] - INFO: ---жпǷָ֧ҵӿͨ---
[2018-01-25 16:11:30,506] - logger.py] - INFO: ---ð󿨷Žӿڿʼ---
[2018-01-25 16:11:33,187] - logger.py] - INFO: ----󿨷Žӿͨ---
[2018-01-25 16:11:33,194] - logger.py] - INFO: ---ð֤Žӿڿʼ---
[2018-01-25 16:11:33,293] - logger.py] - INFO: ---֤Žӿͨ---
[2018-01-25 16:11:33,299] - logger.py] - INFO: ---ÿӿڿʼ-----
[2018-01-25 16:12:08,211] - logger.py] - INFO: 开始登录
[2018-01-25 16:12:08,329] - logger.py] - INFO: -----调用资金划拨卡片查询接口开始-----
[2018-01-25 16:12:08,447] - logger.py] - INFO: -----调用资金划拨卡片查询接口结束，获取绑卡id----
[2018-01-25 16:12:08,457] - logger.py] - INFO: ---调用入金设置交易金额接口开始---
[2018-01-25 16:12:14,210] - logger.py] - INFO: ---调用入金设置交易金额接口结束---
[2018-01-25 16:12:14,220] - logger.py] - INFO: ---下一步输入交易密码开始---
[2018-01-25 16:12:14,273] - logger.py] - INFO: ---入金成功返回结果---
[2018-01-25 16:25:27,380] - logger.py] - INFO: ---õ¼ȡauthʼ---
[2018-01-25 16:25:27,394] - logger.py] - INFO: 开始登录
[2018-01-25 16:27:29,305] - logger.py] - INFO: ---õ¼ȡauthʼ---
[2018-01-25 16:27:29,312] - logger.py] - INFO: 开始登录
[2018-01-25 17:24:09,535] - logger.py] - INFO: 开始登录
[2018-01-25 17:24:09,825] - logger.py] - INFO: -----调用资金划拨卡片查询接口开始-----
[2018-01-25 17:24:10,003] - logger.py] - INFO: -----调用资金划拨卡片查询接口结束，获取绑卡id----
[2018-01-25 17:24:10,012] - logger.py] - INFO: ---调用入金设置交易金额接口开始---
[2018-01-25 17:24:12,339] - logger.py] - INFO: ---调用入金设置交易金额接口结束---
[2018-01-25 17:24:12,346] - logger.py] - INFO: ---下一步输入交易密码开始---
[2018-01-25 17:24:12,493] - logger.py] - INFO: ---入金成功返回结果---
[2018-01-25 17:24:47,703] - logger.py] - INFO: 开始登录
[2018-01-25 17:24:47,829] - logger.py] - INFO: -----调用资金划拨卡片查询接口开始-----
[2018-01-25 17:24:47,911] - logger.py] - INFO: -----调用资金划拨卡片查询接口结束，获取绑卡id----
[2018-01-25 17:24:47,915] - logger.py] - INFO: ---调用入金设置交易金额接口开始---
[2018-01-25 17:24:50,161] - logger.py] - INFO: ---调用入金设置交易金额接口结束---
[2018-01-25 17:24:50,164] - logger.py] - INFO: ---下一步输入交易密码开始---
[2018-01-25 17:24:50,204] - logger.py] - INFO: ---入金成功返回结果---
[2018-01-25 17:24:52,992] - logger.py] - INFO: 开始登录
[2018-01-25 17:24:53,117] - logger.py] - INFO: -----调用资金划拨卡片查询接口开始-----
[2018-01-25 17:24:53,236] - logger.py] - INFO: -----调用资金划拨卡片查询接口结束，获取绑卡id----
[2018-01-25 17:24:53,263] - logger.py] - INFO: ---调用入金设置交易金额接口开始---
[2018-01-25 17:24:55,318] - logger.py] - INFO: ---调用入金设置交易金额接口结束---
[2018-01-25 17:24:55,328] - logger.py] - INFO: ---下一步输入交易密码开始---
[2018-01-25 17:24:55,384] - logger.py] - INFO: ---入金成功返回结果---
[2018-01-25 17:24:59,584] - logger.py] - INFO: 开始登录
[2018-01-25 17:24:59,732] - logger.py] - INFO: -----调用资金划拨卡片查询接口开始-----
[2018-01-25 17:24:59,841] - logger.py] - INFO: -----调用资金划拨卡片查询接口结束，获取绑卡id----
[2018-01-25 17:24:59,845] - logger.py] - INFO: ---调用入金设置交易金额接口开始---
[2018-01-25 17:25:03,016] - logger.py] - INFO: ---调用入金设置交易金额接口结束---
[2018-01-25 17:25:03,019] - logger.py] - INFO: ---下一步输入交易密码开始---
[2018-01-25 17:25:03,069] - logger.py] - INFO: ---入金成功返回结果---
[2018-01-25 17:25:18,900] - logger.py] - INFO: 开始登录
[2018-01-25 17:25:19,022] - logger.py] - INFO: -----调用资金划拨卡片查询接口开始-----
[2018-01-25 17:25:19,125] - logger.py] - INFO: -----调用资金划拨卡片查询接口结束，获取绑卡id----
[2018-01-25 17:25:19,134] - logger.py] - INFO: ---调用入金设置交易金额接口开始---
[2018-01-25 17:25:21,308] - logger.py] - INFO: ---调用入金设置交易金额接口结束---
[2018-01-25 17:25:21,315] - logger.py] - INFO: ---下一步输入交易密码开始---
[2018-01-25 17:25:21,361] - logger.py] - INFO: ---入金成功返回结果---
[2018-01-25 17:25:23,946] - logger.py] - INFO: 开始登录
[2018-01-25 17:25:24,072] - logger.py] - INFO: -----调用资金划拨卡片查询接口开始-----
[2018-01-25 17:25:24,171] - logger.py] - INFO: -----调用资金划拨卡片查询接口结束，获取绑卡id----
[2018-01-25 17:25:24,180] - logger.py] - INFO: ---调用入金设置交易金额接口开始---
[2018-01-25 17:25:26,296] - logger.py] - INFO: ---调用入金设置交易金额接口结束---
[2018-01-25 17:25:26,308] - logger.py] - INFO: ---下一步输入交易密码开始---
[2018-01-25 17:25:26,385] - logger.py] - INFO: ---入金成功返回结果---
[2018-01-25 17:25:28,509] - logger.py] - INFO: 开始登录
[2018-01-25 17:25:28,684] - logger.py] - INFO: -----调用资金划拨卡片查询接口开始-----
[2018-01-25 17:25:28,836] - logger.py] - INFO: -----调用资金划拨卡片查询接口结束，获取绑卡id----
[2018-01-25 17:25:28,845] - logger.py] - INFO: ---调用入金设置交易金额接口开始---
[2018-01-25 17:25:32,736] - logger.py] - INFO: ---调用入金设置交易金额接口结束---
[2018-01-25 17:25:32,744] - logger.py] - INFO: ---下一步输入交易密码开始---
[2018-01-25 17:25:32,884] - logger.py] - INFO: ---入金成功返回结果---
[2018-01-25 17:25:45,197] - logger.py] - INFO: 开始登录
[2018-01-25 17:25:45,394] - logger.py] - INFO: -----调用资金划拨卡片查询接口开始-----
[2018-01-25 17:25:45,555] - logger.py] - INFO: -----调用资金划拨卡片查询接口结束，获取绑卡id----
[2018-01-25 17:25:45,565] - logger.py] - INFO: ---调用入金设置交易金额接口开始---
[2018-01-25 17:25:47,842] - logger.py] - INFO: ---调用入金设置交易金额接口结束---
[2018-01-25 17:25:47,849] - logger.py] - INFO: ---下一步输入交易密码开始---
[2018-01-25 17:25:47,980] - logger.py] - INFO: ---入金成功返回结果---
[2018-01-25 17:26:16,096] - logger.py] - INFO: 开始登录
[2018-01-25 17:26:16,243] - logger.py] - INFO: -----调用资金划拨卡片查询接口开始-----
[2018-01-25 17:26:16,351] - logger.py] - INFO: -----调用资金划拨卡片查询接口结束，获取绑卡id----
[2018-01-25 17:26:16,354] - logger.py] - INFO: ---调用入金设置交易金额接口开始---
[2018-01-25 17:26:18,503] - logger.py] - INFO: ---调用入金设置交易金额接口结束---
[2018-01-25 17:26:18,510] - logger.py] - INFO: ---下一步输入交易密码开始---
[2018-01-25 17:26:18,573] - logger.py] - INFO: ---入金成功返回结果---
[2018-01-25 17:26:22,039] - logger.py] - INFO: 开始登录
[2018-01-25 17:26:22,200] - logger.py] - INFO: -----调用资金划拨卡片查询接口开始-----
[2018-01-25 17:26:22,339] - logger.py] - INFO: -----调用资金划拨卡片查询接口结束，获取绑卡id----
[2018-01-25 17:26:22,342] - logger.py] - INFO: ---调用入金设置交易金额接口开始---
[2018-01-25 17:26:24,447] - logger.py] - INFO: ---调用入金设置交易金额接口结束---
[2018-01-25 17:26:24,448] - logger.py] - INFO: ---下一步输入交易密码开始---
[2018-01-25 17:26:24,582] - logger.py] - INFO: ---入金成功返回结果---
[2018-01-25 17:26:26,578] - logger.py] - INFO: 开始登录
[2018-01-25 17:26:26,818] - logger.py] - INFO: -----调用资金划拨卡片查询接口开始-----
[2018-01-25 17:26:26,979] - logger.py] - INFO: -----调用资金划拨卡片查询接口结束，获取绑卡id----
[2018-01-25 17:26:26,983] - logger.py] - INFO: ---调用入金设置交易金额接口开始---
[2018-01-25 17:26:29,127] - logger.py] - INFO: ---调用入金设置交易金额接口结束---
[2018-01-25 17:26:29,128] - logger.py] - INFO: ---下一步输入交易密码开始---
[2018-01-25 17:26:29,255] - logger.py] - INFO: ---入金成功返回结果---
[2018-01-25 17:26:35,726] - logger.py] - INFO: 开始登录
[2018-01-25 17:26:36,226] - logger.py] - INFO: -----调用资金划拨卡片查询接口开始-----
[2018-01-25 17:26:36,698] - logger.py] - INFO: -----调用资金划拨卡片查询接口结束，获取绑卡id----
[2018-01-25 17:26:36,709] - logger.py] - INFO: ---调用入金设置交易金额接口开始---
[2018-01-25 17:26:51,466] - logger.py] - INFO: 开始登录
[2018-01-25 17:26:51,729] - logger.py] - INFO: -----调用资金划拨卡片查询接口开始-----
[2018-01-25 17:26:51,928] - logger.py] - INFO: -----调用资金划拨卡片查询接口结束，获取绑卡id----
[2018-01-25 17:26:51,944] - logger.py] - INFO: ---调用入金设置交易金额接口开始---
[2018-01-25 17:27:03,230] - logger.py] - INFO: 开始登录
[2018-01-25 17:27:03,407] - logger.py] - INFO: -----调用资金划拨卡片查询接口开始-----
[2018-01-25 17:27:03,556] - logger.py] - INFO: -----调用资金划拨卡片查询接口结束，获取绑卡id----
[2018-01-25 17:27:03,566] - logger.py] - INFO: ---调用入金设置交易金额接口开始---
[2018-01-25 17:27:05,730] - logger.py] - INFO: ---调用入金设置交易金额接口结束---
[2018-01-25 17:27:05,740] - logger.py] - INFO: ---下一步输入交易密码开始---
[2018-01-25 17:27:05,828] - logger.py] - INFO: ---入金成功返回结果---
[2018-01-25 17:27:42,552] - logger.py] - INFO: 开始登录
[2018-01-25 17:27:42,660] - logger.py] - INFO: -----调用资金划拨卡片查询接口开始-----
[2018-01-25 17:27:42,756] - logger.py] - INFO: -----调用资金划拨卡片查询接口结束，获取绑卡id----
[2018-01-25 17:27:42,759] - logger.py] - INFO: ---调用入金设置交易金额接口开始---
[2018-01-25 17:27:44,861] - logger.py] - INFO: ---调用入金设置交易金额接口结束---
[2018-01-25 17:27:44,865] - logger.py] - INFO: ---下一步输入交易密码开始---
[2018-01-25 17:27:44,947] - logger.py] - INFO: ---入金成功返回结果---
[2018-01-25 17:27:50,782] - logger.py] - INFO: 开始登录
[2018-01-25 17:27:51,153] - logger.py] - INFO: -----调用资金划拨卡片查询接口开始-----
[2018-01-25 17:27:51,489] - logger.py] - INFO: -----调用资金划拨卡片查询接口结束，获取绑卡id----
[2018-01-25 17:27:51,496] - logger.py] - INFO: ---调用入金设置交易金额接口开始---
[2018-01-25 17:27:53,799] - logger.py] - INFO: ---调用入金设置交易金额接口结束---
[2018-01-25 17:27:53,809] - logger.py] - INFO: ---下一步输入交易密码开始---
[2018-01-25 17:27:54,084] - logger.py] - INFO: ---入金成功返回结果---
[2018-01-25 17:28:03,556] - logger.py] - INFO: 开始登录
[2018-01-25 17:28:03,697] - logger.py] - INFO: -----调用资金划拨卡片查询接口开始-----
[2018-01-25 17:28:03,832] - logger.py] - INFO: -----调用资金划拨卡片查询接口结束，获取绑卡id----
[2018-01-25 17:28:03,841] - logger.py] - INFO: ---调用入金设置交易金额接口开始---
[2018-01-25 17:28:09,025] - logger.py] - INFO: ---调用入金设置交易金额接口结束---
[2018-01-25 17:28:09,033] - logger.py] - INFO: ---下一步输入交易密码开始---
[2018-01-25 17:28:09,121] - logger.py] - INFO: ---入金成功返回结果---
[2018-01-25 17:28:14,085] - logger.py] - INFO: 开始登录
[2018-01-25 17:28:14,204] - logger.py] - INFO: -----调用资金划拨卡片查询接口开始-----
[2018-01-25 17:28:14,295] - logger.py] - INFO: -----调用资金划拨卡片查询接口结束，获取绑卡id----
[2018-01-25 17:28:14,308] - logger.py] - INFO: ---调用入金设置交易金额接口开始---
[2018-01-25 17:28:16,440] - logger.py] - INFO: ---调用入金设置交易金额接口结束---
[2018-01-25 17:28:16,447] - logger.py] - INFO: ---下一步输入交易密码开始---
[2018-01-25 17:28:16,542] - logger.py] - INFO: ---入金成功返回结果---
[2018-01-25 17:28:27,010] - logger.py] - INFO: 开始登录
[2018-01-25 17:28:27,135] - logger.py] - INFO: -----调用资金划拨卡片查询接口开始-----
[2018-01-25 17:28:27,293] - logger.py] - INFO: -----调用资金划拨卡片查询接口结束，获取绑卡id----
[2018-01-25 17:28:27,302] - logger.py] - INFO: ---调用入金设置交易金额接口开始---
[2018-01-25 17:28:29,428] - logger.py] - INFO: ---调用入金设置交易金额接口结束---
[2018-01-25 17:28:29,437] - logger.py] - INFO: ---下一步输入交易密码开始---
[2018-01-25 17:28:29,486] - logger.py] - INFO: ---入金成功返回结果---
[2018-01-25 17:28:33,213] - logger.py] - INFO: 开始登录
[2018-01-25 17:28:33,368] - logger.py] - INFO: -----调用资金划拨卡片查询接口开始-----
[2018-01-25 17:28:33,493] - logger.py] - INFO: -----调用资金划拨卡片查询接口结束，获取绑卡id----
[2018-01-25 17:28:33,503] - logger.py] - INFO: ---调用入金设置交易金额接口开始---
[2018-01-25 17:28:35,612] - logger.py] - INFO: ---调用入金设置交易金额接口结束---
[2018-01-25 17:28:35,621] - logger.py] - INFO: ---下一步输入交易密码开始---
[2018-01-25 17:28:35,691] - logger.py] - INFO: ---入金成功返回结果---
[2018-01-25 17:28:46,943] - logger.py] - INFO: 开始登录
[2018-01-25 17:28:47,207] - logger.py] - INFO: -----调用资金划拨卡片查询接口开始-----
[2018-01-25 17:28:47,335] - logger.py] - INFO: -----调用资金划拨卡片查询接口结束，获取绑卡id----
[2018-01-25 17:28:47,345] - logger.py] - INFO: ---调用入金设置交易金额接口开始---
[2018-01-25 17:28:49,713] - logger.py] - INFO: ---调用入金设置交易金额接口结束---
[2018-01-25 17:28:49,726] - logger.py] - INFO: ---下一步输入交易密码开始---
[2018-01-25 17:28:49,903] - logger.py] - INFO: ---入金成功返回结果---
[2018-01-25 17:28:52,772] - logger.py] - INFO: 开始登录
[2018-01-25 17:28:52,934] - logger.py] - INFO: -----调用资金划拨卡片查询接口开始-----
[2018-01-25 17:28:53,092] - logger.py] - INFO: -----调用资金划拨卡片查询接口结束，获取绑卡id----
[2018-01-25 17:28:53,101] - logger.py] - INFO: ---调用入金设置交易金额接口开始---
[2018-01-25 17:28:55,207] - logger.py] - INFO: ---调用入金设置交易金额接口结束---
[2018-01-25 17:28:55,214] - logger.py] - INFO: ---下一步输入交易密码开始---
[2018-01-25 17:28:55,286] - logger.py] - INFO: ---入金成功返回结果---
[2018-01-25 17:29:08,134] - logger.py] - INFO: 开始登录
[2018-01-25 17:29:08,303] - logger.py] - INFO: -----调用资金划拨卡片查询接口开始-----
[2018-01-25 17:29:08,436] - logger.py] - INFO: -----调用资金划拨卡片查询接口结束，获取绑卡id----
[2018-01-25 17:29:08,444] - logger.py] - INFO: ---调用入金设置交易金额接口开始---
[2018-01-25 17:29:10,631] - logger.py] - INFO: ---调用入金设置交易金额接口结束---
[2018-01-25 17:29:10,640] - logger.py] - INFO: ---下一步输入交易密码开始---
[2018-01-25 17:29:10,713] - logger.py] - INFO: ---入金成功返回结果---
[2018-01-25 17:29:17,869] - logger.py] - INFO: 开始登录
[2018-01-25 17:29:18,099] - logger.py] - INFO: -----调用资金划拨卡片查询接口开始-----
[2018-01-25 17:29:18,292] - logger.py] - INFO: -----调用资金划拨卡片查询接口结束，获取绑卡id----
[2018-01-25 17:29:18,302] - logger.py] - INFO: ---调用入金设置交易金额接口开始---
[2018-01-25 17:29:20,483] - logger.py] - INFO: ---调用入金设置交易金额接口结束---
[2018-01-25 17:29:20,494] - logger.py] - INFO: ---下一步输入交易密码开始---
[2018-01-25 17:29:20,607] - logger.py] - INFO: ---入金成功返回结果---
[2018-01-25 17:29:27,420] - logger.py] - INFO: 开始登录
[2018-01-25 17:29:27,578] - logger.py] - INFO: -----调用资金划拨卡片查询接口开始-----
[2018-01-25 17:29:27,720] - logger.py] - INFO: -----调用资金划拨卡片查询接口结束，获取绑卡id----
[2018-01-25 17:29:27,729] - logger.py] - INFO: ---调用入金设置交易金额接口开始---
[2018-01-25 17:29:29,969] - logger.py] - INFO: ---调用入金设置交易金额接口结束---
[2018-01-25 17:29:29,980] - logger.py] - INFO: ---下一步输入交易密码开始---
[2018-01-25 17:29:30,082] - logger.py] - INFO: ---入金成功返回结果---
[2018-01-25 17:29:46,904] - logger.py] - INFO: 开始登录
[2018-01-25 17:29:47,062] - logger.py] - INFO: -----调用资金划拨卡片查询接口开始-----
[2018-01-25 17:29:47,217] - logger.py] - INFO: -----调用资金划拨卡片查询接口结束，获取绑卡id----
[2018-01-25 17:29:47,226] - logger.py] - INFO: ---调用入金设置交易金额接口开始---
[2018-01-25 17:29:49,507] - logger.py] - INFO: ---调用入金设置交易金额接口结束---
[2018-01-25 17:29:49,515] - logger.py] - INFO: ---下一步输入交易密码开始---
[2018-01-25 17:29:49,594] - logger.py] - INFO: ---入金成功返回结果---
[2018-01-25 17:30:00,969] - logger.py] - INFO: 开始登录
[2018-01-25 17:30:01,158] - logger.py] - INFO: -----调用资金划拨卡片查询接口开始-----
[2018-01-25 17:30:01,322] - logger.py] - INFO: -----调用资金划拨卡片查询接口结束，获取绑卡id----
[2018-01-25 17:30:01,336] - logger.py] - INFO: ---调用入金设置交易金额接口开始---
[2018-01-25 17:30:03,492] - logger.py] - INFO: ---调用入金设置交易金额接口结束---
[2018-01-25 17:30:03,502] - logger.py] - INFO: ---下一步输入交易密码开始---
[2018-01-25 17:30:03,631] - logger.py] - INFO: ---入金成功返回结果---
[2018-01-25 17:30:34,178] - logger.py] - INFO: 开始登录
[2018-01-25 17:30:34,641] - logger.py] - INFO: -----调用资金划拨卡片查询接口开始-----
[2018-01-25 17:30:35,062] - logger.py] - INFO: -----调用资金划拨卡片查询接口结束，获取绑卡id----
[2018-01-25 17:30:35,075] - logger.py] - INFO: ---调用入金设置交易金额接口开始---
[2018-01-25 17:30:37,427] - logger.py] - INFO: ---调用入金设置交易金额接口结束---
[2018-01-25 17:30:37,434] - logger.py] - INFO: ---下一步输入交易密码开始---
[2018-01-25 17:30:37,806] - logger.py] - INFO: ---入金成功返回结果---
[2018-01-25 17:44:11,877] - logger.py] - INFO: 开始登录
[2018-01-25 17:44:12,036] - logger.py] - INFO: -----调用资金划拨卡片查询接口开始-----
[2018-01-25 17:44:12,165] - logger.py] - INFO: -----调用资金划拨卡片查询接口结束，获取绑卡id----
[2018-01-25 17:44:12,174] - logger.py] - INFO: ---调用入金设置交易金额接口开始---
[2018-01-25 17:44:15,253] - logger.py] - INFO: ---调用入金设置交易金额接口结束---
[2018-01-25 17:44:15,269] - logger.py] - INFO: ---下一步输入交易密码开始---
[2018-01-25 17:44:15,357] - logger.py] - INFO: ---入金成功返回结果---
[2018-01-25 17:47:10,384] - logger.py] - INFO: 开始登录
[2018-01-25 17:47:10,555] - logger.py] - INFO: -----调用资金划拨卡片查询接口开始-----
[2018-01-25 17:47:10,657] - logger.py] - INFO: -----调用资金划拨卡片查询接口结束，获取绑卡id----
[2018-01-25 17:47:10,665] - logger.py] - INFO: ---调用入金设置交易金额接口开始---
[2018-01-25 17:47:14,052] - logger.py] - INFO: ---调用入金设置交易金额接口结束---
[2018-01-25 17:47:14,059] - logger.py] - INFO: ---下一步输入交易密码开始---
[2018-01-25 17:47:14,141] - logger.py] - INFO: ---入金成功返回结果---
[2018-01-25 17:53:58,622] - logger.py] - INFO: 开始登录
[2018-01-25 17:53:58,736] - logger.py] - INFO: -----调用资金划拨卡片查询接口开始-----
[2018-01-25 17:53:58,855] - logger.py] - INFO: -----调用资金划拨卡片查询接口结束，获取绑卡id----
[2018-01-25 17:53:58,865] - logger.py] - INFO: ---调用入金设置交易金额接口开始---
[2018-01-25 17:54:01,098] - logger.py] - INFO: ---调用入金设置交易金额接口结束---
[2018-01-25 17:54:01,112] - logger.py] - INFO: ---下一步输入交易密码开始---
[2018-01-25 17:54:01,174] - logger.py] - INFO: ---入金成功返回结果---
[2018-01-25 18:00:01,497] - logger.py] - INFO: 开始登录
[2018-01-25 18:00:01,647] - logger.py] - INFO: -----调用资金划拨卡片查询接口开始-----
[2018-01-25 18:00:01,750] - logger.py] - INFO: -----调用资金划拨卡片查询接口结束，获取绑卡id----
[2018-01-25 18:00:01,757] - logger.py] - INFO: ---调用入金设置交易金额接口开始---
[2018-01-25 18:00:04,017] - logger.py] - INFO: ---调用入金设置交易金额接口结束---
[2018-01-25 18:00:04,025] - logger.py] - INFO: ---下一步输入交易密码开始---
[2018-01-25 18:00:13,828] - logger.py] - INFO: ---入金成功返回结果---
[2018-01-25 18:01:54,424] - logger.py] - INFO: 开始登录
[2018-01-25 18:01:54,536] - logger.py] - INFO: -----调用资金划拨卡片查询接口开始-----
[2018-01-25 18:01:54,614] - logger.py] - INFO: -----调用资金划拨卡片查询接口结束，获取绑卡id----
[2018-01-25 18:01:54,621] - logger.py] - INFO: ---调用出金设置交易金额接口开始---
[2018-01-25 18:01:56,759] - logger.py] - INFO: ---调用出金设置交易金额接口结束---
[2018-01-25 18:01:56,765] - logger.py] - INFO: ---下一步输入交易密码开始---
[2018-01-25 18:01:58,816] - logger.py] - INFO: ---出金成功返回结果---
[2018-01-25 18:05:04,019] - logger.py] - INFO: 开始登录
[2018-01-25 18:05:04,184] - logger.py] - INFO: -----调用资金划拨卡片查询接口开始-----
[2018-01-25 18:05:04,305] - logger.py] - INFO: -----调用资金划拨卡片查询接口结束，获取绑卡id----
[2018-01-25 18:05:04,312] - logger.py] - INFO: ---调用出金设置交易金额接口开始---
[2018-01-25 18:05:12,868] - logger.py] - INFO: ---调用出金设置交易金额接口结束---
[2018-01-25 18:05:12,881] - logger.py] - INFO: ---下一步输入交易密码开始---
[2018-01-25 18:05:16,323] - logger.py] - INFO: ---出金成功返回结果---
[2018-01-25 18:08:19,055] - logger.py] - INFO: 开始登录
[2018-01-25 18:08:19,183] - logger.py] - INFO: -----调用资金划拨卡片查询接口开始-----
[2018-01-25 18:08:19,269] - logger.py] - INFO: -----调用资金划拨卡片查询接口结束，获取绑卡id----
[2018-01-25 18:08:19,278] - logger.py] - INFO: ---调用入金设置交易金额接口开始---
[2018-01-25 18:08:21,394] - logger.py] - INFO: ---调用入金设置交易金额接口结束---
[2018-01-25 18:08:21,404] - logger.py] - INFO: ---下一步输入交易密码开始---
[2018-01-25 18:08:58,068] - logger.py] - INFO: 开始登录
[2018-01-25 18:08:58,191] - logger.py] - INFO: -----调用资金划拨卡片查询接口开始-----
[2018-01-25 18:08:58,286] - logger.py] - INFO: -----调用资金划拨卡片查询接口结束，获取绑卡id----
[2018-01-25 18:08:58,292] - logger.py] - INFO: ---调用入金设置交易金额接口开始---
[2018-01-25 18:09:00,394] - logger.py] - INFO: ---调用入金设置交易金额接口结束---
[2018-01-25 18:09:00,401] - logger.py] - INFO: ---下一步输入交易密码开始---
[2018-01-25 18:09:52,663] - logger.py] - INFO: 开始登录
[2018-01-25 18:09:52,822] - logger.py] - INFO: -----调用资金划拨卡片查询接口开始-----
[2018-01-25 18:09:52,914] - logger.py] - INFO: -----调用资金划拨卡片查询接口结束，获取绑卡id----
[2018-01-25 18:09:52,917] - logger.py] - INFO: ---调用入金设置交易金额接口开始---
[2018-01-25 18:09:55,006] - logger.py] - INFO: ---调用入金设置交易金额接口结束---
[2018-01-25 18:09:55,009] - logger.py] - INFO: ---下一步输入交易密码开始---
[2018-01-25 18:10:19,559] - logger.py] - INFO: 开始登录
[2018-01-25 18:10:19,714] - logger.py] - INFO: -----调用资金划拨卡片查询接口开始-----
[2018-01-25 18:10:19,842] - logger.py] - INFO: -----调用资金划拨卡片查询接口结束，获取绑卡id----
[2018-01-25 18:10:19,849] - logger.py] - INFO: ---调用出金设置交易金额接口开始---
[2018-01-25 18:10:21,937] - logger.py] - INFO: ---调用出金设置交易金额接口结束---
[2018-01-25 18:10:21,944] - logger.py] - INFO: ---下一步输入交易密码开始---
[2018-01-25 18:10:25,003] - logger.py] - INFO: ---出金成功返回结果---
[2018-01-25 18:11:56,198] - logger.py] - INFO: 开始登录
[2018-01-25 18:11:56,369] - logger.py] - INFO: -----调用资金划拨卡片查询接口开始-----
[2018-01-25 18:11:56,513] - logger.py] - INFO: -----调用资金划拨卡片查询接口结束，获取绑卡id----
[2018-01-25 18:11:56,520] - logger.py] - INFO: ---调用入金设置交易金额接口开始---
[2018-01-25 18:11:58,855] - logger.py] - INFO: ---调用入金设置交易金额接口结束---
[2018-01-25 18:11:58,862] - logger.py] - INFO: ---下一步输入交易密码开始---
[2018-01-25 18:12:47,549] - logger.py] - INFO: 开始登录
[2018-01-25 18:12:47,673] - logger.py] - INFO: -----调用资金划拨卡片查询接口开始-----
[2018-01-25 18:12:47,760] - logger.py] - INFO: -----调用资金划拨卡片查询接口结束，获取绑卡id----
[2018-01-25 18:12:47,769] - logger.py] - INFO: ---调用入金设置交易金额接口开始---
[2018-01-25 18:12:49,940] - logger.py] - INFO: ---调用入金设置交易金额接口结束---
[2018-01-25 18:12:49,941] - logger.py] - INFO: ---下一步输入交易密码开始---
[2018-01-25 18:13:30,279] - logger.py] - INFO: 开始登录
[2018-01-25 18:13:30,387] - logger.py] - INFO: -----调用资金划拨卡片查询接口开始-----
[2018-01-25 18:13:30,473] - logger.py] - INFO: -----调用资金划拨卡片查询接口结束，获取绑卡id----
[2018-01-25 18:13:30,480] - logger.py] - INFO: ---调用入金设置交易金额接口开始---
[2018-01-25 18:13:32,611] - logger.py] - INFO: ---调用入金设置交易金额接口结束---
[2018-01-25 18:13:32,619] - logger.py] - INFO: ---下一步输入交易密码开始---
[2018-01-25 18:14:36,937] - logger.py] - INFO: 开始登录
[2018-01-25 18:14:37,055] - logger.py] - INFO: -----调用资金划拨卡片查询接口开始-----
[2018-01-25 18:14:37,144] - logger.py] - INFO: -----调用资金划拨卡片查询接口结束，获取绑卡id----
[2018-01-25 18:14:37,161] - logger.py] - INFO: ---调用入金设置交易金额接口开始---
[2018-01-25 18:14:40,101] - logger.py] - INFO: ---调用入金设置交易金额接口结束---
[2018-01-25 18:14:40,108] - logger.py] - INFO: ---下一步输入交易密码开始---
[2018-01-25 18:18:34,493] - logger.py] - INFO: 开始登录
[2018-01-25 18:18:34,605] - logger.py] - INFO: -----调用资金划拨卡片查询接口开始-----
[2018-01-25 18:18:34,686] - logger.py] - INFO: -----调用资金划拨卡片查询接口结束，获取绑卡id----
[2018-01-25 18:18:34,694] - logger.py] - INFO: ---调用出金设置交易金额接口开始---
[2018-01-25 18:18:36,760] - logger.py] - INFO: ---调用出金设置交易金额接口结束---
[2018-01-25 18:18:36,767] - logger.py] - INFO: ---下一步输入交易密码开始---
[2018-01-25 18:18:39,696] - logger.py] - INFO: ---出金成功返回结果---
[2018-01-25 18:20:30,522] - logger.py] - INFO: 开始登录
[2018-01-25 18:20:30,677] - logger.py] - INFO: -----调用资金划拨卡片查询接口开始-----
[2018-01-25 18:20:30,786] - logger.py] - INFO: -----调用资金划拨卡片查询接口结束，获取绑卡id----
[2018-01-25 18:20:30,793] - logger.py] - INFO: ---调用出金设置交易金额接口开始---
[2018-01-25 18:20:34,085] - logger.py] - INFO: ---调用出金设置交易金额接口结束---
[2018-01-25 18:20:34,094] - logger.py] - INFO: ---下一步输入交易密码开始---
[2018-01-25 18:21:26,382] - logger.py] - INFO: 开始登录
[2018-01-25 18:21:26,497] - logger.py] - INFO: -----调用资金划拨卡片查询接口开始-----
[2018-01-25 18:21:26,585] - logger.py] - INFO: -----调用资金划拨卡片查询接口结束，获取绑卡id----
[2018-01-25 18:21:26,594] - logger.py] - INFO: ---调用入金设置交易金额接口开始---
[2018-01-25 18:21:28,681] - logger.py] - INFO: ---调用入金设置交易金额接口结束---
[2018-01-25 18:21:28,696] - logger.py] - INFO: ---下一步输入交易密码开始---
[2018-01-25 18:23:03,624] - logger.py] - INFO: 开始登录
[2018-01-25 18:23:03,765] - logger.py] - INFO: -----调用资金划拨卡片查询接口开始-----
[2018-01-25 18:23:03,851] - logger.py] - INFO: -----调用资金划拨卡片查询接口结束，获取绑卡id----
[2018-01-25 18:23:03,855] - logger.py] - INFO: ---调用入金设置交易金额接口开始---
[2018-01-25 18:23:06,301] - logger.py] - INFO: ---调用入金设置交易金额接口结束---
[2018-01-25 18:23:06,302] - logger.py] - INFO: ---下一步输入交易密码开始---
[2018-01-25 18:23:29,361] - logger.py] - INFO: 开始登录
[2018-01-25 18:23:29,476] - logger.py] - INFO: -----调用资金划拨卡片查询接口开始-----
[2018-01-25 18:23:29,555] - logger.py] - INFO: -----调用资金划拨卡片查询接口结束，获取绑卡id----
[2018-01-25 18:23:29,571] - logger.py] - INFO: ---调用出金设置交易金额接口开始---
[2018-01-25 18:23:31,665] - logger.py] - INFO: ---调用出金设置交易金额接口结束---
[2018-01-25 18:23:31,671] - logger.py] - INFO: ---下一步输入交易密码开始---
[2018-01-25 18:23:34,647] - logger.py] - INFO: ---出金成功返回结果---
[2018-01-25 18:23:54,266] - logger.py] - INFO: 开始登录
[2018-01-25 18:23:54,401] - logger.py] - INFO: -----调用资金划拨卡片查询接口开始-----
[2018-01-25 18:23:54,502] - logger.py] - INFO: -----调用资金划拨卡片查询接口结束，获取绑卡id----
[2018-01-25 18:23:54,503] - logger.py] - INFO: ---调用出金设置交易金额接口开始---
[2018-01-25 18:23:56,673] - logger.py] - INFO: ---调用出金设置交易金额接口结束---
[2018-01-25 18:23:56,674] - logger.py] - INFO: ---下一步输入交易密码开始---
[2018-01-25 18:42:45,661] - logger.py] - INFO: 开始登录
[2018-01-25 18:42:45,775] - logger.py] - INFO: -----调用资金划拨卡片查询接口开始-----
[2018-01-25 18:42:45,852] - logger.py] - INFO: -----调用资金划拨卡片查询接口结束，获取绑卡id----
[2018-01-25 18:42:45,861] - logger.py] - INFO: ---调用入金设置交易金额接口开始---
[2018-01-25 18:42:51,657] - logger.py] - INFO: ---调用入金设置交易金额接口结束---
[2018-01-25 18:42:51,664] - logger.py] - INFO: ---下一步输入交易密码开始---
[2018-01-25 18:42:55,984] - logger.py] - INFO: ---入金成功返回结果---
[2018-01-25 18:43:31,717] - logger.py] - INFO: 开始登录
[2018-01-25 18:43:31,832] - logger.py] - INFO: -----调用资金划拨卡片查询接口开始-----
[2018-01-25 18:43:31,911] - logger.py] - INFO: -----调用资金划拨卡片查询接口结束，获取绑卡id----
[2018-01-25 18:43:31,924] - logger.py] - INFO: ---调用入金设置交易金额接口开始---
[2018-01-25 18:43:34,293] - logger.py] - INFO: ---调用入金设置交易金额接口结束---
[2018-01-25 18:43:34,302] - logger.py] - INFO: ---下一步输入交易密码开始---
[2018-01-25 18:43:53,023] - logger.py] - INFO: 开始登录
[2018-01-25 18:43:53,141] - logger.py] - INFO: -----调用资金划拨卡片查询接口开始-----
[2018-01-25 18:43:53,213] - logger.py] - INFO: -----调用资金划拨卡片查询接口结束，获取绑卡id----
[2018-01-25 18:43:53,214] - logger.py] - INFO: ---调用入金设置交易金额接口开始---
[2018-01-25 18:43:55,246] - logger.py] - INFO: ---调用入金设置交易金额接口结束---
[2018-01-25 18:43:55,247] - logger.py] - INFO: ---下一步输入交易密码开始---
[2018-01-25 18:43:57,334] - logger.py] - INFO: ---入金成功返回结果---
[2018-01-25 18:53:43,911] - logger.py] - INFO: 开始登录
[2018-01-25 18:53:44,020] - logger.py] - INFO: -----调用资金划拨卡片查询接口开始-----
[2018-01-25 18:53:44,108] - logger.py] - INFO: -----调用资金划拨卡片查询接口结束，获取绑卡id----
[2018-01-25 18:53:44,118] - logger.py] - INFO: ---调用入金设置交易金额接口开始---
[2018-01-25 18:53:49,605] - logger.py] - INFO: ---调用入金设置交易金额接口结束---
[2018-01-25 18:53:49,611] - logger.py] - INFO: ---下一步输入交易密码开始---
[2018-01-25 18:53:52,092] - logger.py] - INFO: ---入金成功返回结果---
[2018-01-25 18:55:14,946] - logger.py] - INFO: 开始登录
[2018-01-25 18:55:15,062] - logger.py] - INFO: -----调用资金划拨卡片查询接口开始-----
[2018-01-25 18:55:15,155] - logger.py] - INFO: -----调用资金划拨卡片查询接口结束，获取绑卡id----
[2018-01-25 18:55:15,164] - logger.py] - INFO: ---调用入金设置交易金额接口开始---
[2018-01-25 18:55:17,273] - logger.py] - INFO: ---调用入金设置交易金额接口结束---
[2018-01-25 18:55:17,282] - logger.py] - INFO: ---下一步输入交易密码开始---
[2018-01-25 18:55:17,315] - logger.py] - INFO: ---入金成功返回结果---
[2018-01-25 18:56:18,194] - logger.py] - INFO: 开始登录
[2018-01-25 18:56:18,309] - logger.py] - INFO: -----调用资金划拨卡片查询接口开始-----
[2018-01-25 18:56:18,391] - logger.py] - INFO: -----调用资金划拨卡片查询接口结束，获取绑卡id----
[2018-01-25 18:56:18,401] - logger.py] - INFO: ---调用入金设置交易金额接口开始---
[2018-01-25 18:56:20,680] - logger.py] - INFO: ---调用入金设置交易金额接口结束---
[2018-01-25 18:56:20,687] - logger.py] - INFO: ---下一步输入交易密码开始---
[2018-01-25 18:56:22,974] - logger.py] - INFO: ---入金成功返回结果---
